{"D:\\2022\\Web-Developing\\1FRONTEND\\Job\\store\\stroyroom_frontend_marketplace\\src\\App.js": {"path":"D:\\2022\\Web-Developing\\1FRONTEND\\Job\\store\\stroyroom_frontend_marketplace\\src\\App.js","statementMap":{"0":{"start":{"line":22,"column":12},"end":{"line":62,"column":2}},"1":{"start":{"line":23,"column":45},"end":{"line":23,"column":73}},"2":{"start":{"line":24,"column":2},"end":{"line":34,"column":3}},"3":{"start":{"line":26,"column":4},"end":{"line":26,"column":23}},"4":{"start":{"line":28,"column":4},"end":{"line":33,"column":5}},"5":{"start":{"line":31,"column":22},"end":{"line":31,"column":30}},"6":{"start":{"line":32,"column":6},"end":{"line":32,"column":65}},"7":{"start":{"line":36,"column":2},"end":{"line":61,"column":4}}},"fnMap":{"0":{"name":"(anonymous_0)","decl":{"start":{"line":22,"column":21},"end":{"line":22,"column":22}},"loc":{"start":{"line":22,"column":27},"end":{"line":62,"column":1}},"line":22}},"branchMap":{"0":{"loc":{"start":{"line":24,"column":2},"end":{"line":34,"column":3}},"type":"if","locations":[{"start":{"line":24,"column":2},"end":{"line":34,"column":3}},{"start":{"line":27,"column":8},"end":{"line":34,"column":3}}],"line":24},"1":{"loc":{"start":{"line":28,"column":4},"end":{"line":33,"column":5}},"type":"if","locations":[{"start":{"line":28,"column":4},"end":{"line":33,"column":5}},{"start":{"line":30,"column":9},"end":{"line":33,"column":5}}],"line":28},"2":{"loc":{"start":{"line":37,"column":21},"end":{"line":37,"column":78}},"type":"cond-expr","locations":[{"start":{"line":37,"column":54},"end":{"line":37,"column":70}},{"start":{"line":37,"column":73},"end":{"line":37,"column":78}}],"line":37},"3":{"loc":{"start":{"line":59,"column":9},"end":{"line":59,"column":50}},"type":"cond-expr","locations":[{"start":{"line":59,"column":31},"end":{"line":59,"column":43}},{"start":{"line":59,"column":45},"end":{"line":59,"column":50}}],"line":59}},"s":{"0":0,"1":0,"2":0,"3":0,"4":0,"5":0,"6":0,"7":0},"f":{"0":0},"b":{"0":[0,0],"1":[0,0],"2":[0,0],"3":[0,0]}}
,"D:\\2022\\Web-Developing\\1FRONTEND\\Job\\store\\stroyroom_frontend_marketplace\\src\\index.js": {"path":"D:\\2022\\Web-Developing\\1FRONTEND\\Job\\store\\stroyroom_frontend_marketplace\\src\\index.js","statementMap":{"0":{"start":{"line":9,"column":0},"end":{"line":14,"column":2}},"1":{"start":{"line":18,"column":0},"end":{"line":18,"column":18}}},"fnMap":{},"branchMap":{},"s":{"0":0,"1":0},"f":{},"b":{}}
,"D:\\2022\\Web-Developing\\1FRONTEND\\Job\\store\\stroyroom_frontend_marketplace\\src\\reportWebVitals.js": {"path":"D:\\2022\\Web-Developing\\1FRONTEND\\Job\\store\\stroyroom_frontend_marketplace\\src\\reportWebVitals.js","statementMap":{"0":{"start":{"line":1,"column":24},"end":{"line":11,"column":1}},"1":{"start":{"line":2,"column":2},"end":{"line":10,"column":3}},"2":{"start":{"line":3,"column":4},"end":{"line":9,"column":7}},"3":{"start":{"line":4,"column":6},"end":{"line":4,"column":26}},"4":{"start":{"line":5,"column":6},"end":{"line":5,"column":26}},"5":{"start":{"line":6,"column":6},"end":{"line":6,"column":26}},"6":{"start":{"line":7,"column":6},"end":{"line":7,"column":26}},"7":{"start":{"line":8,"column":6},"end":{"line":8,"column":27}}},"fnMap":{"0":{"name":"(anonymous_0)","decl":{"start":{"line":1,"column":24},"end":{"line":1,"column":25}},"loc":{"start":{"line":1,"column":39},"end":{"line":11,"column":1}},"line":1},"1":{"name":"(anonymous_1)","decl":{"start":{"line":3,"column":30},"end":{"line":3,"column":31}},"loc":{"start":{"line":3,"column":79},"end":{"line":9,"column":5}},"line":3}},"branchMap":{"0":{"loc":{"start":{"line":2,"column":2},"end":{"line":10,"column":3}},"type":"if","locations":[{"start":{"line":2,"column":2},"end":{"line":10,"column":3}},{"start":{},"end":{}}],"line":2},"1":{"loc":{"start":{"line":2,"column":6},"end":{"line":2,"column":52}},"type":"binary-expr","locations":[{"start":{"line":2,"column":6},"end":{"line":2,"column":17}},{"start":{"line":2,"column":21},"end":{"line":2,"column":52}}],"line":2}},"s":{"0":0,"1":0,"2":0,"3":0,"4":0,"5":0,"6":0,"7":0},"f":{"0":0,"1":0},"b":{"0":[0,0],"1":[0,0]}}
,"D:\\2022\\Web-Developing\\1FRONTEND\\Job\\store\\stroyroom_frontend_marketplace\\src\\components\\Header.jsx": {"path":"D:\\2022\\Web-Developing\\1FRONTEND\\Job\\store\\stroyroom_frontend_marketplace\\src\\components\\Header.jsx","statementMap":{"0":{"start":{"line":28,"column":15},"end":{"line":140,"column":2}},"1":{"start":{"line":29,"column":22},"end":{"line":29,"column":74}},"2":{"start":{"line":30,"column":19},"end":{"line":30,"column":32}},"3":{"start":{"line":31,"column":41},"end":{"line":31,"column":53}},"4":{"start":{"line":32,"column":31},"end":{"line":32,"column":43}},"5":{"start":{"line":34,"column":0},"end":{"line":39,"column":5}},"6":{"start":{"line":35,"column":4},"end":{"line":38,"column":10}},"7":{"start":{"line":37,"column":12},"end":{"line":37,"column":37}},"8":{"start":{"line":45,"column":8},"end":{"line":47,"column":47}},"9":{"start":{"line":45,"column":33},"end":{"line":45,"column":39}},"10":{"start":{"line":46,"column":13},"end":{"line":47,"column":47}},"11":{"start":{"line":47,"column":9},"end":{"line":47,"column":47}},"12":{"start":{"line":50,"column":8},"end":{"line":50,"column":31}},"13":{"start":{"line":51,"column":8},"end":{"line":51,"column":27}},"14":{"start":{"line":52,"column":8},"end":{"line":52,"column":25}},"15":{"start":{"line":55,"column":7},"end":{"line":55,"column":35}},"16":{"start":{"line":56,"column":8},"end":{"line":56,"column":25}},"17":{"start":{"line":60,"column":4},"end":{"line":139,"column":6}},"18":{"start":{"line":72,"column":36},"end":{"line":72,"column":107}},"19":{"start":{"line":72,"column":71},"end":{"line":72,"column":87}},"20":{"start":{"line":83,"column":74},"end":{"line":83,"column":87}},"21":{"start":{"line":84,"column":38},"end":{"line":84,"column":67}},"22":{"start":{"line":102,"column":42},"end":{"line":102,"column":55}},"23":{"start":{"line":104,"column":44},"end":{"line":104,"column":79}},"24":{"start":{"line":120,"column":46},"end":{"line":120,"column":63}},"25":{"start":{"line":121,"column":46},"end":{"line":121,"column":70}},"26":{"start":{"line":126,"column":84},"end":{"line":126,"column":101}},"27":{"start":{"line":128,"column":61},"end":{"line":128,"column":80}},"28":{"start":{"line":129,"column":60},"end":{"line":129,"column":87}}},"fnMap":{"0":{"name":"(anonymous_0)","decl":{"start":{"line":28,"column":24},"end":{"line":28,"column":25}},"loc":{"start":{"line":28,"column":30},"end":{"line":140,"column":1}},"line":28},"1":{"name":"(anonymous_1)","decl":{"start":{"line":34,"column":10},"end":{"line":34,"column":11}},"loc":{"start":{"line":34,"column":14},"end":{"line":39,"column":1}},"line":34},"2":{"name":"(anonymous_2)","decl":{"start":{"line":36,"column":14},"end":{"line":36,"column":15}},"loc":{"start":{"line":36,"column":26},"end":{"line":38,"column":9}},"line":36},"3":{"name":"goToSearch","decl":{"start":{"line":44,"column":14},"end":{"line":44,"column":24}},"loc":{"start":{"line":44,"column":27},"end":{"line":48,"column":6}},"line":44},"4":{"name":"unAuthUser","decl":{"start":{"line":49,"column":19},"end":{"line":49,"column":29}},"loc":{"start":{"line":49,"column":31},"end":{"line":53,"column":5}},"line":49},"5":{"name":"changeCity","decl":{"start":{"line":54,"column":19},"end":{"line":54,"column":29}},"loc":{"start":{"line":54,"column":35},"end":{"line":57,"column":5}},"line":54},"6":{"name":"(anonymous_6)","decl":{"start":{"line":71,"column":45},"end":{"line":71,"column":46}},"loc":{"start":{"line":72,"column":36},"end":{"line":72,"column":107}},"line":72},"7":{"name":"(anonymous_7)","decl":{"start":{"line":72,"column":66},"end":{"line":72,"column":67}},"loc":{"start":{"line":72,"column":70},"end":{"line":72,"column":88}},"line":72},"8":{"name":"(anonymous_8)","decl":{"start":{"line":83,"column":69},"end":{"line":83,"column":70}},"loc":{"start":{"line":83,"column":73},"end":{"line":83,"column":88}},"line":83},"9":{"name":"(anonymous_9)","decl":{"start":{"line":84,"column":33},"end":{"line":84,"column":34}},"loc":{"start":{"line":84,"column":37},"end":{"line":84,"column":68}},"line":84},"10":{"name":"(anonymous_10)","decl":{"start":{"line":102,"column":36},"end":{"line":102,"column":37}},"loc":{"start":{"line":102,"column":41},"end":{"line":102,"column":56}},"line":102},"11":{"name":"(anonymous_11)","decl":{"start":{"line":104,"column":34},"end":{"line":104,"column":35}},"loc":{"start":{"line":104,"column":43},"end":{"line":104,"column":80}},"line":104},"12":{"name":"(anonymous_12)","decl":{"start":{"line":120,"column":41},"end":{"line":120,"column":42}},"loc":{"start":{"line":120,"column":45},"end":{"line":120,"column":64}},"line":120},"13":{"name":"(anonymous_13)","decl":{"start":{"line":121,"column":41},"end":{"line":121,"column":42}},"loc":{"start":{"line":121,"column":45},"end":{"line":121,"column":71}},"line":121},"14":{"name":"(anonymous_14)","decl":{"start":{"line":126,"column":79},"end":{"line":126,"column":80}},"loc":{"start":{"line":126,"column":83},"end":{"line":126,"column":102}},"line":126},"15":{"name":"(anonymous_15)","decl":{"start":{"line":128,"column":56},"end":{"line":128,"column":57}},"loc":{"start":{"line":128,"column":60},"end":{"line":128,"column":81}},"line":128},"16":{"name":"(anonymous_16)","decl":{"start":{"line":129,"column":56},"end":{"line":129,"column":57}},"loc":{"start":{"line":129,"column":60},"end":{"line":129,"column":87}},"line":129}},"branchMap":{"0":{"loc":{"start":{"line":45,"column":8},"end":{"line":47,"column":47}},"type":"if","locations":[{"start":{"line":45,"column":8},"end":{"line":47,"column":47}},{"start":{"line":46,"column":13},"end":{"line":47,"column":47}}],"line":45},"1":{"loc":{"start":{"line":46,"column":13},"end":{"line":47,"column":47}},"type":"if","locations":[{"start":{"line":46,"column":13},"end":{"line":47,"column":47}},{"start":{},"end":{}}],"line":46},"2":{"loc":{"start":{"line":46,"column":17},"end":{"line":46,"column":86}},"type":"binary-expr","locations":[{"start":{"line":46,"column":18},"end":{"line":46,"column":55}},{"start":{"line":46,"column":60},"end":{"line":46,"column":86}}],"line":46},"3":{"loc":{"start":{"line":46,"column":25},"end":{"line":46,"column":55}},"type":"binary-expr","locations":[{"start":{"line":46,"column":25},"end":{"line":46,"column":35}},{"start":{"line":46,"column":39},"end":{"line":46,"column":55}}],"line":46},"4":{"loc":{"start":{"line":86,"column":13},"end":{"line":87,"column":39}},"type":"binary-expr","locations":[{"start":{"line":86,"column":13},"end":{"line":86,"column":27}},{"start":{"line":87,"column":16},"end":{"line":87,"column":39}}],"line":86},"5":{"loc":{"start":{"line":117,"column":26},"end":{"line":122,"column":26}},"type":"binary-expr","locations":[{"start":{"line":117,"column":26},"end":{"line":117,"column":65}},{"start":{"line":118,"column":20},"end":{"line":122,"column":26}}],"line":117},"6":{"loc":{"start":{"line":117,"column":46},"end":{"line":117,"column":64}},"type":"binary-expr","locations":[{"start":{"line":117,"column":46},"end":{"line":117,"column":51}},{"start":{"line":117,"column":55},"end":{"line":117,"column":64}}],"line":117},"7":{"loc":{"start":{"line":124,"column":22},"end":{"line":132,"column":30}},"type":"binary-expr","locations":[{"start":{"line":124,"column":22},"end":{"line":124,"column":47}},{"start":{"line":125,"column":24},"end":{"line":132,"column":30}}],"line":124}},"s":{"0":0,"1":0,"2":0,"3":0,"4":0,"5":0,"6":0,"7":0,"8":0,"9":0,"10":0,"11":0,"12":0,"13":0,"14":0,"15":0,"16":0,"17":0,"18":0,"19":0,"20":0,"21":0,"22":0,"23":0,"24":0,"25":0,"26":0,"27":0,"28":0},"f":{"0":0,"1":0,"2":0,"3":0,"4":0,"5":0,"6":0,"7":0,"8":0,"9":0,"10":0,"11":0,"12":0,"13":0,"14":0,"15":0,"16":0},"b":{"0":[0,0],"1":[0,0],"2":[0,0],"3":[0,0],"4":[0,0],"5":[0,0],"6":[0,0],"7":[0,0]}}
,"D:\\2022\\Web-Developing\\1FRONTEND\\Job\\store\\stroyroom_frontend_marketplace\\src\\components\\AuthModal\\AuthModal.jsx": {"path":"D:\\2022\\Web-Developing\\1FRONTEND\\Job\\store\\stroyroom_frontend_marketplace\\src\\components\\AuthModal\\AuthModal.jsx","statementMap":{"0":{"start":{"line":12,"column":18},"end":{"line":133,"column":2}},"1":{"start":{"line":13,"column":47},"end":{"line":13,"column":95}},"2":{"start":{"line":14,"column":40},"end":{"line":14,"column":52}},"3":{"start":{"line":15,"column":36},"end":{"line":15,"column":48}},"4":{"start":{"line":16,"column":48},"end":{"line":16,"column":59}},"5":{"start":{"line":17,"column":48},"end":{"line":17,"column":63}},"6":{"start":{"line":19,"column":19},"end":{"line":19,"column":32}},"7":{"start":{"line":22,"column":8},"end":{"line":73,"column":18}},"8":{"start":{"line":27,"column":20},"end":{"line":30,"column":54}},"9":{"start":{"line":33,"column":20},"end":{"line":33,"column":47}},"10":{"start":{"line":41,"column":20},"end":{"line":48,"column":21}},"11":{"start":{"line":42,"column":24},"end":{"line":42,"column":94}},"12":{"start":{"line":43,"column":24},"end":{"line":43,"column":95}},"13":{"start":{"line":44,"column":24},"end":{"line":44,"column":80}},"14":{"start":{"line":45,"column":24},"end":{"line":45,"column":63}},"15":{"start":{"line":54,"column":20},"end":{"line":72,"column":22}},"16":{"start":{"line":60,"column":24},"end":{"line":71,"column":26}},"17":{"start":{"line":68,"column":28},"end":{"line":68,"column":47}},"18":{"start":{"line":69,"column":28},"end":{"line":69,"column":53}},"19":{"start":{"line":70,"column":28},"end":{"line":70,"column":39}},"20":{"start":{"line":76,"column":25},"end":{"line":89,"column":5}},"21":{"start":{"line":77,"column":21},"end":{"line":77,"column":40}},"22":{"start":{"line":78,"column":8},"end":{"line":86,"column":9}},"23":{"start":{"line":79,"column":12},"end":{"line":79,"column":35}},"24":{"start":{"line":80,"column":12},"end":{"line":80,"column":36}},"25":{"start":{"line":83,"column":12},"end":{"line":83,"column":31}},"26":{"start":{"line":84,"column":12},"end":{"line":84,"column":35}},"27":{"start":{"line":85,"column":12},"end":{"line":85,"column":36}},"28":{"start":{"line":88,"column":8},"end":{"line":88,"column":32}},"29":{"start":{"line":91,"column":8},"end":{"line":91,"column":26}},"30":{"start":{"line":92,"column":8},"end":{"line":92,"column":24}},"31":{"start":{"line":93,"column":8},"end":{"line":93,"column":29}},"32":{"start":{"line":96,"column":8},"end":{"line":96,"column":31}},"33":{"start":{"line":97,"column":8},"end":{"line":97,"column":25}},"34":{"start":{"line":100,"column":4},"end":{"line":132,"column":6}},"35":{"start":{"line":101,"column":59},"end":{"line":101,"column":84}},"36":{"start":{"line":110,"column":114},"end":{"line":110,"column":148}},"37":{"start":{"line":116,"column":32},"end":{"line":116,"column":64}},"38":{"start":{"line":123,"column":62},"end":{"line":123,"column":87}}},"fnMap":{"0":{"name":"(anonymous_0)","decl":{"start":{"line":12,"column":27},"end":{"line":12,"column":28}},"loc":{"start":{"line":12,"column":33},"end":{"line":133,"column":1}},"line":12},"1":{"name":"onSubmitLoginForm","decl":{"start":{"line":21,"column":13},"end":{"line":21,"column":30}},"loc":{"start":{"line":21,"column":32},"end":{"line":74,"column":5}},"line":21},"2":{"name":"(anonymous_2)","decl":{"start":{"line":26,"column":22},"end":{"line":26,"column":23}},"loc":{"start":{"line":26,"column":34},"end":{"line":31,"column":17}},"line":26},"3":{"name":"(anonymous_3)","decl":{"start":{"line":32,"column":23},"end":{"line":32,"column":24}},"loc":{"start":{"line":32,"column":32},"end":{"line":34,"column":17}},"line":32},"4":{"name":"(anonymous_4)","decl":{"start":{"line":40,"column":22},"end":{"line":40,"column":23}},"loc":{"start":{"line":40,"column":34},"end":{"line":49,"column":17}},"line":40},"5":{"name":"(anonymous_5)","decl":{"start":{"line":50,"column":23},"end":{"line":50,"column":24}},"loc":{"start":{"line":50,"column":32},"end":{"line":52,"column":17}},"line":50},"6":{"name":"(anonymous_6)","decl":{"start":{"line":53,"column":22},"end":{"line":53,"column":23}},"loc":{"start":{"line":53,"column":26},"end":{"line":73,"column":17}},"line":53},"7":{"name":"(anonymous_7)","decl":{"start":{"line":59,"column":26},"end":{"line":59,"column":27}},"loc":{"start":{"line":59,"column":38},"end":{"line":72,"column":21}},"line":59},"8":{"name":"(anonymous_8)","decl":{"start":{"line":67,"column":30},"end":{"line":67,"column":31}},"loc":{"start":{"line":67,"column":34},"end":{"line":71,"column":25}},"line":67},"9":{"name":"(anonymous_9)","decl":{"start":{"line":76,"column":25},"end":{"line":76,"column":26}},"loc":{"start":{"line":76,"column":36},"end":{"line":89,"column":5}},"line":76},"10":{"name":"resetLoginForm","decl":{"start":{"line":90,"column":13},"end":{"line":90,"column":27}},"loc":{"start":{"line":90,"column":29},"end":{"line":94,"column":5}},"line":90},"11":{"name":"unAuthUser","decl":{"start":{"line":95,"column":19},"end":{"line":95,"column":29}},"loc":{"start":{"line":95,"column":31},"end":{"line":98,"column":5}},"line":95},"12":{"name":"(anonymous_12)","decl":{"start":{"line":101,"column":54},"end":{"line":101,"column":55}},"loc":{"start":{"line":101,"column":58},"end":{"line":101,"column":85}},"line":101},"13":{"name":"(anonymous_13)","decl":{"start":{"line":110,"column":104},"end":{"line":110,"column":105}},"loc":{"start":{"line":110,"column":113},"end":{"line":110,"column":149}},"line":110},"14":{"name":"(anonymous_14)","decl":{"start":{"line":115,"column":68},"end":{"line":115,"column":69}},"loc":{"start":{"line":115,"column":79},"end":{"line":117,"column":29}},"line":115},"15":{"name":"(anonymous_15)","decl":{"start":{"line":123,"column":57},"end":{"line":123,"column":58}},"loc":{"start":{"line":123,"column":61},"end":{"line":123,"column":88}},"line":123}},"branchMap":{"0":{"loc":{"start":{"line":22,"column":8},"end":{"line":73,"column":18}},"type":"cond-expr","locations":[{"start":{"line":23,"column":12},"end":{"line":34,"column":18}},{"start":{"line":36,"column":12},"end":{"line":73,"column":18}}],"line":22},"1":{"loc":{"start":{"line":27,"column":20},"end":{"line":30,"column":54}},"type":"cond-expr","locations":[{"start":{"line":28,"column":24},"end":{"line":28,"column":45}},{"start":{"line":30,"column":24},"end":{"line":30,"column":54}}],"line":27},"2":{"loc":{"start":{"line":41,"column":20},"end":{"line":48,"column":21}},"type":"if","locations":[{"start":{"line":41,"column":20},"end":{"line":48,"column":21}},{"start":{},"end":{}}],"line":41},"3":{"loc":{"start":{"line":57,"column":41},"end":{"line":57,"column":103}},"type":"cond-expr","locations":[{"start":{"line":57,"column":64},"end":{"line":57,"column":96}},{"start":{"line":57,"column":99},"end":{"line":57,"column":103}}],"line":57},"4":{"loc":{"start":{"line":64,"column":45},"end":{"line":64,"column":107}},"type":"cond-expr","locations":[{"start":{"line":64,"column":68},"end":{"line":64,"column":100}},{"start":{"line":64,"column":103},"end":{"line":64,"column":107}}],"line":64},"5":{"loc":{"start":{"line":78,"column":8},"end":{"line":86,"column":9}},"type":"if","locations":[{"start":{"line":78,"column":8},"end":{"line":86,"column":9}},{"start":{"line":82,"column":12},"end":{"line":86,"column":9}}],"line":78},"6":{"loc":{"start":{"line":112,"column":21},"end":{"line":118,"column":37}},"type":"binary-expr","locations":[{"start":{"line":112,"column":21},"end":{"line":112,"column":42}},{"start":{"line":113,"column":24},"end":{"line":118,"column":37}}],"line":112}},"s":{"0":0,"1":0,"2":0,"3":0,"4":0,"5":0,"6":0,"7":0,"8":0,"9":0,"10":0,"11":0,"12":0,"13":0,"14":0,"15":0,"16":0,"17":0,"18":0,"19":0,"20":0,"21":0,"22":0,"23":0,"24":0,"25":0,"26":0,"27":0,"28":0,"29":0,"30":0,"31":0,"32":0,"33":0,"34":0,"35":0,"36":0,"37":0,"38":0},"f":{"0":0,"1":0,"2":0,"3":0,"4":0,"5":0,"6":0,"7":0,"8":0,"9":0,"10":0,"11":0,"12":0,"13":0,"14":0,"15":0},"b":{"0":[0,0],"1":[0,0],"2":[0,0],"3":[0,0],"4":[0,0],"5":[0,0],"6":[0,0]}}
,"D:\\2022\\Web-Developing\\1FRONTEND\\Job\\store\\stroyroom_frontend_marketplace\\src\\components\\DeliveryMap\\DeliveryMap.jsx": {"path":"D:\\2022\\Web-Developing\\1FRONTEND\\Job\\store\\stroyroom_frontend_marketplace\\src\\components\\DeliveryMap\\DeliveryMap.jsx","statementMap":{"0":{"start":{"line":12,"column":0},"end":{"line":12,"column":92}},"1":{"start":{"line":13,"column":0},"end":{"line":13,"column":114}},"2":{"start":{"line":15,"column":20},"end":{"line":104,"column":1}},"3":{"start":{"line":16,"column":30},"end":{"line":16,"column":130}},"4":{"start":{"line":17,"column":46},"end":{"line":17,"column":60}},"5":{"start":{"line":18,"column":38},"end":{"line":18,"column":52}},"6":{"start":{"line":19,"column":4},"end":{"line":22,"column":22}},"7":{"start":{"line":20,"column":8},"end":{"line":20,"column":42}},"8":{"start":{"line":20,"column":36},"end":{"line":20,"column":42}},"9":{"start":{"line":25,"column":8},"end":{"line":25,"column":77}},"10":{"start":{"line":27,"column":7},"end":{"line":35,"column":14}},"11":{"start":{"line":29,"column":16},"end":{"line":29,"column":110}},"12":{"start":{"line":29,"column":47},"end":{"line":29,"column":108}},"13":{"start":{"line":30,"column":16},"end":{"line":30,"column":65}},"14":{"start":{"line":33,"column":17},"end":{"line":33,"column":35}},"15":{"start":{"line":34,"column":16},"end":{"line":34,"column":110}},"16":{"start":{"line":39,"column":8},"end":{"line":39,"column":85}},"17":{"start":{"line":40,"column":8},"end":{"line":42,"column":23}},"18":{"start":{"line":44,"column":7},"end":{"line":52,"column":14}},"19":{"start":{"line":46,"column":16},"end":{"line":46,"column":110}},"20":{"start":{"line":46,"column":47},"end":{"line":46,"column":108}},"21":{"start":{"line":47,"column":16},"end":{"line":47,"column":65}},"22":{"start":{"line":50,"column":17},"end":{"line":50,"column":35}},"23":{"start":{"line":51,"column":16},"end":{"line":51,"column":118}},"24":{"start":{"line":54,"column":4},"end":{"line":68,"column":10}},"25":{"start":{"line":55,"column":25},"end":{"line":63,"column":14}},"26":{"start":{"line":64,"column":12},"end":{"line":64,"column":40}},"27":{"start":{"line":65,"column":12},"end":{"line":67,"column":15}},"28":{"start":{"line":66,"column":12},"end":{"line":66,"column":47}},"29":{"start":{"line":69,"column":38},"end":{"line":73,"column":8}},"30":{"start":{"line":75,"column":4},"end":{"line":103,"column":6}},"31":{"start":{"line":80,"column":27},"end":{"line":80,"column":41}},"32":{"start":{"line":85,"column":27},"end":{"line":85,"column":54}},"33":{"start":{"line":90,"column":38},"end":{"line":90,"column":57}}},"fnMap":{"0":{"name":"(anonymous_0)","decl":{"start":{"line":15,"column":20},"end":{"line":15,"column":21}},"loc":{"start":{"line":15,"column":31},"end":{"line":104,"column":1}},"line":15},"1":{"name":"(anonymous_1)","decl":{"start":{"line":19,"column":14},"end":{"line":19,"column":15}},"loc":{"start":{"line":19,"column":18},"end":{"line":22,"column":5}},"line":19},"2":{"name":"selectCoord","decl":{"start":{"line":24,"column":19},"end":{"line":24,"column":30}},"loc":{"start":{"line":24,"column":34},"end":{"line":36,"column":5}},"line":24},"3":{"name":"(anonymous_3)","decl":{"start":{"line":28,"column":18},"end":{"line":28,"column":19}},"loc":{"start":{"line":28,"column":30},"end":{"line":31,"column":13}},"line":28},"4":{"name":"(anonymous_4)","decl":{"start":{"line":29,"column":33},"end":{"line":29,"column":34}},"loc":{"start":{"line":29,"column":47},"end":{"line":29,"column":108}},"line":29},"5":{"name":"(anonymous_5)","decl":{"start":{"line":32,"column":21},"end":{"line":32,"column":22}},"loc":{"start":{"line":32,"column":25},"end":{"line":35,"column":13}},"line":32},"6":{"name":"searchCoord","decl":{"start":{"line":38,"column":19},"end":{"line":38,"column":30}},"loc":{"start":{"line":38,"column":34},"end":{"line":53,"column":5}},"line":38},"7":{"name":"(anonymous_7)","decl":{"start":{"line":45,"column":18},"end":{"line":45,"column":19}},"loc":{"start":{"line":45,"column":30},"end":{"line":48,"column":13}},"line":45},"8":{"name":"(anonymous_8)","decl":{"start":{"line":46,"column":33},"end":{"line":46,"column":34}},"loc":{"start":{"line":46,"column":47},"end":{"line":46,"column":108}},"line":46},"9":{"name":"(anonymous_9)","decl":{"start":{"line":49,"column":21},"end":{"line":49,"column":22}},"loc":{"start":{"line":49,"column":25},"end":{"line":52,"column":13}},"line":49},"10":{"name":"(anonymous_10)","decl":{"start":{"line":54,"column":14},"end":{"line":54,"column":15}},"loc":{"start":{"line":54,"column":20},"end":{"line":68,"column":5}},"line":54},"11":{"name":"(anonymous_11)","decl":{"start":{"line":65,"column":34},"end":{"line":65,"column":35}},"loc":{"start":{"line":65,"column":45},"end":{"line":67,"column":13}},"line":65},"12":{"name":"(anonymous_12)","decl":{"start":{"line":80,"column":21},"end":{"line":80,"column":22}},"loc":{"start":{"line":80,"column":26},"end":{"line":80,"column":42}},"line":80},"13":{"name":"(anonymous_13)","decl":{"start":{"line":85,"column":20},"end":{"line":85,"column":21}},"loc":{"start":{"line":85,"column":27},"end":{"line":85,"column":54}},"line":85},"14":{"name":"(anonymous_14)","decl":{"start":{"line":90,"column":32},"end":{"line":90,"column":33}},"loc":{"start":{"line":90,"column":38},"end":{"line":90,"column":57}},"line":90}},"branchMap":{"0":{"loc":{"start":{"line":20,"column":8},"end":{"line":20,"column":42}},"type":"if","locations":[{"start":{"line":20,"column":8},"end":{"line":20,"column":42}},{"start":{},"end":{}}],"line":20},"1":{"loc":{"start":{"line":87,"column":13},"end":{"line":92,"column":25}},"type":"binary-expr","locations":[{"start":{"line":87,"column":13},"end":{"line":87,"column":22}},{"start":{"line":87,"column":26},"end":{"line":87,"column":48}},{"start":{"line":88,"column":16},"end":{"line":92,"column":24}}],"line":87},"2":{"loc":{"start":{"line":93,"column":13},"end":{"line":96,"column":23}},"type":"binary-expr","locations":[{"start":{"line":93,"column":13},"end":{"line":93,"column":35}},{"start":{"line":94,"column":14},"end":{"line":96,"column":23}}],"line":93}},"s":{"0":0,"1":0,"2":0,"3":0,"4":0,"5":0,"6":0,"7":0,"8":0,"9":0,"10":0,"11":0,"12":0,"13":0,"14":0,"15":0,"16":0,"17":0,"18":0,"19":0,"20":0,"21":0,"22":0,"23":0,"24":0,"25":0,"26":0,"27":0,"28":0,"29":0,"30":0,"31":0,"32":0,"33":0},"f":{"0":0,"1":0,"2":0,"3":0,"4":0,"5":0,"6":0,"7":0,"8":0,"9":0,"10":0,"11":0,"12":0,"13":0,"14":0},"b":{"0":[0,0],"1":[0,0,0],"2":[0,0]}}
,"D:\\2022\\Web-Developing\\1FRONTEND\\Job\\store\\stroyroom_frontend_marketplace\\src\\components\\ItemProperty\\ItemProperty.jsx": {"path":"D:\\2022\\Web-Developing\\1FRONTEND\\Job\\store\\stroyroom_frontend_marketplace\\src\\components\\ItemProperty\\ItemProperty.jsx","statementMap":{"0":{"start":{"line":7,"column":21},"end":{"line":41,"column":1}},"1":{"start":{"line":8,"column":21},"end":{"line":8,"column":32}},"2":{"start":{"line":9,"column":42},"end":{"line":9,"column":54}},"3":{"start":{"line":10,"column":36},"end":{"line":10,"column":50}},"4":{"start":{"line":13,"column":4},"end":{"line":15,"column":23}},"5":{"start":{"line":14,"column":8},"end":{"line":14,"column":17}},"6":{"start":{"line":20,"column":8},"end":{"line":26,"column":14}},"7":{"start":{"line":22,"column":16},"end":{"line":22,"column":46}},"8":{"start":{"line":25,"column":16},"end":{"line":25,"column":35}},"9":{"start":{"line":28,"column":4},"end":{"line":40,"column":6}},"10":{"start":{"line":34,"column":12},"end":{"line":36,"column":18}}},"fnMap":{"0":{"name":"(anonymous_0)","decl":{"start":{"line":7,"column":21},"end":{"line":7,"column":22}},"loc":{"start":{"line":7,"column":37},"end":{"line":41,"column":1}},"line":7},"1":{"name":"(anonymous_1)","decl":{"start":{"line":13,"column":14},"end":{"line":13,"column":15}},"loc":{"start":{"line":13,"column":18},"end":{"line":15,"column":5}},"line":13},"2":{"name":"getData","decl":{"start":{"line":18,"column":19},"end":{"line":18,"column":26}},"loc":{"start":{"line":18,"column":28},"end":{"line":27,"column":5}},"line":18},"3":{"name":"(anonymous_3)","decl":{"start":{"line":21,"column":18},"end":{"line":21,"column":19}},"loc":{"start":{"line":21,"column":30},"end":{"line":23,"column":13}},"line":21},"4":{"name":"(anonymous_4)","decl":{"start":{"line":24,"column":21},"end":{"line":24,"column":22}},"loc":{"start":{"line":24,"column":25},"end":{"line":26,"column":13}},"line":24},"5":{"name":"(anonymous_5)","decl":{"start":{"line":33,"column":26},"end":{"line":33,"column":27}},"loc":{"start":{"line":34,"column":12},"end":{"line":36,"column":18}},"line":34}},"branchMap":{"0":{"loc":{"start":{"line":30,"column":4},"end":{"line":38,"column":11}},"type":"binary-expr","locations":[{"start":{"line":30,"column":4},"end":{"line":30,"column":14}},{"start":{"line":31,"column":4},"end":{"line":38,"column":11}}],"line":30}},"s":{"0":0,"1":0,"2":0,"3":0,"4":0,"5":0,"6":0,"7":0,"8":0,"9":0,"10":0},"f":{"0":0,"1":0,"2":0,"3":0,"4":0,"5":0},"b":{"0":[0,0]}}
,"D:\\2022\\Web-Developing\\1FRONTEND\\Job\\store\\stroyroom_frontend_marketplace\\src\\components\\OrderMap\\OrderMap.jsx": {"path":"D:\\2022\\Web-Developing\\1FRONTEND\\Job\\store\\stroyroom_frontend_marketplace\\src\\components\\OrderMap\\OrderMap.jsx","statementMap":{"0":{"start":{"line":6,"column":17},"end":{"line":53,"column":1}},"1":{"start":{"line":7,"column":4},"end":{"line":52,"column":6}}},"fnMap":{"0":{"name":"(anonymous_0)","decl":{"start":{"line":6,"column":17},"end":{"line":6,"column":18}},"loc":{"start":{"line":6,"column":28},"end":{"line":53,"column":1}},"line":6}},"branchMap":{"0":{"loc":{"start":{"line":14,"column":21},"end":{"line":40,"column":30}},"type":"binary-expr","locations":[{"start":{"line":14,"column":21},"end":{"line":14,"column":36}},{"start":{"line":15,"column":24},"end":{"line":40,"column":30}}],"line":14}},"s":{"0":0,"1":0},"f":{"0":0},"b":{"0":[0,0]}}
,"D:\\2022\\Web-Developing\\1FRONTEND\\Job\\store\\stroyroom_frontend_marketplace\\src\\components\\Sidebar\\Sidebar.jsx": {"path":"D:\\2022\\Web-Developing\\1FRONTEND\\Job\\store\\stroyroom_frontend_marketplace\\src\\components\\Sidebar\\Sidebar.jsx","statementMap":{"0":{"start":{"line":11,"column":16},"end":{"line":48,"column":2}},"1":{"start":{"line":12,"column":19},"end":{"line":12,"column":32}},"2":{"start":{"line":13,"column":48},"end":{"line":13,"column":60}},"3":{"start":{"line":15,"column":4},"end":{"line":28,"column":11}},"4":{"start":{"line":16,"column":8},"end":{"line":25,"column":14}},"5":{"start":{"line":18,"column":33},"end":{"line":23,"column":18}},"6":{"start":{"line":19,"column":20},"end":{"line":22,"column":21}},"7":{"start":{"line":24,"column":16},"end":{"line":24,"column":45}},"8":{"start":{"line":26,"column":8},"end":{"line":27,"column":10}},"9":{"start":{"line":32,"column":4},"end":{"line":47,"column":6}},"10":{"start":{"line":39,"column":20},"end":{"line":39,"column":67}},"11":{"start":{"line":40,"column":21},"end":{"line":40,"column":50}}},"fnMap":{"0":{"name":"(anonymous_0)","decl":{"start":{"line":11,"column":25},"end":{"line":11,"column":26}},"loc":{"start":{"line":11,"column":31},"end":{"line":48,"column":1}},"line":11},"1":{"name":"(anonymous_1)","decl":{"start":{"line":15,"column":14},"end":{"line":15,"column":15}},"loc":{"start":{"line":15,"column":20},"end":{"line":28,"column":5}},"line":15},"2":{"name":"(anonymous_2)","decl":{"start":{"line":17,"column":18},"end":{"line":17,"column":19}},"loc":{"start":{"line":17,"column":30},"end":{"line":25,"column":13}},"line":17},"3":{"name":"(anonymous_3)","decl":{"start":{"line":18,"column":51},"end":{"line":18,"column":52}},"loc":{"start":{"line":19,"column":20},"end":{"line":22,"column":21}},"line":19},"4":{"name":"(anonymous_4)","decl":{"start":{"line":26,"column":15},"end":{"line":26,"column":16}},"loc":{"start":{"line":26,"column":21},"end":{"line":27,"column":9}},"line":26},"5":{"name":"(anonymous_5)","decl":{"start":{"line":38,"column":27},"end":{"line":38,"column":28}},"loc":{"start":{"line":38,"column":41},"end":{"line":41,"column":18}},"line":38}},"branchMap":{"0":{"loc":{"start":{"line":33,"column":24},"end":{"line":33,"column":107}},"type":"cond-expr","locations":[{"start":{"line":33,"column":48},"end":{"line":33,"column":75}},{"start":{"line":33,"column":78},"end":{"line":33,"column":107}}],"line":33}},"s":{"0":0,"1":0,"2":0,"3":0,"4":0,"5":0,"6":0,"7":0,"8":0,"9":0,"10":0,"11":0},"f":{"0":0,"1":0,"2":0,"3":0,"4":0,"5":0},"b":{"0":[0,0]}}
,"D:\\2022\\Web-Developing\\1FRONTEND\\Job\\store\\stroyroom_frontend_marketplace\\src\\components\\SuccessOrder\\SuccessOrder.jsx": {"path":"D:\\2022\\Web-Developing\\1FRONTEND\\Job\\store\\stroyroom_frontend_marketplace\\src\\components\\SuccessOrder\\SuccessOrder.jsx","statementMap":{"0":{"start":{"line":7,"column":21},"end":{"line":27,"column":1}},"1":{"start":{"line":8,"column":21},"end":{"line":8,"column":34}},"2":{"start":{"line":10,"column":4},"end":{"line":26,"column":6}},"3":{"start":{"line":19,"column":74},"end":{"line":19,"column":110}},"4":{"start":{"line":19,"column":194},"end":{"line":19,"column":230}},"5":{"start":{"line":23,"column":26},"end":{"line":23,"column":39}}},"fnMap":{"0":{"name":"(anonymous_0)","decl":{"start":{"line":7,"column":21},"end":{"line":7,"column":22}},"loc":{"start":{"line":7,"column":32},"end":{"line":27,"column":1}},"line":7},"1":{"name":"(anonymous_1)","decl":{"start":{"line":19,"column":69},"end":{"line":19,"column":70}},"loc":{"start":{"line":19,"column":73},"end":{"line":19,"column":111}},"line":19},"2":{"name":"(anonymous_2)","decl":{"start":{"line":19,"column":189},"end":{"line":19,"column":190}},"loc":{"start":{"line":19,"column":193},"end":{"line":19,"column":231}},"line":19},"3":{"name":"(anonymous_3)","decl":{"start":{"line":23,"column":21},"end":{"line":23,"column":22}},"loc":{"start":{"line":23,"column":25},"end":{"line":23,"column":40}},"line":23}},"branchMap":{},"s":{"0":0,"1":0,"2":0,"3":0,"4":0,"5":0},"f":{"0":0,"1":0,"2":0,"3":0},"b":{}}
,"D:\\2022\\Web-Developing\\1FRONTEND\\Job\\store\\stroyroom_frontend_marketplace\\src\\components\\UserComponents\\ChangeNameModal.jsx": {"path":"D:\\2022\\Web-Developing\\1FRONTEND\\Job\\store\\stroyroom_frontend_marketplace\\src\\components\\UserComponents\\ChangeNameModal.jsx","statementMap":{"0":{"start":{"line":7,"column":31},"end":{"line":53,"column":1}},"1":{"start":{"line":14,"column":8},"end":{"line":16,"column":6}},"2":{"start":{"line":17,"column":27},"end":{"line":20,"column":5}},"3":{"start":{"line":18,"column":6},"end":{"line":18,"column":27}},"4":{"start":{"line":19,"column":6},"end":{"line":19,"column":34}},"5":{"start":{"line":21,"column":2},"end":{"line":52,"column":3}},"6":{"start":{"line":48,"column":32},"end":{"line":48,"column":60}}},"fnMap":{"0":{"name":"(anonymous_0)","decl":{"start":{"line":7,"column":31},"end":{"line":7,"column":32}},"loc":{"start":{"line":7,"column":66},"end":{"line":53,"column":1}},"line":7},"1":{"name":"(anonymous_1)","decl":{"start":{"line":17,"column":27},"end":{"line":17,"column":28}},"loc":{"start":{"line":17,"column":35},"end":{"line":20,"column":5}},"line":17},"2":{"name":"(anonymous_2)","decl":{"start":{"line":48,"column":28},"end":{"line":48,"column":29}},"loc":{"start":{"line":48,"column":32},"end":{"line":48,"column":60}},"line":48}},"branchMap":{"0":{"loc":{"start":{"line":41,"column":50},"end":{"line":41,"column":119}},"type":"cond-expr","locations":[{"start":{"line":41,"column":71},"end":{"line":41,"column":113}},{"start":{"line":41,"column":114},"end":{"line":41,"column":119}}],"line":41}},"s":{"0":0,"1":0,"2":0,"3":0,"4":0,"5":0,"6":0},"f":{"0":0,"1":0,"2":0},"b":{"0":[0,0]}}
,"D:\\2022\\Web-Developing\\1FRONTEND\\Job\\store\\stroyroom_frontend_marketplace\\src\\components\\UserComponents\\ChangeNumberModal.jsx": {"path":"D:\\2022\\Web-Developing\\1FRONTEND\\Job\\store\\stroyroom_frontend_marketplace\\src\\components\\UserComponents\\ChangeNumberModal.jsx","statementMap":{"0":{"start":{"line":12,"column":33},"end":{"line":107,"column":1}},"1":{"start":{"line":18,"column":10},"end":{"line":20,"column":8}},"2":{"start":{"line":21,"column":49},"end":{"line":21,"column":70}},"3":{"start":{"line":22,"column":50},"end":{"line":22,"column":65}},"4":{"start":{"line":23,"column":27},"end":{"line":54,"column":5}},"5":{"start":{"line":24,"column":8},"end":{"line":52,"column":9}},"6":{"start":{"line":25,"column":12},"end":{"line":30,"column":14}},"7":{"start":{"line":29,"column":16},"end":{"line":29,"column":38}},"8":{"start":{"line":33,"column":12},"end":{"line":51,"column":56}},"9":{"start":{"line":42,"column":16},"end":{"line":42,"column":43}},"10":{"start":{"line":43,"column":16},"end":{"line":43,"column":47}},"11":{"start":{"line":44,"column":16},"end":{"line":44,"column":87}},"12":{"start":{"line":47,"column":16},"end":{"line":49,"column":17}},"13":{"start":{"line":48,"column":20},"end":{"line":48,"column":73}},"14":{"start":{"line":51,"column":25},"end":{"line":51,"column":55}},"15":{"start":{"line":56,"column":2},"end":{"line":106,"column":3}},"16":{"start":{"line":103,"column":28},"end":{"line":103,"column":58}}},"fnMap":{"0":{"name":"(anonymous_0)","decl":{"start":{"line":12,"column":33},"end":{"line":12,"column":34}},"loc":{"start":{"line":12,"column":70},"end":{"line":107,"column":1}},"line":12},"1":{"name":"(anonymous_1)","decl":{"start":{"line":23,"column":27},"end":{"line":23,"column":28}},"loc":{"start":{"line":23,"column":55},"end":{"line":54,"column":5}},"line":23},"2":{"name":"(anonymous_2)","decl":{"start":{"line":28,"column":18},"end":{"line":28,"column":19}},"loc":{"start":{"line":28,"column":30},"end":{"line":30,"column":13}},"line":28},"3":{"name":"(anonymous_3)","decl":{"start":{"line":41,"column":18},"end":{"line":41,"column":19}},"loc":{"start":{"line":41,"column":30},"end":{"line":45,"column":13}},"line":41},"4":{"name":"(anonymous_4)","decl":{"start":{"line":46,"column":19},"end":{"line":46,"column":20}},"loc":{"start":{"line":46,"column":28},"end":{"line":50,"column":13}},"line":46},"5":{"name":"(anonymous_5)","decl":{"start":{"line":51,"column":21},"end":{"line":51,"column":22}},"loc":{"start":{"line":51,"column":25},"end":{"line":51,"column":55}},"line":51},"6":{"name":"(anonymous_6)","decl":{"start":{"line":103,"column":24},"end":{"line":103,"column":25}},"loc":{"start":{"line":103,"column":28},"end":{"line":103,"column":58}},"line":103}},"branchMap":{"0":{"loc":{"start":{"line":24,"column":8},"end":{"line":52,"column":9}},"type":"if","locations":[{"start":{"line":24,"column":8},"end":{"line":52,"column":9}},{"start":{"line":32,"column":13},"end":{"line":52,"column":9}}],"line":24},"1":{"loc":{"start":{"line":38,"column":37},"end":{"line":38,"column":99}},"type":"cond-expr","locations":[{"start":{"line":38,"column":60},"end":{"line":38,"column":92}},{"start":{"line":38,"column":95},"end":{"line":38,"column":99}}],"line":38},"2":{"loc":{"start":{"line":47,"column":16},"end":{"line":49,"column":17}},"type":"if","locations":[{"start":{"line":47,"column":16},"end":{"line":49,"column":17}},{"start":{},"end":{}}],"line":47},"3":{"loc":{"start":{"line":79,"column":21},"end":{"line":94,"column":30}},"type":"cond-expr","locations":[{"start":{"line":80,"column":24},"end":{"line":93,"column":53}},{"start":{"line":94,"column":25},"end":{"line":94,"column":30}}],"line":79},"4":{"loc":{"start":{"line":95,"column":52},"end":{"line":95,"column":188}},"type":"cond-expr","locations":[{"start":{"line":95,"column":74},"end":{"line":95,"column":117}},{"start":{"line":95,"column":119},"end":{"line":95,"column":188}}],"line":95},"5":{"loc":{"start":{"line":95,"column":119},"end":{"line":95,"column":188}},"type":"cond-expr","locations":[{"start":{"line":95,"column":139},"end":{"line":95,"column":180}},{"start":{"line":95,"column":183},"end":{"line":95,"column":188}}],"line":95}},"s":{"0":0,"1":0,"2":0,"3":0,"4":0,"5":0,"6":0,"7":0,"8":0,"9":0,"10":0,"11":0,"12":0,"13":0,"14":0,"15":0,"16":0},"f":{"0":0,"1":0,"2":0,"3":0,"4":0,"5":0,"6":0},"b":{"0":[0,0],"1":[0,0],"2":[0,0],"3":[0,0],"4":[0,0],"5":[0,0]}}
,"D:\\2022\\Web-Developing\\1FRONTEND\\Job\\store\\stroyroom_frontend_marketplace\\src\\hooks\\useDebounce.jsx": {"path":"D:\\2022\\Web-Developing\\1FRONTEND\\Job\\store\\stroyroom_frontend_marketplace\\src\\hooks\\useDebounce.jsx","statementMap":{"0":{"start":{"line":4,"column":48},"end":{"line":4,"column":63}},"1":{"start":{"line":6,"column":4},"end":{"line":16,"column":6}},"2":{"start":{"line":8,"column":28},"end":{"line":10,"column":21}},"3":{"start":{"line":9,"column":16},"end":{"line":9,"column":41}},"4":{"start":{"line":11,"column":12},"end":{"line":13,"column":14}},"5":{"start":{"line":12,"column":16},"end":{"line":12,"column":38}},"6":{"start":{"line":17,"column":4},"end":{"line":17,"column":26}}},"fnMap":{"0":{"name":"useDebounce","decl":{"start":{"line":3,"column":24},"end":{"line":3,"column":35}},"loc":{"start":{"line":3,"column":50},"end":{"line":18,"column":1}},"line":3},"1":{"name":"(anonymous_1)","decl":{"start":{"line":7,"column":8},"end":{"line":7,"column":9}},"loc":{"start":{"line":7,"column":14},"end":{"line":14,"column":9}},"line":7},"2":{"name":"(anonymous_2)","decl":{"start":{"line":8,"column":39},"end":{"line":8,"column":40}},"loc":{"start":{"line":8,"column":45},"end":{"line":10,"column":13}},"line":8},"3":{"name":"(anonymous_3)","decl":{"start":{"line":11,"column":19},"end":{"line":11,"column":20}},"loc":{"start":{"line":11,"column":25},"end":{"line":13,"column":13}},"line":11}},"branchMap":{},"s":{"0":0,"1":0,"2":0,"3":0,"4":0,"5":0,"6":0},"f":{"0":0,"1":0,"2":0,"3":0},"b":{}}
,"D:\\2022\\Web-Developing\\1FRONTEND\\Job\\store\\stroyroom_frontend_marketplace\\src\\plugins\\axios\\api.js": {"path":"D:\\2022\\Web-Developing\\1FRONTEND\\Job\\store\\stroyroom_frontend_marketplace\\src\\plugins\\axios\\api.js","statementMap":{"0":{"start":{"line":5,"column":13},"end":{"line":10,"column":2}},"1":{"start":{"line":11,"column":0},"end":{"line":15,"column":3}},"2":{"start":{"line":12,"column":4},"end":{"line":14,"column":5}}},"fnMap":{"0":{"name":"(anonymous_0)","decl":{"start":{"line":11,"column":41},"end":{"line":11,"column":42}},"loc":{"start":{"line":11,"column":52},"end":{"line":15,"column":1}},"line":11}},"branchMap":{"0":{"loc":{"start":{"line":8,"column":25},"end":{"line":8,"column":87}},"type":"cond-expr","locations":[{"start":{"line":8,"column":48},"end":{"line":8,"column":80}},{"start":{"line":8,"column":83},"end":{"line":8,"column":87}}],"line":8},"1":{"loc":{"start":{"line":12,"column":4},"end":{"line":14,"column":5}},"type":"if","locations":[{"start":{"line":12,"column":4},"end":{"line":14,"column":5}},{"start":{},"end":{}}],"line":12},"2":{"loc":{"start":{"line":12,"column":8},"end":{"line":12,"column":55}},"type":"binary-expr","locations":[{"start":{"line":12,"column":8},"end":{"line":12,"column":22}},{"start":{"line":12,"column":26},"end":{"line":12,"column":55}}],"line":12}},"s":{"0":0,"1":0,"2":0},"f":{"0":0},"b":{"0":[0,0],"1":[0,0],"2":[0,0]}}
,"D:\\2022\\Web-Developing\\1FRONTEND\\Job\\store\\stroyroom_frontend_marketplace\\src\\store\\cart.js": {"path":"D:\\2022\\Web-Developing\\1FRONTEND\\Job\\store\\stroyroom_frontend_marketplace\\src\\store\\cart.js","statementMap":{"0":{"start":{"line":5,"column":11},"end":{"line":5,"column":13}},"1":{"start":{"line":6,"column":18},"end":{"line":6,"column":19}},"2":{"start":{"line":8,"column":8},"end":{"line":8,"column":32}},"3":{"start":{"line":9,"column":8},"end":{"line":9,"column":26}},"4":{"start":{"line":12,"column":8},"end":{"line":12,"column":79}},"5":{"start":{"line":15,"column":0},"end":{"line":15,"column":13}},"6":{"start":{"line":18,"column":8},"end":{"line":31,"column":9}},"7":{"start":{"line":19,"column":28},"end":{"line":19,"column":54}},"8":{"start":{"line":20,"column":25},"end":{"line":20,"column":72}},"9":{"start":{"line":20,"column":51},"end":{"line":20,"column":71}},"10":{"start":{"line":21,"column":12},"end":{"line":21,"column":41}},"11":{"start":{"line":22,"column":12},"end":{"line":25,"column":14}},"12":{"start":{"line":24,"column":16},"end":{"line":24,"column":62}},"13":{"start":{"line":27,"column":12},"end":{"line":30,"column":14}},"14":{"start":{"line":29,"column":16},"end":{"line":29,"column":62}}},"fnMap":{"0":{"name":"(anonymous_0)","decl":{"start":{"line":7,"column":4},"end":{"line":7,"column":5}},"loc":{"start":{"line":7,"column":18},"end":{"line":10,"column":5}},"line":7},"1":{"name":"(anonymous_1)","decl":{"start":{"line":11,"column":4},"end":{"line":11,"column":5}},"loc":{"start":{"line":11,"column":19},"end":{"line":13,"column":5}},"line":11},"2":{"name":"(anonymous_2)","decl":{"start":{"line":14,"column":4},"end":{"line":14,"column":5}},"loc":{"start":{"line":14,"column":24},"end":{"line":16,"column":5}},"line":14},"3":{"name":"(anonymous_3)","decl":{"start":{"line":17,"column":4},"end":{"line":17,"column":5}},"loc":{"start":{"line":17,"column":17},"end":{"line":33,"column":5}},"line":17},"4":{"name":"(anonymous_4)","decl":{"start":{"line":20,"column":42},"end":{"line":20,"column":43}},"loc":{"start":{"line":20,"column":51},"end":{"line":20,"column":71}},"line":20},"5":{"name":"(anonymous_5)","decl":{"start":{"line":23,"column":18},"end":{"line":23,"column":19}},"loc":{"start":{"line":23,"column":30},"end":{"line":25,"column":13}},"line":23},"6":{"name":"(anonymous_6)","decl":{"start":{"line":28,"column":18},"end":{"line":28,"column":19}},"loc":{"start":{"line":28,"column":30},"end":{"line":30,"column":13}},"line":28}},"branchMap":{"0":{"loc":{"start":{"line":12,"column":8},"end":{"line":12,"column":79}},"type":"cond-expr","locations":[{"start":{"line":12,"column":35},"end":{"line":12,"column":56}},{"start":{"line":12,"column":59},"end":{"line":12,"column":79}}],"line":12}},"s":{"0":0,"1":0,"2":0,"3":0,"4":0,"5":0,"6":0,"7":0,"8":0,"9":0,"10":0,"11":0,"12":0,"13":0,"14":0},"f":{"0":0,"1":0,"2":0,"3":0,"4":0,"5":0,"6":0},"b":{"0":[0,0]}}
,"D:\\2022\\Web-Developing\\1FRONTEND\\Job\\store\\stroyroom_frontend_marketplace\\src\\store\\mapbox.js": {"path":"D:\\2022\\Web-Developing\\1FRONTEND\\Job\\store\\stroyroom_frontend_marketplace\\src\\store\\mapbox.js","statementMap":{"0":{"start":{"line":4,"column":19},"end":{"line":4,"column":109}},"1":{"start":{"line":5,"column":18},"end":{"line":5,"column":19}},"2":{"start":{"line":7,"column":8},"end":{"line":7,"column":32}}},"fnMap":{"0":{"name":"(anonymous_0)","decl":{"start":{"line":6,"column":4},"end":{"line":6,"column":5}},"loc":{"start":{"line":6,"column":18},"end":{"line":8,"column":5}},"line":6}},"branchMap":{},"s":{"0":0,"1":0,"2":0},"f":{"0":0},"b":{}}
,"D:\\2022\\Web-Developing\\1FRONTEND\\Job\\store\\stroyroom_frontend_marketplace\\src\\store\\sidebar.js": {"path":"D:\\2022\\Web-Developing\\1FRONTEND\\Job\\store\\stroyroom_frontend_marketplace\\src\\store\\sidebar.js","statementMap":{"0":{"start":{"line":4,"column":20},"end":{"line":4,"column":25}},"1":{"start":{"line":5,"column":18},"end":{"line":5,"column":19}},"2":{"start":{"line":7,"column":8},"end":{"line":7,"column":32}},"3":{"start":{"line":10,"column":8},"end":{"line":10,"column":48}},"4":{"start":{"line":11,"column":8},"end":{"line":11,"column":143}}},"fnMap":{"0":{"name":"(anonymous_0)","decl":{"start":{"line":6,"column":4},"end":{"line":6,"column":5}},"loc":{"start":{"line":6,"column":18},"end":{"line":8,"column":5}},"line":6},"1":{"name":"(anonymous_1)","decl":{"start":{"line":9,"column":4},"end":{"line":9,"column":5}},"loc":{"start":{"line":9,"column":25},"end":{"line":12,"column":5}},"line":9}},"branchMap":{"0":{"loc":{"start":{"line":11,"column":8},"end":{"line":11,"column":143}},"type":"cond-expr","locations":[{"start":{"line":11,"column":30},"end":{"line":11,"column":86}},{"start":{"line":11,"column":89},"end":{"line":11,"column":143}}],"line":11}},"s":{"0":0,"1":0,"2":0,"3":0,"4":0},"f":{"0":0,"1":0},"b":{"0":[0,0]}}
,"D:\\2022\\Web-Developing\\1FRONTEND\\Job\\store\\stroyroom_frontend_marketplace\\src\\store\\user.js": {"path":"D:\\2022\\Web-Developing\\1FRONTEND\\Job\\store\\stroyroom_frontend_marketplace\\src\\store\\user.js","statementMap":{"0":{"start":{"line":9,"column":11},"end":{"line":9,"column":13}},"1":{"start":{"line":10,"column":21},"end":{"line":10,"column":26}},"2":{"start":{"line":11,"column":16},"end":{"line":11,"column":21}},"3":{"start":{"line":12,"column":15},"end":{"line":12,"column":38}},"4":{"start":{"line":13,"column":15},"end":{"line":13,"column":38}},"5":{"start":{"line":14,"column":13},"end":{"line":14,"column":34}},"6":{"start":{"line":16,"column":8},"end":{"line":16,"column":32}},"7":{"start":{"line":17,"column":8},"end":{"line":17,"column":74}},"8":{"start":{"line":18,"column":8},"end":{"line":23,"column":9}},"9":{"start":{"line":19,"column":12},"end":{"line":22,"column":18}},"10":{"start":{"line":21,"column":20},"end":{"line":21,"column":100}},"11":{"start":{"line":28,"column":8},"end":{"line":28,"column":28}},"12":{"start":{"line":31,"column":8},"end":{"line":31,"column":37}},"13":{"start":{"line":32,"column":8},"end":{"line":32,"column":40}},"14":{"start":{"line":33,"column":8},"end":{"line":33,"column":38}},"15":{"start":{"line":34,"column":8},"end":{"line":34,"column":36}},"16":{"start":{"line":37,"column":8},"end":{"line":37,"column":35}},"17":{"start":{"line":38,"column":8},"end":{"line":38,"column":30}},"18":{"start":{"line":39,"column":8},"end":{"line":39,"column":35}},"19":{"start":{"line":42,"column":8},"end":{"line":42,"column":77}},"20":{"start":{"line":45,"column":8},"end":{"line":48,"column":10}},"21":{"start":{"line":47,"column":12},"end":{"line":47,"column":37}},"22":{"start":{"line":51,"column":8},"end":{"line":51,"column":50}},"23":{"start":{"line":53,"column":17},"end":{"line":60,"column":5}},"24":{"start":{"line":54,"column":8},"end":{"line":59,"column":10}},"25":{"start":{"line":58,"column":12},"end":{"line":58,"column":37}},"26":{"start":{"line":61,"column":18},"end":{"line":63,"column":5}},"27":{"start":{"line":62,"column":8},"end":{"line":62,"column":30}}},"fnMap":{"0":{"name":"(anonymous_0)","decl":{"start":{"line":15,"column":4},"end":{"line":15,"column":5}},"loc":{"start":{"line":15,"column":18},"end":{"line":26,"column":5}},"line":15},"1":{"name":"(anonymous_1)","decl":{"start":{"line":20,"column":22},"end":{"line":20,"column":23}},"loc":{"start":{"line":20,"column":34},"end":{"line":22,"column":17}},"line":20},"2":{"name":"(anonymous_2)","decl":{"start":{"line":27,"column":4},"end":{"line":27,"column":5}},"loc":{"start":{"line":27,"column":24},"end":{"line":29,"column":5}},"line":27},"3":{"name":"(anonymous_3)","decl":{"start":{"line":30,"column":4},"end":{"line":30,"column":5}},"loc":{"start":{"line":30,"column":22},"end":{"line":35,"column":5}},"line":30},"4":{"name":"(anonymous_4)","decl":{"start":{"line":36,"column":4},"end":{"line":36,"column":5}},"loc":{"start":{"line":36,"column":24},"end":{"line":40,"column":5}},"line":36},"5":{"name":"(anonymous_5)","decl":{"start":{"line":41,"column":4},"end":{"line":41,"column":5}},"loc":{"start":{"line":41,"column":22},"end":{"line":43,"column":5}},"line":41},"6":{"name":"(anonymous_6)","decl":{"start":{"line":44,"column":4},"end":{"line":44,"column":5}},"loc":{"start":{"line":44,"column":16},"end":{"line":49,"column":5}},"line":44},"7":{"name":"(anonymous_7)","decl":{"start":{"line":46,"column":14},"end":{"line":46,"column":15}},"loc":{"start":{"line":46,"column":26},"end":{"line":48,"column":9}},"line":46},"8":{"name":"(anonymous_8)","decl":{"start":{"line":50,"column":4},"end":{"line":50,"column":5}},"loc":{"start":{"line":50,"column":26},"end":{"line":52,"column":5}},"line":50},"9":{"name":"(anonymous_9)","decl":{"start":{"line":53,"column":17},"end":{"line":53,"column":18}},"loc":{"start":{"line":53,"column":33},"end":{"line":60,"column":5}},"line":53},"10":{"name":"(anonymous_10)","decl":{"start":{"line":57,"column":14},"end":{"line":57,"column":15}},"loc":{"start":{"line":57,"column":26},"end":{"line":59,"column":9}},"line":57},"11":{"name":"(anonymous_11)","decl":{"start":{"line":61,"column":18},"end":{"line":61,"column":19}},"loc":{"start":{"line":61,"column":26},"end":{"line":63,"column":5}},"line":61}},"branchMap":{"0":{"loc":{"start":{"line":17,"column":8},"end":{"line":17,"column":74}},"type":"cond-expr","locations":[{"start":{"line":17,"column":34},"end":{"line":17,"column":52}},{"start":{"line":17,"column":55},"end":{"line":17,"column":74}}],"line":17},"1":{"loc":{"start":{"line":18,"column":8},"end":{"line":23,"column":9}},"type":"if","locations":[{"start":{"line":18,"column":8},"end":{"line":23,"column":9}},{"start":{},"end":{}}],"line":18}},"s":{"0":0,"1":0,"2":0,"3":0,"4":0,"5":0,"6":0,"7":0,"8":0,"9":0,"10":0,"11":0,"12":0,"13":0,"14":0,"15":0,"16":0,"17":0,"18":0,"19":0,"20":0,"21":0,"22":0,"23":0,"24":0,"25":0,"26":0,"27":0},"f":{"0":0,"1":0,"2":0,"3":0,"4":0,"5":0,"6":0,"7":0,"8":0,"9":0,"10":0,"11":0},"b":{"0":[0,0],"1":[0,0]}}
,"D:\\2022\\Web-Developing\\1FRONTEND\\Job\\store\\stroyroom_frontend_marketplace\\src\\views\\MainPage.jsx": {"path":"D:\\2022\\Web-Developing\\1FRONTEND\\Job\\store\\stroyroom_frontend_marketplace\\src\\views\\MainPage.jsx","statementMap":{"0":{"start":{"line":8,"column":17},"end":{"line":81,"column":1}},"1":{"start":{"line":9,"column":19},"end":{"line":9,"column":32}},"2":{"start":{"line":10,"column":48},"end":{"line":10,"column":60}},"3":{"start":{"line":11,"column":27},"end":{"line":11,"column":42}},"4":{"start":{"line":12,"column":23},"end":{"line":12,"column":36}},"5":{"start":{"line":13,"column":4},"end":{"line":19,"column":9}},"6":{"start":{"line":14,"column":8},"end":{"line":18,"column":38}},"7":{"start":{"line":16,"column":16},"end":{"line":16,"column":48}},"8":{"start":{"line":18,"column":25},"end":{"line":18,"column":37}},"9":{"start":{"line":23,"column":4},"end":{"line":80,"column":6}},"10":{"start":{"line":61,"column":36},"end":{"line":66,"column":43}},"11":{"start":{"line":61,"column":71},"end":{"line":61,"column":103}},"12":{"start":{"line":69,"column":32},"end":{"line":73,"column":39}}},"fnMap":{"0":{"name":"(anonymous_0)","decl":{"start":{"line":8,"column":17},"end":{"line":8,"column":18}},"loc":{"start":{"line":8,"column":23},"end":{"line":81,"column":1}},"line":8},"1":{"name":"(anonymous_1)","decl":{"start":{"line":13,"column":14},"end":{"line":13,"column":15}},"loc":{"start":{"line":13,"column":18},"end":{"line":19,"column":5}},"line":13},"2":{"name":"(anonymous_2)","decl":{"start":{"line":15,"column":18},"end":{"line":15,"column":19}},"loc":{"start":{"line":15,"column":30},"end":{"line":17,"column":13}},"line":15},"3":{"name":"(anonymous_3)","decl":{"start":{"line":18,"column":21},"end":{"line":18,"column":22}},"loc":{"start":{"line":18,"column":25},"end":{"line":18,"column":37}},"line":18},"4":{"name":"(anonymous_4)","decl":{"start":{"line":60,"column":67},"end":{"line":60,"column":68}},"loc":{"start":{"line":61,"column":36},"end":{"line":66,"column":43}},"line":61},"5":{"name":"(anonymous_5)","decl":{"start":{"line":61,"column":66},"end":{"line":61,"column":67}},"loc":{"start":{"line":61,"column":70},"end":{"line":61,"column":104}},"line":61},"6":{"name":"(anonymous_6)","decl":{"start":{"line":68,"column":50},"end":{"line":68,"column":51}},"loc":{"start":{"line":69,"column":32},"end":{"line":73,"column":39}},"line":69}},"branchMap":{"0":{"loc":{"start":{"line":60,"column":33},"end":{"line":73,"column":40}},"type":"cond-expr","locations":[{"start":{"line":60,"column":48},"end":{"line":67,"column":38}},{"start":{"line":68,"column":33},"end":{"line":73,"column":40}}],"line":60}},"s":{"0":0,"1":0,"2":0,"3":0,"4":0,"5":0,"6":0,"7":0,"8":0,"9":0,"10":0,"11":0,"12":0},"f":{"0":0,"1":0,"2":0,"3":0,"4":0,"5":0,"6":0},"b":{"0":[0,0]}}
,"D:\\2022\\Web-Developing\\1FRONTEND\\Job\\store\\stroyroom_frontend_marketplace\\src\\views\\CartPage\\CartPage.jsx": {"path":"D:\\2022\\Web-Developing\\1FRONTEND\\Job\\store\\stroyroom_frontend_marketplace\\src\\views\\CartPage\\CartPage.jsx","statementMap":{"0":{"start":{"line":31,"column":17},"end":{"line":538,"column":1}},"1":{"start":{"line":32,"column":22},"end":{"line":32,"column":58}},"2":{"start":{"line":33,"column":38},"end":{"line":33,"column":50}},"3":{"start":{"line":34,"column":42},"end":{"line":34,"column":56}},"4":{"start":{"line":35,"column":35},"end":{"line":35,"column":49}},"5":{"start":{"line":36,"column":46},"end":{"line":36,"column":60}},"6":{"start":{"line":37,"column":44},"end":{"line":37,"column":56}},"7":{"start":{"line":38,"column":41},"end":{"line":38,"column":53}},"8":{"start":{"line":39,"column":43},"end":{"line":39,"column":55}},"9":{"start":{"line":40,"column":43},"end":{"line":40,"column":57}},"10":{"start":{"line":41,"column":42},"end":{"line":41,"column":57}},"11":{"start":{"line":42,"column":38},"end":{"line":42,"column":58}},"12":{"start":{"line":43,"column":37},"end":{"line":43,"column":51}},"13":{"start":{"line":44,"column":38},"end":{"line":44,"column":53}},"14":{"start":{"line":45,"column":44},"end":{"line":45,"column":56}},"15":{"start":{"line":46,"column":40},"end":{"line":46,"column":52}},"16":{"start":{"line":47,"column":40},"end":{"line":47,"column":52}},"17":{"start":{"line":48,"column":52},"end":{"line":48,"column":64}},"18":{"start":{"line":49,"column":38},"end":{"line":49,"column":50}},"19":{"start":{"line":50,"column":52},"end":{"line":50,"column":67}},"20":{"start":{"line":51,"column":44},"end":{"line":51,"column":59}},"21":{"start":{"line":52,"column":42},"end":{"line":52,"column":56}},"22":{"start":{"line":53,"column":42},"end":{"line":53,"column":57}},"23":{"start":{"line":54,"column":35},"end":{"line":54,"column":45}},"24":{"start":{"line":55,"column":42},"end":{"line":55,"column":62}},"25":{"start":{"line":56,"column":27},"end":{"line":56,"column":42}},"26":{"start":{"line":58,"column":21},"end":{"line":58,"column":34}},"27":{"start":{"line":59,"column":4},"end":{"line":63,"column":19}},"28":{"start":{"line":60,"column":8},"end":{"line":62,"column":9}},"29":{"start":{"line":61,"column":12},"end":{"line":61,"column":25}},"30":{"start":{"line":65,"column":30},"end":{"line":68,"column":5}},"31":{"start":{"line":66,"column":8},"end":{"line":66,"column":35}},"32":{"start":{"line":67,"column":8},"end":{"line":67,"column":29}},"33":{"start":{"line":69,"column":30},"end":{"line":71,"column":5}},"34":{"start":{"line":70,"column":8},"end":{"line":70,"column":30}},"35":{"start":{"line":73,"column":29},"end":{"line":73,"column":54}},"36":{"start":{"line":73,"column":35},"end":{"line":73,"column":54}},"37":{"start":{"line":74,"column":29},"end":{"line":104,"column":5}},"38":{"start":{"line":75,"column":6},"end":{"line":103,"column":7}},"39":{"start":{"line":76,"column":8},"end":{"line":89,"column":9}},"40":{"start":{"line":78,"column":16},"end":{"line":86,"column":22}},"41":{"start":{"line":80,"column":24},"end":{"line":80,"column":55}},"42":{"start":{"line":81,"column":24},"end":{"line":81,"column":56}},"43":{"start":{"line":84,"column":24},"end":{"line":84,"column":48}},"44":{"start":{"line":85,"column":24},"end":{"line":85,"column":42}},"45":{"start":{"line":90,"column":8},"end":{"line":99,"column":9}},"46":{"start":{"line":91,"column":12},"end":{"line":98,"column":18}},"47":{"start":{"line":93,"column":20},"end":{"line":93,"column":49}},"48":{"start":{"line":94,"column":20},"end":{"line":94,"column":58}},"49":{"start":{"line":97,"column":20},"end":{"line":97,"column":46}},"50":{"start":{"line":102,"column":10},"end":{"line":102,"column":34}},"51":{"start":{"line":106,"column":31},"end":{"line":106,"column":58}},"52":{"start":{"line":106,"column":37},"end":{"line":106,"column":58}},"53":{"start":{"line":107,"column":30},"end":{"line":107,"column":60}},"54":{"start":{"line":107,"column":38},"end":{"line":107,"column":58}},"55":{"start":{"line":112,"column":8},"end":{"line":112,"column":36}},"56":{"start":{"line":116,"column":4},"end":{"line":135,"column":9}},"57":{"start":{"line":117,"column":12},"end":{"line":124,"column":14}},"58":{"start":{"line":119,"column":16},"end":{"line":119,"column":51}},"59":{"start":{"line":120,"column":16},"end":{"line":120,"column":53}},"60":{"start":{"line":123,"column":16},"end":{"line":123,"column":28}},"61":{"start":{"line":125,"column":8},"end":{"line":134,"column":14}},"62":{"start":{"line":127,"column":16},"end":{"line":127,"column":47}},"63":{"start":{"line":128,"column":16},"end":{"line":130,"column":17}},"64":{"start":{"line":129,"column":20},"end":{"line":129,"column":57}},"65":{"start":{"line":133,"column":16},"end":{"line":133,"column":35}},"66":{"start":{"line":142,"column":11},"end":{"line":150,"column":12}},"67":{"start":{"line":143,"column":12},"end":{"line":143,"column":41}},"68":{"start":{"line":144,"column":12},"end":{"line":144,"column":55}},"69":{"start":{"line":145,"column":12},"end":{"line":145,"column":45}},"70":{"start":{"line":147,"column":12},"end":{"line":147,"column":41}},"71":{"start":{"line":148,"column":12},"end":{"line":148,"column":34}},"72":{"start":{"line":149,"column":12},"end":{"line":149,"column":24}},"73":{"start":{"line":151,"column":11},"end":{"line":155,"column":10}},"74":{"start":{"line":153,"column":17},"end":{"line":153,"column":90}},"75":{"start":{"line":156,"column":9},"end":{"line":171,"column":10}},"76":{"start":{"line":157,"column":12},"end":{"line":164,"column":14}},"77":{"start":{"line":158,"column":16},"end":{"line":158,"column":51}},"78":{"start":{"line":159,"column":16},"end":{"line":159,"column":66}},"79":{"start":{"line":162,"column":16},"end":{"line":162,"column":51}},"80":{"start":{"line":163,"column":16},"end":{"line":163,"column":66}},"81":{"start":{"line":165,"column":13},"end":{"line":165,"column":42}},"82":{"start":{"line":168,"column":12},"end":{"line":168,"column":34}},"83":{"start":{"line":169,"column":12},"end":{"line":169,"column":62}},"84":{"start":{"line":170,"column":12},"end":{"line":170,"column":41}},"85":{"start":{"line":176,"column":8},"end":{"line":176,"column":28}},"86":{"start":{"line":179,"column":8},"end":{"line":187,"column":14}},"87":{"start":{"line":181,"column":16},"end":{"line":184,"column":17}},"88":{"start":{"line":182,"column":20},"end":{"line":182,"column":83}},"89":{"start":{"line":182,"column":52},"end":{"line":182,"column":80}},"90":{"start":{"line":183,"column":20},"end":{"line":183,"column":41}},"91":{"start":{"line":186,"column":16},"end":{"line":186,"column":67}},"92":{"start":{"line":190,"column":8},"end":{"line":200,"column":14}},"93":{"start":{"line":192,"column":16},"end":{"line":196,"column":17}},"94":{"start":{"line":193,"column":20},"end":{"line":193,"column":68}},"95":{"start":{"line":194,"column":20},"end":{"line":194,"column":77}},"96":{"start":{"line":194,"column":64},"end":{"line":194,"column":75}},"97":{"start":{"line":195,"column":20},"end":{"line":195,"column":38}},"98":{"start":{"line":203,"column":8},"end":{"line":203,"column":26}},"99":{"start":{"line":204,"column":8},"end":{"line":219,"column":14}},"100":{"start":{"line":211,"column":16},"end":{"line":215,"column":17}},"101":{"start":{"line":212,"column":20},"end":{"line":212,"column":49}},"102":{"start":{"line":213,"column":20},"end":{"line":213,"column":38}},"103":{"start":{"line":214,"column":20},"end":{"line":214,"column":55}},"104":{"start":{"line":218,"column":16},"end":{"line":218,"column":34}},"105":{"start":{"line":222,"column":8},"end":{"line":238,"column":14}},"106":{"start":{"line":227,"column":16},"end":{"line":237,"column":17}},"107":{"start":{"line":228,"column":20},"end":{"line":236,"column":19}},"108":{"start":{"line":229,"column":28},"end":{"line":235,"column":29}},"109":{"start":{"line":230,"column":49},"end":{"line":230,"column":78}},"110":{"start":{"line":231,"column":32},"end":{"line":231,"column":74}},"111":{"start":{"line":232,"column":32},"end":{"line":232,"column":122}},"112":{"start":{"line":234,"column":32},"end":{"line":234,"column":43}},"113":{"start":{"line":241,"column":8},"end":{"line":241,"column":31}},"114":{"start":{"line":241,"column":25},"end":{"line":241,"column":31}},"115":{"start":{"line":242,"column":8},"end":{"line":259,"column":14}},"116":{"start":{"line":248,"column":16},"end":{"line":258,"column":17}},"117":{"start":{"line":249,"column":20},"end":{"line":257,"column":23}},"118":{"start":{"line":250,"column":24},"end":{"line":256,"column":25}},"119":{"start":{"line":251,"column":45},"end":{"line":251,"column":74}},"120":{"start":{"line":252,"column":28},"end":{"line":252,"column":70}},"121":{"start":{"line":253,"column":28},"end":{"line":253,"column":118}},"122":{"start":{"line":255,"column":28},"end":{"line":255,"column":39}},"123":{"start":{"line":262,"column":8},"end":{"line":262,"column":23}},"124":{"start":{"line":265,"column":8},"end":{"line":278,"column":9}},"125":{"start":{"line":266,"column":12},"end":{"line":272,"column":15}},"126":{"start":{"line":267,"column":16},"end":{"line":271,"column":17}},"127":{"start":{"line":268,"column":20},"end":{"line":268,"column":45}},"128":{"start":{"line":270,"column":20},"end":{"line":270,"column":31}},"129":{"start":{"line":274,"column":12},"end":{"line":277,"column":14}},"130":{"start":{"line":281,"column":8},"end":{"line":298,"column":14}},"131":{"start":{"line":283,"column":15},"end":{"line":297,"column":16}},"132":{"start":{"line":294,"column":19},"end":{"line":294,"column":94}},"133":{"start":{"line":294,"column":70},"end":{"line":294,"column":92}},"134":{"start":{"line":315,"column":4},"end":{"line":537,"column":6}},"135":{"start":{"line":324,"column":32},"end":{"line":356,"column":49}},"136":{"start":{"line":335,"column":75},"end":{"line":335,"column":122}},"137":{"start":{"line":341,"column":52},"end":{"line":341,"column":117}},"138":{"start":{"line":345,"column":52},"end":{"line":345,"column":88}},"139":{"start":{"line":352,"column":75},"end":{"line":352,"column":122}},"140":{"start":{"line":354,"column":60},"end":{"line":354,"column":90}},"141":{"start":{"line":371,"column":24},"end":{"line":371,"column":39}},"142":{"start":{"line":388,"column":16},"end":{"line":391,"column":33}},"143":{"start":{"line":390,"column":61},"end":{"line":390,"column":80}},"144":{"start":{"line":431,"column":50},"end":{"line":431,"column":72}},"145":{"start":{"line":440,"column":44},"end":{"line":449,"column":46}},"146":{"start":{"line":444,"column":52},"end":{"line":444,"column":72}},"147":{"start":{"line":445,"column":52},"end":{"line":445,"column":112}},"148":{"start":{"line":455,"column":48},"end":{"line":466,"column":65}},"149":{"start":{"line":485,"column":64},"end":{"line":485,"column":82}},"150":{"start":{"line":500,"column":48},"end":{"line":500,"column":78}},"151":{"start":{"line":509,"column":52},"end":{"line":509,"column":88}}},"fnMap":{"0":{"name":"(anonymous_0)","decl":{"start":{"line":31,"column":17},"end":{"line":31,"column":18}},"loc":{"start":{"line":31,"column":23},"end":{"line":538,"column":1}},"line":31},"1":{"name":"(anonymous_1)","decl":{"start":{"line":59,"column":14},"end":{"line":59,"column":15}},"loc":{"start":{"line":59,"column":18},"end":{"line":63,"column":5}},"line":59},"2":{"name":"(anonymous_2)","decl":{"start":{"line":65,"column":30},"end":{"line":65,"column":31}},"loc":{"start":{"line":65,"column":47},"end":{"line":68,"column":5}},"line":65},"3":{"name":"(anonymous_3)","decl":{"start":{"line":69,"column":30},"end":{"line":69,"column":31}},"loc":{"start":{"line":69,"column":36},"end":{"line":71,"column":5}},"line":69},"4":{"name":"(anonymous_4)","decl":{"start":{"line":73,"column":29},"end":{"line":73,"column":30}},"loc":{"start":{"line":73,"column":35},"end":{"line":73,"column":54}},"line":73},"5":{"name":"(anonymous_5)","decl":{"start":{"line":74,"column":29},"end":{"line":74,"column":30}},"loc":{"start":{"line":74,"column":35},"end":{"line":104,"column":5}},"line":74},"6":{"name":"(anonymous_6)","decl":{"start":{"line":79,"column":26},"end":{"line":79,"column":27}},"loc":{"start":{"line":79,"column":40},"end":{"line":82,"column":21}},"line":79},"7":{"name":"(anonymous_7)","decl":{"start":{"line":83,"column":29},"end":{"line":83,"column":30}},"loc":{"start":{"line":83,"column":35},"end":{"line":86,"column":21}},"line":83},"8":{"name":"(anonymous_8)","decl":{"start":{"line":92,"column":22},"end":{"line":92,"column":23}},"loc":{"start":{"line":92,"column":36},"end":{"line":95,"column":17}},"line":92},"9":{"name":"(anonymous_9)","decl":{"start":{"line":96,"column":25},"end":{"line":96,"column":26}},"loc":{"start":{"line":96,"column":31},"end":{"line":98,"column":17}},"line":96},"10":{"name":"(anonymous_10)","decl":{"start":{"line":106,"column":31},"end":{"line":106,"column":32}},"loc":{"start":{"line":106,"column":37},"end":{"line":106,"column":58}},"line":106},"11":{"name":"(anonymous_11)","decl":{"start":{"line":107,"column":30},"end":{"line":107,"column":31}},"loc":{"start":{"line":107,"column":36},"end":{"line":107,"column":60}},"line":107},"12":{"name":"handlePickupClose","decl":{"start":{"line":111,"column":13},"end":{"line":111,"column":30}},"loc":{"start":{"line":111,"column":32},"end":{"line":113,"column":5}},"line":111},"13":{"name":"(anonymous_13)","decl":{"start":{"line":116,"column":14},"end":{"line":116,"column":15}},"loc":{"start":{"line":116,"column":18},"end":{"line":135,"column":5}},"line":116},"14":{"name":"(anonymous_14)","decl":{"start":{"line":118,"column":18},"end":{"line":118,"column":19}},"loc":{"start":{"line":118,"column":30},"end":{"line":121,"column":13}},"line":118},"15":{"name":"(anonymous_15)","decl":{"start":{"line":122,"column":21},"end":{"line":122,"column":22}},"loc":{"start":{"line":122,"column":25},"end":{"line":124,"column":13}},"line":122},"16":{"name":"(anonymous_16)","decl":{"start":{"line":126,"column":18},"end":{"line":126,"column":19}},"loc":{"start":{"line":126,"column":30},"end":{"line":131,"column":13}},"line":126},"17":{"name":"(anonymous_17)","decl":{"start":{"line":132,"column":21},"end":{"line":132,"column":22}},"loc":{"start":{"line":132,"column":25},"end":{"line":134,"column":13}},"line":132},"18":{"name":"handleChanges","decl":{"start":{"line":136,"column":16},"end":{"line":136,"column":29}},"loc":{"start":{"line":136,"column":61},"end":{"line":173,"column":6}},"line":136},"19":{"name":"(anonymous_19)","decl":{"start":{"line":152,"column":29},"end":{"line":152,"column":30}},"loc":{"start":{"line":153,"column":17},"end":{"line":153,"column":90}},"line":153},"20":{"name":"takeAddressHandler","decl":{"start":{"line":175,"column":14},"end":{"line":175,"column":32}},"loc":{"start":{"line":175,"column":39},"end":{"line":177,"column":6}},"line":175},"21":{"name":"addNewAddress","decl":{"start":{"line":178,"column":14},"end":{"line":178,"column":27}},"loc":{"start":{"line":178,"column":29},"end":{"line":188,"column":6}},"line":178},"22":{"name":"(anonymous_22)","decl":{"start":{"line":180,"column":18},"end":{"line":180,"column":19}},"loc":{"start":{"line":180,"column":30},"end":{"line":185,"column":13}},"line":180},"23":{"name":"(anonymous_23)","decl":{"start":{"line":182,"column":38},"end":{"line":182,"column":39}},"loc":{"start":{"line":182,"column":52},"end":{"line":182,"column":80}},"line":182},"24":{"name":"(anonymous_24)","decl":{"start":{"line":185,"column":21},"end":{"line":185,"column":22}},"loc":{"start":{"line":185,"column":38},"end":{"line":187,"column":13}},"line":185},"25":{"name":"deleteItemFromCart","decl":{"start":{"line":189,"column":15},"end":{"line":189,"column":33}},"loc":{"start":{"line":189,"column":45},"end":{"line":201,"column":5}},"line":189},"26":{"name":"(anonymous_26)","decl":{"start":{"line":191,"column":18},"end":{"line":191,"column":19}},"loc":{"start":{"line":191,"column":30},"end":{"line":197,"column":13}},"line":191},"27":{"name":"(anonymous_27)","decl":{"start":{"line":194,"column":52},"end":{"line":194,"column":53}},"loc":{"start":{"line":194,"column":64},"end":{"line":194,"column":75}},"line":194},"28":{"name":"(anonymous_28)","decl":{"start":{"line":198,"column":21},"end":{"line":198,"column":22}},"loc":{"start":{"line":198,"column":25},"end":{"line":200,"column":13}},"line":198},"29":{"name":"createDeliveryOrder","decl":{"start":{"line":202,"column":19},"end":{"line":202,"column":38}},"loc":{"start":{"line":202,"column":41},"end":{"line":220,"column":5}},"line":202},"30":{"name":"(anonymous_30)","decl":{"start":{"line":210,"column":18},"end":{"line":210,"column":19}},"loc":{"start":{"line":210,"column":29},"end":{"line":216,"column":13}},"line":210},"31":{"name":"(anonymous_31)","decl":{"start":{"line":217,"column":21},"end":{"line":217,"column":22}},"loc":{"start":{"line":217,"column":25},"end":{"line":219,"column":13}},"line":217},"32":{"name":"incremetCount","decl":{"start":{"line":221,"column":13},"end":{"line":221,"column":26}},"loc":{"start":{"line":221,"column":36},"end":{"line":239,"column":5}},"line":221},"33":{"name":"(anonymous_33)","decl":{"start":{"line":226,"column":18},"end":{"line":226,"column":19}},"loc":{"start":{"line":226,"column":30},"end":{"line":238,"column":13}},"line":226},"34":{"name":"(anonymous_34)","decl":{"start":{"line":228,"column":49},"end":{"line":228,"column":50}},"loc":{"start":{"line":228,"column":57},"end":{"line":236,"column":17}},"line":228},"35":{"name":"decremetCount","decl":{"start":{"line":240,"column":13},"end":{"line":240,"column":26}},"loc":{"start":{"line":240,"column":36},"end":{"line":260,"column":5}},"line":240},"36":{"name":"(anonymous_36)","decl":{"start":{"line":246,"column":18},"end":{"line":246,"column":19}},"loc":{"start":{"line":246,"column":30},"end":{"line":259,"column":13}},"line":246},"37":{"name":"(anonymous_37)","decl":{"start":{"line":249,"column":49},"end":{"line":249,"column":50}},"loc":{"start":{"line":249,"column":57},"end":{"line":257,"column":21}},"line":249},"38":{"name":"setOrderId","decl":{"start":{"line":261,"column":9},"end":{"line":261,"column":19}},"loc":{"start":{"line":261,"column":23},"end":{"line":263,"column":5}},"line":261},"39":{"name":"sendChanges","decl":{"start":{"line":264,"column":13},"end":{"line":264,"column":24}},"loc":{"start":{"line":264,"column":30},"end":{"line":279,"column":5}},"line":264},"40":{"name":"(anonymous_40)","decl":{"start":{"line":266,"column":41},"end":{"line":266,"column":42}},"loc":{"start":{"line":266,"column":49},"end":{"line":272,"column":13}},"line":266},"41":{"name":"deleteAddress","decl":{"start":{"line":280,"column":13},"end":{"line":280,"column":26}},"loc":{"start":{"line":280,"column":32},"end":{"line":299,"column":5}},"line":280},"42":{"name":"(anonymous_42)","decl":{"start":{"line":282,"column":18},"end":{"line":282,"column":19}},"loc":{"start":{"line":282,"column":30},"end":{"line":298,"column":13}},"line":282},"43":{"name":"(anonymous_43)","decl":{"start":{"line":294,"column":57},"end":{"line":294,"column":58}},"loc":{"start":{"line":294,"column":70},"end":{"line":294,"column":92}},"line":294},"44":{"name":"(anonymous_44)","decl":{"start":{"line":323,"column":51},"end":{"line":323,"column":52}},"loc":{"start":{"line":324,"column":32},"end":{"line":356,"column":49}},"line":324},"45":{"name":"(anonymous_45)","decl":{"start":{"line":335,"column":70},"end":{"line":335,"column":71}},"loc":{"start":{"line":335,"column":74},"end":{"line":335,"column":123}},"line":335},"46":{"name":"(anonymous_46)","decl":{"start":{"line":340,"column":58},"end":{"line":340,"column":59}},"loc":{"start":{"line":340,"column":67},"end":{"line":343,"column":49}},"line":340},"47":{"name":"(anonymous_47)","decl":{"start":{"line":344,"column":56},"end":{"line":344,"column":57}},"loc":{"start":{"line":344,"column":61},"end":{"line":346,"column":49}},"line":344},"48":{"name":"(anonymous_48)","decl":{"start":{"line":352,"column":70},"end":{"line":352,"column":71}},"loc":{"start":{"line":352,"column":74},"end":{"line":352,"column":123}},"line":352},"49":{"name":"(anonymous_49)","decl":{"start":{"line":354,"column":55},"end":{"line":354,"column":56}},"loc":{"start":{"line":354,"column":59},"end":{"line":354,"column":91}},"line":354},"50":{"name":"(anonymous_50)","decl":{"start":{"line":370,"column":45},"end":{"line":370,"column":46}},"loc":{"start":{"line":370,"column":50},"end":{"line":371,"column":40}},"line":370},"51":{"name":"(anonymous_51)","decl":{"start":{"line":387,"column":31},"end":{"line":387,"column":32}},"loc":{"start":{"line":388,"column":16},"end":{"line":391,"column":33}},"line":388},"52":{"name":"(anonymous_52)","decl":{"start":{"line":390,"column":56},"end":{"line":390,"column":57}},"loc":{"start":{"line":390,"column":60},"end":{"line":390,"column":81}},"line":390},"53":{"name":"(anonymous_53)","decl":{"start":{"line":431,"column":44},"end":{"line":431,"column":45}},"loc":{"start":{"line":431,"column":49},"end":{"line":431,"column":73}},"line":431},"54":{"name":"(anonymous_54)","decl":{"start":{"line":439,"column":58},"end":{"line":439,"column":59}},"loc":{"start":{"line":440,"column":44},"end":{"line":449,"column":46}},"line":440},"55":{"name":"(anonymous_55)","decl":{"start":{"line":443,"column":58},"end":{"line":443,"column":59}},"loc":{"start":{"line":443,"column":64},"end":{"line":446,"column":49}},"line":443},"56":{"name":"(anonymous_56)","decl":{"start":{"line":454,"column":66},"end":{"line":454,"column":67}},"loc":{"start":{"line":455,"column":48},"end":{"line":466,"column":65}},"line":455},"57":{"name":"(anonymous_57)","decl":{"start":{"line":485,"column":54},"end":{"line":485,"column":55}},"loc":{"start":{"line":485,"column":64},"end":{"line":485,"column":82}},"line":485},"58":{"name":"(anonymous_58)","decl":{"start":{"line":499,"column":77},"end":{"line":499,"column":78}},"loc":{"start":{"line":499,"column":84},"end":{"line":501,"column":45}},"line":499},"59":{"name":"(anonymous_59)","decl":{"start":{"line":508,"column":58},"end":{"line":508,"column":59}},"loc":{"start":{"line":508,"column":69},"end":{"line":510,"column":49}},"line":508}},"branchMap":{"0":{"loc":{"start":{"line":60,"column":8},"end":{"line":62,"column":9}},"type":"if","locations":[{"start":{"line":60,"column":8},"end":{"line":62,"column":9}},{"start":{},"end":{}}],"line":60},"1":{"loc":{"start":{"line":60,"column":12},"end":{"line":60,"column":58}},"type":"binary-expr","locations":[{"start":{"line":60,"column":12},"end":{"line":60,"column":35}},{"start":{"line":60,"column":39},"end":{"line":60,"column":58}}],"line":60},"2":{"loc":{"start":{"line":75,"column":6},"end":{"line":103,"column":7}},"type":"if","locations":[{"start":{"line":75,"column":6},"end":{"line":103,"column":7}},{"start":{"line":101,"column":10},"end":{"line":103,"column":7}}],"line":75},"3":{"loc":{"start":{"line":76,"column":8},"end":{"line":89,"column":9}},"type":"if","locations":[{"start":{"line":76,"column":8},"end":{"line":89,"column":9}},{"start":{},"end":{}}],"line":76},"4":{"loc":{"start":{"line":90,"column":8},"end":{"line":99,"column":9}},"type":"if","locations":[{"start":{"line":90,"column":8},"end":{"line":99,"column":9}},{"start":{},"end":{}}],"line":90},"5":{"loc":{"start":{"line":128,"column":16},"end":{"line":130,"column":17}},"type":"if","locations":[{"start":{"line":128,"column":16},"end":{"line":130,"column":17}},{"start":{},"end":{}}],"line":128},"6":{"loc":{"start":{"line":142,"column":11},"end":{"line":150,"column":12}},"type":"if","locations":[{"start":{"line":142,"column":11},"end":{"line":150,"column":12}},{"start":{"line":146,"column":17},"end":{"line":150,"column":12}}],"line":142},"7":{"loc":{"start":{"line":142,"column":14},"end":{"line":142,"column":45}},"type":"binary-expr","locations":[{"start":{"line":142,"column":14},"end":{"line":142,"column":32}},{"start":{"line":142,"column":36},"end":{"line":142,"column":45}}],"line":142},"8":{"loc":{"start":{"line":153,"column":17},"end":{"line":153,"column":90}},"type":"cond-expr","locations":[{"start":{"line":153,"column":34},"end":{"line":153,"column":83}},{"start":{"line":153,"column":86},"end":{"line":153,"column":90}}],"line":153},"9":{"loc":{"start":{"line":156,"column":9},"end":{"line":171,"column":10}},"type":"if","locations":[{"start":{"line":156,"column":9},"end":{"line":171,"column":10}},{"start":{"line":167,"column":13},"end":{"line":171,"column":10}}],"line":156},"10":{"loc":{"start":{"line":157,"column":12},"end":{"line":164,"column"
[...]
{"line":9,"column":37},"end":{"line":9,"column":49}},"2":{"start":{"line":10,"column":47},"end":{"line":10,"column":59}},"3":{"start":{"line":11,"column":37},"end":{"line":11,"column":52}},"4":{"start":{"line":12,"column":34},"end":{"line":12,"column":49}},"5":{"start":{"line":13,"column":44},"end":{"line":13,"column":56}},"6":{"start":{"line":14,"column":22},"end":{"line":14,"column":33}},"7":{"start":{"line":16,"column":27},"end":{"line":16,"column":54}},"8":{"start":{"line":16,"column":35},"end":{"line":16,"column":52}},"9":{"start":{"line":17,"column":4},"end":{"line":31,"column":9}},"10":{"start":{"line":18,"column":8},"end":{"line":18,"column":26}},"11":{"start":{"line":19,"column":8},"end":{"line":25,"column":14}},"12":{"start":{"line":21,"column":16},"end":{"line":21,"column":43}},"13":{"start":{"line":24,"column":16},"end":{"line":24,"column":35}},"14":{"start":{"line":26,"column":8},"end":{"line":29,"column":14}},"15":{"start":{"line":28,"column":16},"end":{"line":28,"column":48}},"16":{"start":{"line":33,"column":8},"end":{"line":33,"column":35}},"17":{"start":{"line":34,"column":8},"end":{"line":34,"column":30}},"18":{"start":{"line":36,"column":4},"end":{"line":95,"column":6}},"19":{"start":{"line":63,"column":28},"end":{"line":85,"column":45}},"20":{"start":{"line":81,"column":44},"end":{"line":81,"column":60}}},"fnMap":{"0":{"name":"(anonymous_0)","decl":{"start":{"line":8,"column":18},"end":{"line":8,"column":19}},"loc":{"start":{"line":8,"column":24},"end":{"line":96,"column":1}},"line":8},"1":{"name":"(anonymous_1)","decl":{"start":{"line":16,"column":27},"end":{"line":16,"column":28}},"loc":{"start":{"line":16,"column":33},"end":{"line":16,"column":54}},"line":16},"2":{"name":"(anonymous_2)","decl":{"start":{"line":17,"column":14},"end":{"line":17,"column":15}},"loc":{"start":{"line":17,"column":18},"end":{"line":31,"column":5}},"line":17},"3":{"name":"(anonymous_3)","decl":{"start":{"line":20,"column":18},"end":{"line":20,"column":19}},"loc":{"start":{"line":20,"column":30},"end":{"line":22,"column":13}},"line":20},"4":{"name":"(anonymous_4)","decl":{"start":{"line":23,"column":21},"end":{"line":23,"column":22}},"loc":{"start":{"line":23,"column":25},"end":{"line":25,"column":13}},"line":23},"5":{"name":"(anonymous_5)","decl":{"start":{"line":27,"column":18},"end":{"line":27,"column":19}},"loc":{"start":{"line":27,"column":30},"end":{"line":29,"column":13}},"line":27},"6":{"name":"selectItem","decl":{"start":{"line":32,"column":19},"end":{"line":32,"column":29}},"loc":{"start":{"line":32,"column":35},"end":{"line":35,"column":5}},"line":32},"7":{"name":"(anonymous_7)","decl":{"start":{"line":62,"column":44},"end":{"line":62,"column":45}},"loc":{"start":{"line":63,"column":28},"end":{"line":85,"column":45}},"line":63},"8":{"name":"(anonymous_8)","decl":{"start":{"line":80,"column":57},"end":{"line":80,"column":58}},"loc":{"start":{"line":80,"column":63},"end":{"line":82,"column":41}},"line":80}},"branchMap":{"0":{"loc":{"start":{"line":38,"column":13},"end":{"line":57,"column":22}},"type":"binary-expr","locations":[{"start":{"line":38,"column":13},"end":{"line":38,"column":23}},{"start":{"line":39,"column":16},"end":{"line":57,"column":22}}],"line":38},"1":{"loc":{"start":{"line":53,"column":36},"end":{"line":53,"column":76}},"type":"binary-expr","locations":[{"start":{"line":53,"column":36},"end":{"line":53,"column":62}},{"start":{"line":53,"column":66},"end":{"line":53,"column":76}}],"line":53},"2":{"loc":{"start":{"line":53,"column":79},"end":{"line":53,"column":119}},"type":"binary-expr","locations":[{"start":{"line":53,"column":79},"end":{"line":53,"column":104}},{"start":{"line":53,"column":108},"end":{"line":53,"column":119}}],"line":53},"3":{"loc":{"start":{"line":59,"column":13},"end":{"line":89,"column":23}},"type":"binary-expr","locations":[{"start":{"line":59,"column":13},"end":{"line":59,"column":23}},{"start":{"line":60,"column":16},"end":{"line":89,"column":23}}],"line":59},"4":{"loc":{"start":{"line":73,"column":37},"end":{"line":74,"column":94}},"type":"binary-expr","locations":[{"start":{"line":73,"column":37},"end":{"line":73,"column":53}},{"start":{"line":74,"column":40},"end":{"line":74,"column":94}}],"line":73},"5":{"loc":{"start":{"line":79,"column":37},"end":{"line":82,"column":91}},"type":"binary-expr","locations":[{"start":{"line":79,"column":37},"end":{"line":79,"column":62}},{"start":{"line":80,"column":40},"end":{"line":82,"column":91}}],"line":79},"6":{"loc":{"start":{"line":91,"column":13},"end":{"line":92,"column":107}},"type":"binary-expr","locations":[{"start":{"line":91,"column":13},"end":{"line":91,"column":20}},{"start":{"line":92,"column":16},"end":{"line":92,"column":107}}],"line":91}},"s":{"0":0,"1":0,"2":0,"3":0,"4":0,"5":0,"6":0,"7":0,"8":0,"9":0,"10":0,"11":0,"12":0,"13":0,"14":0,"15":0,"16":0,"17":0,"18":0,"19":0,"20":0},"f":{"0":0,"1":0,"2":0,"3":0,"4":0,"5":0,"6":0,"7":0,"8":0},"b":{"0":[0,0],"1":[0,0],"2":[0,0],"3":[0,0],"4":[0,0],"5":[0,0],"6":[0,0]}}
,"D:\\2022\\Web-Developing\\1FRONTEND\\Job\\store\\stroyroom_frontend_marketplace\\src\\views\\OrderListPage\\OrderListPage.jsx": {"path":"D:\\2022\\Web-Developing\\1FRONTEND\\Job\\store\\stroyroom_frontend_marketplace\\src\\views\\OrderListPage\\OrderListPage.jsx","statementMap":{"0":{"start":{"line":8,"column":22},"end":{"line":73,"column":1}},"1":{"start":{"line":9,"column":36},"end":{"line":9,"column":48}},"2":{"start":{"line":10,"column":39},"end":{"line":10,"column":53}},"3":{"start":{"line":11,"column":35},"end":{"line":11,"column":49}},"4":{"start":{"line":12,"column":27},"end":{"line":12,"column":42}},"5":{"start":{"line":13,"column":19},"end":{"line":13,"column":32}},"6":{"start":{"line":14,"column":4},"end":{"line":22,"column":11}},"7":{"start":{"line":15,"column":7},"end":{"line":21,"column":37}},"8":{"start":{"line":17,"column":15},"end":{"line":17,"column":49}},"9":{"start":{"line":18,"column":15},"end":{"line":18,"column":46}},"10":{"start":{"line":19,"column":15},"end":{"line":19,"column":51}},"11":{"start":{"line":21,"column":24},"end":{"line":21,"column":36}},"12":{"start":{"line":24,"column":21},"end":{"line":24,"column":39}},"13":{"start":{"line":25,"column":4},"end":{"line":30,"column":10}},"14":{"start":{"line":27,"column":12},"end":{"line":27,"column":46}},"15":{"start":{"line":28,"column":12},"end":{"line":28,"column":43}},"16":{"start":{"line":29,"column":12},"end":{"line":29,"column":68}},"17":{"start":{"line":32,"column":4},"end":{"line":72,"column":6}},"18":{"start":{"line":40,"column":24},"end":{"line":59,"column":41}},"19":{"start":{"line":41,"column":28},"end":{"line":41,"column":58}},"20":{"start":{"line":47,"column":40},"end":{"line":47,"column":101}}},"fnMap":{"0":{"name":"(anonymous_0)","decl":{"start":{"line":8,"column":22},"end":{"line":8,"column":23}},"loc":{"start":{"line":8,"column":28},"end":{"line":73,"column":1}},"line":8},"1":{"name":"(anonymous_1)","decl":{"start":{"line":14,"column":14},"end":{"line":14,"column":15}},"loc":{"start":{"line":14,"column":20},"end":{"line":22,"column":5}},"line":14},"2":{"name":"(anonymous_2)","decl":{"start":{"line":16,"column":17},"end":{"line":16,"column":18}},"loc":{"start":{"line":16,"column":29},"end":{"line":20,"column":12}},"line":16},"3":{"name":"(anonymous_3)","decl":{"start":{"line":21,"column":20},"end":{"line":21,"column":21}},"loc":{"start":{"line":21,"column":24},"end":{"line":21,"column":36}},"line":21},"4":{"name":"fetchData","decl":{"start":{"line":23,"column":9},"end":{"line":23,"column":18}},"loc":{"start":{"line":23,"column":21},"end":{"line":31,"column":1}},"line":23},"5":{"name":"(anonymous_5)","decl":{"start":{"line":26,"column":14},"end":{"line":26,"column":15}},"loc":{"start":{"line":26,"column":26},"end":{"line":30,"column":9}},"line":26},"6":{"name":"(anonymous_6)","decl":{"start":{"line":39,"column":77},"end":{"line":39,"column":78}},"loc":{"start":{"line":40,"column":24},"end":{"line":59,"column":41}},"line":40},"7":{"name":"(anonymous_7)","decl":{"start":{"line":40,"column":64},"end":{"line":40,"column":65}},"loc":{"start":{"line":40,"column":68},"end":{"line":42,"column":25}},"line":40},"8":{"name":"(anonymous_8)","decl":{"start":{"line":46,"column":54},"end":{"line":46,"column":55}},"loc":{"start":{"line":47,"column":40},"end":{"line":47,"column":101}},"line":47}},"branchMap":{"0":{"loc":{"start":{"line":39,"column":21},"end":{"line":61,"column":143}},"type":"cond-expr","locations":[{"start":{"line":39,"column":62},"end":{"line":61,"column":21}},{"start":{"line":61,"column":24},"end":{"line":61,"column":143}}],"line":39},"1":{"loc":{"start":{"line":39,"column":21},"end":{"line":39,"column":59}},"type":"binary-expr","locations":[{"start":{"line":39,"column":21},"end":{"line":39,"column":34}},{"start":{"line":39,"column":38},"end":{"line":39,"column":59}}],"line":39},"2":{"loc":{"start":{"line":53,"column":51},"end":{"line":53,"column":90}},"type":"cond-expr","locations":[{"start":{"line":53,"column":66},"end":{"line":53,"column":77}},{"start":{"line":53,"column":80},"end":{"line":53,"column":90}}],"line":53},"3":{"loc":{"start":{"line":62,"column":21},"end":{"line":62,"column":139}},"type":"cond-expr","locations":[{"start":{"line":62,"column":65},"end":{"line":62,"column":131}},{"start":{"line":62,"column":134},"end":{"line":62,"column":139}}],"line":62},"4":{"loc":{"start":{"line":62,"column":21},"end":{"line":62,"column":62}},"type":"binary-expr","locations":[{"start":{"line":62,"column":21},"end":{"line":62,"column":44}},{"start":{"line":62,"column":48},"end":{"line":62,"column":62}}],"line":62},"5":{"loc":{"start":{"line":65,"column":21},"end":{"line":66,"column":106}},"type":"binary-expr","locations":[{"start":{"line":65,"column":21},"end":{"line":65,"column":29}},{"start":{"line":66,"column":24},"end":{"line":66,"column":106}}],"line":65}},"s":{"0":0,"1":0,"2":0,"3":0,"4":0,"5":0,"6":0,"7":0,"8":0,"9":0,"10":0,"11":0,"12":0,"13":0,"14":0,"15":0,"16":0,"17":0,"18":0,"19":0,"20":0},"f":{"0":0,"1":0,"2":0,"3":0,"4":0,"5":0,"6":0,"7":0,"8":0},"b":{"0":[0,0],"1":[0,0],"2":[0,0],"3":[0,0],"4":[0,0],"5":[0,0]}}
,"D:\\2022\\Web-Developing\\1FRONTEND\\Job\\store\\stroyroom_frontend_marketplace\\src\\views\\SearchPage\\SearchPage.jsx": {"path":"D:\\2022\\Web-Developing\\1FRONTEND\\Job\\store\\stroyroom_frontend_marketplace\\src\\views\\SearchPage\\SearchPage.jsx","statementMap":{"0":{"start":{"line":10,"column":19},"end":{"line":100,"column":1}},"1":{"start":{"line":11,"column":41},"end":{"line":11,"column":53}},"2":{"start":{"line":12,"column":19},"end":{"line":12,"column":32}},"3":{"start":{"line":13,"column":22},"end":{"line":13,"column":58}},"4":{"start":{"line":14,"column":25},"end":{"line":14,"column":42}},"5":{"start":{"line":15,"column":4},"end":{"line":20,"column":32}},"6":{"start":{"line":16,"column":8},"end":{"line":19,"column":14}},"7":{"start":{"line":18,"column":16},"end":{"line":18,"column":53}},"8":{"start":{"line":23,"column":8},"end":{"line":23,"column":31}},"9":{"start":{"line":26,"column":8},"end":{"line":41,"column":14}},"10":{"start":{"line":33,"column":16},"end":{"line":40,"column":17}},"11":{"start":{"line":34,"column":20},"end":{"line":38,"column":21}},"12":{"start":{"line":36,"column":28},"end":{"line":36,"column":81}},"13":{"start":{"line":39,"column":20},"end":{"line":39,"column":38}},"14":{"start":{"line":44,"column":8},"end":{"line":57,"column":14}},"15":{"start":{"line":49,"column":16},"end":{"line":55,"column":17}},"16":{"start":{"line":50,"column":20},"end":{"line":54,"column":21}},"17":{"start":{"line":52,"column":28},"end":{"line":52,"column":81}},"18":{"start":{"line":56,"column":16},"end":{"line":56,"column":34}},"19":{"start":{"line":60,"column":4},"end":{"line":99,"column":6}},"20":{"start":{"line":72,"column":28},"end":{"line":93,"column":35}},"21":{"start":{"line":73,"column":56},"end":{"line":73,"column":73}},"22":{"start":{"line":75,"column":62},"end":{"line":75,"column":79}},"23":{"start":{"line":80,"column":44},"end":{"line":80,"column":75}},"24":{"start":{"line":87,"column":44},"end":{"line":87,"column":70}}},"fnMap":{"0":{"name":"(anonymous_0)","decl":{"start":{"line":10,"column":19},"end":{"line":10,"column":20}},"loc":{"start":{"line":10,"column":25},"end":{"line":100,"column":1}},"line":10},"1":{"name":"(anonymous_1)","decl":{"start":{"line":15,"column":14},"end":{"line":15,"column":15}},"loc":{"start":{"line":15,"column":20},"end":{"line":20,"column":5}},"line":15},"2":{"name":"(anonymous_2)","decl":{"start":{"line":17,"column":18},"end":{"line":17,"column":19}},"loc":{"start":{"line":17,"column":30},"end":{"line":19,"column":13}},"line":17},"3":{"name":"goToItem","decl":{"start":{"line":22,"column":13},"end":{"line":22,"column":21}},"loc":{"start":{"line":22,"column":25},"end":{"line":24,"column":5}},"line":22},"4":{"name":"addToCart","decl":{"start":{"line":25,"column":13},"end":{"line":25,"column":22}},"loc":{"start":{"line":25,"column":31},"end":{"line":42,"column":5}},"line":25},"5":{"name":"(anonymous_5)","decl":{"start":{"line":30,"column":18},"end":{"line":30,"column":19}},"loc":{"start":{"line":30,"column":30},"end":{"line":41,"column":13}},"line":30},"6":{"name":"(anonymous_6)","decl":{"start":{"line":35,"column":40},"end":{"line":35,"column":41}},"loc":{"start":{"line":36,"column":28},"end":{"line":36,"column":81}},"line":36},"7":{"name":"deleteFromCart","decl":{"start":{"line":43,"column":13},"end":{"line":43,"column":27}},"loc":{"start":{"line":43,"column":35},"end":{"line":58,"column":5}},"line":43},"8":{"name":"(anonymous_8)","decl":{"start":{"line":48,"column":18},"end":{"line":48,"column":19}},"loc":{"start":{"line":48,"column":30},"end":{"line":57,"column":13}},"line":48},"9":{"name":"(anonymous_9)","decl":{"start":{"line":51,"column":40},"end":{"line":51,"column":41}},"loc":{"start":{"line":52,"column":28},"end":{"line":52,"column":81}},"line":52},"10":{"name":"(anonymous_10)","decl":{"start":{"line":71,"column":41},"end":{"line":71,"column":42}},"loc":{"start":{"line":72,"column":28},"end":{"line":93,"column":35}},"line":72},"11":{"name":"(anonymous_11)","decl":{"start":{"line":73,"column":51},"end":{"line":73,"column":52}},"loc":{"start":{"line":73,"column":55},"end":{"line":73,"column":74}},"line":73},"12":{"name":"(anonymous_12)","decl":{"start":{"line":75,"column":57},"end":{"line":75,"column":58}},"loc":{"start":{"line":75,"column":61},"end":{"line":75,"column":80}},"line":75},"13":{"name":"(anonymous_13)","decl":{"start":{"line":79,"column":57},"end":{"line":79,"column":58}},"loc":{"start":{"line":79,"column":63},"end":{"line":81,"column":41}},"line":79},"14":{"name":"(anonymous_14)","decl":{"start":{"line":86,"column":85},"end":{"line":86,"column":86}},"loc":{"start":{"line":86,"column":91},"end":{"line":88,"column":41}},"line":86}},"branchMap":{"0":{"loc":{"start":{"line":33,"column":16},"end":{"line":40,"column":17}},"type":"if","locations":[{"start":{"line":33,"column":16},"end":{"line":40,"column":17}},{"start":{},"end":{}}],"line":33},"1":{"loc":{"start":{"line":36,"column":28},"end":{"line":36,"column":81}},"type":"cond-expr","locations":[{"start":{"line":36,"column":45},"end":{"line":36,"column":74}},{"start":{"line":36,"column":77},"end":{"line":36,"column":81}}],"line":36},"2":{"loc":{"start":{"line":49,"column":16},"end":{"line":55,"column":17}},"type":"if","locations":[{"start":{"line":49,"column":16},"end":{"line":55,"column":17}},{"start":{},"end":{}}],"line":49},"3":{"loc":{"start":{"line":52,"column":28},"end":{"line":52,"column":81}},"type":"cond-expr","locations":[{"start":{"line":52,"column":45},"end":{"line":52,"column":74}},{"start":{"line":52,"column":77},"end":{"line":52,"column":81}}],"line":52},"4":{"loc":{"start":{"line":68,"column":25},"end":{"line":69,"column":93}},"type":"binary-expr","locations":[{"start":{"line":68,"column":25},"end":{"line":68,"column":49}},{"start":{"line":69,"column":28},"end":{"line":69,"column":93}}],"line":68},"5":{"loc":{"start":{"line":78,"column":37},"end":{"line":83,"column":49}},"type":"binary-expr","locations":[{"start":{"line":78,"column":37},"end":{"line":78,"column":61}},{"start":{"line":79,"column":40},"end":{"line":83,"column":49}}],"line":78},"6":{"loc":{"start":{"line":85,"column":37},"end":{"line":90,"column":49}},"type":"binary-expr","locations":[{"start":{"line":85,"column":37},"end":{"line":85,"column":61}},{"start":{"line":86,"column":40},"end":{"line":90,"column":49}}],"line":85}},"s":{"0":0,"1":0,"2":0,"3":0,"4":0,"5":0,"6":0,"7":0,"8":0,"9":0,"10":0,"11":0,"12":0,"13":0,"14":0,"15":0,"16":0,"17":0,"18":0,"19":0,"20":0,"21":0,"22":0,"23":0,"24":0},"f":{"0":0,"1":0,"2":0,"3":0,"4":0,"5":0,"6":0,"7":0,"8":0,"9":0,"10":0,"11":0,"12":0,"13":0,"14":0},"b":{"0":[0,0],"1":[0,0],"2":[0,0],"3":[0,0],"4":[0,0],"5":[0,0],"6":[0,0]}}
,"D:\\2022\\Web-Developing\\1FRONTEND\\Job\\store\\stroyroom_frontend_marketplace\\src\\views\\UserPage\\UserPage.jsx": {"path":"D:\\2022\\Web-Developing\\1FRONTEND\\Job\\store\\stroyroom_frontend_marketplace\\src\\views\\UserPage\\UserPage.jsx","statementMap":{"0":{"start":{"line":9,"column":24},"end":{"line":40,"column":2}},"1":{"start":{"line":10,"column":4},"end":{"line":12,"column":10}},"2":{"start":{"line":11,"column":8},"end":{"line":11,"column":25}},"3":{"start":{"line":13,"column":42},"end":{"line":13,"column":57}},"4":{"start":{"line":14,"column":44},"end":{"line":14,"column":59}},"5":{"start":{"line":15,"column":2},"end":{"line":39,"column":3}},"6":{"start":{"line":22,"column":31},"end":{"line":22,"column":58}},"7":{"start":{"line":27,"column":38},"end":{"line":27,"column":66}},"8":{"start":{"line":31,"column":38},"end":{"line":31,"column":68}}},"fnMap":{"0":{"name":"(anonymous_0)","decl":{"start":{"line":9,"column":33},"end":{"line":9,"column":34}},"loc":{"start":{"line":9,"column":39},"end":{"line":40,"column":1}},"line":9},"1":{"name":"(anonymous_1)","decl":{"start":{"line":10,"column":14},"end":{"line":10,"column":15}},"loc":{"start":{"line":10,"column":20},"end":{"line":12,"column":5}},"line":10},"2":{"name":"(anonymous_2)","decl":{"start":{"line":22,"column":26},"end":{"line":22,"column":27}},"loc":{"start":{"line":22,"column":31},"end":{"line":22,"column":58}},"line":22},"3":{"name":"(anonymous_3)","decl":{"start":{"line":27,"column":34},"end":{"line":27,"column":35}},"loc":{"start":{"line":27,"column":38},"end":{"line":27,"column":66}},"line":27},"4":{"name":"(anonymous_4)","decl":{"start":{"line":31,"column":34},"end":{"line":31,"column":35}},"loc":{"start":{"line":31,"column":38},"end":{"line":31,"column":68}},"line":31}},"branchMap":{"0":{"loc":{"start":{"line":17,"column":9},"end":{"line":35,"column":76}},"type":"cond-expr","locations":[{"start":{"line":18,"column":8},"end":{"line":34,"column":14}},{"start":{"line":35,"column":9},"end":{"line":35,"column":76}}],"line":17},"1":{"loc":{"start":{"line":26,"column":75},"end":{"line":26,"column":106}},"type":"binary-expr","locations":[{"start":{"line":26,"column":75},"end":{"line":26,"column":97}},{"start":{"line":26,"column":101},"end":{"line":26,"column":106}}],"line":26},"2":{"loc":{"start":{"line":26,"column":110},"end":{"line":26,"column":171}},"type":"cond-expr","locations":[{"start":{"line":26,"column":136},"end":{"line":26,"column":150}},{"start":{"line":26,"column":153},"end":{"line":26,"column":171}}],"line":26},"3":{"loc":{"start":{"line":36,"column":9},"end":{"line":36,"column":107}},"type":"cond-expr","locations":[{"start":{"line":36,"column":23},"end":{"line":36,"column":99}},{"start":{"line":36,"column":102},"end":{"line":36,"column":107}}],"line":36},"4":{"loc":{"start":{"line":37,"column":9},"end":{"line":37,"column":114}},"type":"cond-expr","locations":[{"start":{"line":37,"column":24},"end":{"line":37,"column":106}},{"start":{"line":37,"column":109},"end":{"line":37,"column":114}}],"line":37}},"s":{"0":0,"1":0,"2":0,"3":0,"4":0,"5":0,"6":0,"7":0,"8":0},"f":{"0":0,"1":0,"2":0,"3":0,"4":0},"b":{"0":[0,0],"1":[0,0],"2":[0,0],"3":[0,0],"4":[0,0]}}
}
