{"D:\\2022\\Web-Developing\\1FRONTEND\\Job\\store\\stroyroom_frontend_marketplace\\src\\App.js": {"path":"D:\\2022\\Web-Developing\\1FRONTEND\\Job\\store\\stroyroom_frontend_marketplace\\src\\App.js","statementMap":{"0":{"start":{"line":16,"column":12},"end":{"line":38,"column":2}},"1":{"start":{"line":17,"column":2},"end":{"line":37,"column":4}}},"fnMap":{"0":{"name":"(anonymous_0)","decl":{"start":{"line":16,"column":21},"end":{"line":16,"column":22}},"loc":{"start":{"line":16,"column":27},"end":{"line":38,"column":1}},"line":16}},"branchMap":{"0":{"loc":{"start":{"line":18,"column":21},"end":{"line":18,"column":78}},"type":"cond-expr","locations":[{"start":{"line":18,"column":54},"end":{"line":18,"column":70}},{"start":{"line":18,"column":73},"end":{"line":18,"column":78}}],"line":18}},"s":{"0":0,"1":0},"f":{"0":0},"b":{"0":[0,0]}}
,"D:\\2022\\Web-Developing\\1FRONTEND\\Job\\store\\stroyroom_frontend_marketplace\\src\\index.js": {"path":"D:\\2022\\Web-Developing\\1FRONTEND\\Job\\store\\stroyroom_frontend_marketplace\\src\\index.js","statementMap":{"0":{"start":{"line":9,"column":0},"end":{"line":14,"column":2}},"1":{"start":{"line":19,"column":0},"end":{"line":19,"column":18}}},"fnMap":{},"branchMap":{},"s":{"0":0,"1":0},"f":{},"b":{}}
,"D:\\2022\\Web-Developing\\1FRONTEND\\Job\\store\\stroyroom_frontend_marketplace\\src\\reportWebVitals.js": {"path":"D:\\2022\\Web-Developing\\1FRONTEND\\Job\\store\\stroyroom_frontend_marketplace\\src\\reportWebVitals.js","statementMap":{"0":{"start":{"line":1,"column":24},"end":{"line":11,"column":1}},"1":{"start":{"line":2,"column":2},"end":{"line":10,"column":3}},"2":{"start":{"line":3,"column":4},"end":{"line":9,"column":7}},"3":{"start":{"line":4,"column":6},"end":{"line":4,"column":26}},"4":{"start":{"line":5,"column":6},"end":{"line":5,"column":26}},"5":{"start":{"line":6,"column":6},"end":{"line":6,"column":26}},"6":{"start":{"line":7,"column":6},"end":{"line":7,"column":26}},"7":{"start":{"line":8,"column":6},"end":{"line":8,"column":27}}},"fnMap":{"0":{"name":"(anonymous_0)","decl":{"start":{"line":1,"column":24},"end":{"line":1,"column":25}},"loc":{"start":{"line":1,"column":39},"end":{"line":11,"column":1}},"line":1},"1":{"name":"(anonymous_1)","decl":{"start":{"line":3,"column":30},"end":{"line":3,"column":31}},"loc":{"start":{"line":3,"column":79},"end":{"line":9,"column":5}},"line":3}},"branchMap":{"0":{"loc":{"start":{"line":2,"column":2},"end":{"line":10,"column":3}},"type":"if","locations":[{"start":{"line":2,"column":2},"end":{"line":10,"column":3}},{"start":{},"end":{}}],"line":2},"1":{"loc":{"start":{"line":2,"column":6},"end":{"line":2,"column":52}},"type":"binary-expr","locations":[{"start":{"line":2,"column":6},"end":{"line":2,"column":17}},{"start":{"line":2,"column":21},"end":{"line":2,"column":52}}],"line":2}},"s":{"0":0,"1":0,"2":0,"3":0,"4":0,"5":0,"6":0,"7":0},"f":{"0":0,"1":0},"b":{"0":[0,0],"1":[0,0]}}
,"D:\\2022\\Web-Developing\\1FRONTEND\\Job\\store\\stroyroom_frontend_marketplace\\src\\components\\Header.jsx": {"path":"D:\\2022\\Web-Developing\\1FRONTEND\\Job\\store\\stroyroom_frontend_marketplace\\src\\components\\Header.jsx","statementMap":{"0":{"start":{"line":26,"column":15},"end":{"line":133,"column":2}},"1":{"start":{"line":27,"column":22},"end":{"line":27,"column":74}},"2":{"start":{"line":28,"column":19},"end":{"line":28,"column":32}},"3":{"start":{"line":29,"column":41},"end":{"line":29,"column":53}},"4":{"start":{"line":30,"column":31},"end":{"line":30,"column":43}},"5":{"start":{"line":32,"column":0},"end":{"line":37,"column":5}},"6":{"start":{"line":33,"column":4},"end":{"line":36,"column":10}},"7":{"start":{"line":35,"column":12},"end":{"line":35,"column":37}},"8":{"start":{"line":43,"column":8},"end":{"line":43,"column":22}},"9":{"start":{"line":44,"column":8},"end":{"line":46,"column":47}},"10":{"start":{"line":44,"column":33},"end":{"line":44,"column":39}},"11":{"start":{"line":45,"column":13},"end":{"line":46,"column":47}},"12":{"start":{"line":46,"column":9},"end":{"line":46,"column":47}},"13":{"start":{"line":49,"column":8},"end":{"line":49,"column":31}},"14":{"start":{"line":50,"column":8},"end":{"line":50,"column":27}},"15":{"start":{"line":51,"column":8},"end":{"line":51,"column":25}},"16":{"start":{"line":54,"column":7},"end":{"line":54,"column":35}},"17":{"start":{"line":55,"column":8},"end":{"line":55,"column":25}},"18":{"start":{"line":59,"column":4},"end":{"line":132,"column":6}},"19":{"start":{"line":71,"column":36},"end":{"line":71,"column":107}},"20":{"start":{"line":71,"column":71},"end":{"line":71,"column":87}},"21":{"start":{"line":82,"column":78},"end":{"line":82,"column":91}},"22":{"start":{"line":83,"column":42},"end":{"line":83,"column":71}},"23":{"start":{"line":96,"column":46},"end":{"line":96,"column":59}},"24":{"start":{"line":98,"column":48},"end":{"line":98,"column":83}},"25":{"start":{"line":112,"column":22},"end":{"line":112,"column":46}},"26":{"start":{"line":116,"column":64},"end":{"line":116,"column":81}},"27":{"start":{"line":118,"column":37},"end":{"line":118,"column":56}}},"fnMap":{"0":{"name":"(anonymous_0)","decl":{"start":{"line":26,"column":24},"end":{"line":26,"column":25}},"loc":{"start":{"line":26,"column":30},"end":{"line":133,"column":1}},"line":26},"1":{"name":"(anonymous_1)","decl":{"start":{"line":32,"column":10},"end":{"line":32,"column":11}},"loc":{"start":{"line":32,"column":14},"end":{"line":37,"column":1}},"line":32},"2":{"name":"(anonymous_2)","decl":{"start":{"line":34,"column":14},"end":{"line":34,"column":15}},"loc":{"start":{"line":34,"column":26},"end":{"line":36,"column":9}},"line":34},"3":{"name":"goToSearch","decl":{"start":{"line":42,"column":14},"end":{"line":42,"column":24}},"loc":{"start":{"line":42,"column":27},"end":{"line":47,"column":6}},"line":42},"4":{"name":"unAuthUser","decl":{"start":{"line":48,"column":19},"end":{"line":48,"column":29}},"loc":{"start":{"line":48,"column":31},"end":{"line":52,"column":5}},"line":48},"5":{"name":"changeCity","decl":{"start":{"line":53,"column":19},"end":{"line":53,"column":29}},"loc":{"start":{"line":53,"column":35},"end":{"line":56,"column":5}},"line":53},"6":{"name":"(anonymous_6)","decl":{"start":{"line":70,"column":45},"end":{"line":70,"column":46}},"loc":{"start":{"line":71,"column":36},"end":{"line":71,"column":107}},"line":71},"7":{"name":"(anonymous_7)","decl":{"start":{"line":71,"column":66},"end":{"line":71,"column":67}},"loc":{"start":{"line":71,"column":70},"end":{"line":71,"column":88}},"line":71},"8":{"name":"(anonymous_8)","decl":{"start":{"line":82,"column":73},"end":{"line":82,"column":74}},"loc":{"start":{"line":82,"column":77},"end":{"line":82,"column":92}},"line":82},"9":{"name":"(anonymous_9)","decl":{"start":{"line":83,"column":37},"end":{"line":83,"column":38}},"loc":{"start":{"line":83,"column":41},"end":{"line":83,"column":72}},"line":83},"10":{"name":"(anonymous_10)","decl":{"start":{"line":96,"column":40},"end":{"line":96,"column":41}},"loc":{"start":{"line":96,"column":45},"end":{"line":96,"column":60}},"line":96},"11":{"name":"(anonymous_11)","decl":{"start":{"line":98,"column":38},"end":{"line":98,"column":39}},"loc":{"start":{"line":98,"column":47},"end":{"line":98,"column":84}},"line":98},"12":{"name":"(anonymous_12)","decl":{"start":{"line":112,"column":17},"end":{"line":112,"column":18}},"loc":{"start":{"line":112,"column":21},"end":{"line":112,"column":47}},"line":112},"13":{"name":"(anonymous_13)","decl":{"start":{"line":116,"column":59},"end":{"line":116,"column":60}},"loc":{"start":{"line":116,"column":63},"end":{"line":116,"column":82}},"line":116},"14":{"name":"(anonymous_14)","decl":{"start":{"line":118,"column":32},"end":{"line":118,"column":33}},"loc":{"start":{"line":118,"column":36},"end":{"line":118,"column":57}},"line":118}},"branchMap":{"0":{"loc":{"start":{"line":44,"column":8},"end":{"line":46,"column":47}},"type":"if","locations":[{"start":{"line":44,"column":8},"end":{"line":46,"column":47}},{"start":{"line":45,"column":13},"end":{"line":46,"column":47}}],"line":44},"1":{"loc":{"start":{"line":45,"column":13},"end":{"line":46,"column":47}},"type":"if","locations":[{"start":{"line":45,"column":13},"end":{"line":46,"column":47}},{"start":{},"end":{}}],"line":45},"2":{"loc":{"start":{"line":45,"column":17},"end":{"line":45,"column":86}},"type":"binary-expr","locations":[{"start":{"line":45,"column":18},"end":{"line":45,"column":55}},{"start":{"line":45,"column":60},"end":{"line":45,"column":86}}],"line":45},"3":{"loc":{"start":{"line":45,"column":25},"end":{"line":45,"column":55}},"type":"binary-expr","locations":[{"start":{"line":45,"column":25},"end":{"line":45,"column":35}},{"start":{"line":45,"column":39},"end":{"line":45,"column":55}}],"line":45},"4":{"loc":{"start":{"line":87,"column":17},"end":{"line":88,"column":43}},"type":"binary-expr","locations":[{"start":{"line":87,"column":17},"end":{"line":87,"column":31}},{"start":{"line":88,"column":20},"end":{"line":88,"column":43}}],"line":87},"5":{"loc":{"start":{"line":111,"column":6},"end":{"line":112,"column":64}},"type":"binary-expr","locations":[{"start":{"line":111,"column":6},"end":{"line":111,"column":45}},{"start":{"line":112,"column":0},"end":{"line":112,"column":64}}],"line":111},"6":{"loc":{"start":{"line":111,"column":26},"end":{"line":111,"column":44}},"type":"binary-expr","locations":[{"start":{"line":111,"column":26},"end":{"line":111,"column":31}},{"start":{"line":111,"column":35},"end":{"line":111,"column":44}}],"line":111},"7":{"loc":{"start":{"line":114,"column":6},"end":{"line":122,"column":14}},"type":"binary-expr","locations":[{"start":{"line":114,"column":6},"end":{"line":114,"column":31}},{"start":{"line":115,"column":8},"end":{"line":122,"column":14}}],"line":114}},"s":{"0":0,"1":0,"2":0,"3":0,"4":0,"5":0,"6":0,"7":0,"8":0,"9":0,"10":0,"11":0,"12":0,"13":0,"14":0,"15":0,"16":0,"17":0,"18":0,"19":0,"20":0,"21":0,"22":0,"23":0,"24":0,"25":0,"26":0,"27":0},"f":{"0":0,"1":0,"2":0,"3":0,"4":0,"5":0,"6":0,"7":0,"8":0,"9":0,"10":0,"11":0,"12":0,"13":0,"14":0},"b":{"0":[0,0],"1":[0,0],"2":[0,0],"3":[0,0],"4":[0,0],"5":[0,0],"6":[0,0],"7":[0,0]}}
,"D:\\2022\\Web-Developing\\1FRONTEND\\Job\\store\\stroyroom_frontend_marketplace\\src\\components\\AuthModal\\AuthModal.jsx": {"path":"D:\\2022\\Web-Developing\\1FRONTEND\\Job\\store\\stroyroom_frontend_marketplace\\src\\components\\AuthModal\\AuthModal.jsx","statementMap":{"0":{"start":{"line":11,"column":18},"end":{"line":111,"column":2}},"1":{"start":{"line":12,"column":47},"end":{"line":12,"column":88}},"2":{"start":{"line":13,"column":40},"end":{"line":13,"column":52}},"3":{"start":{"line":14,"column":36},"end":{"line":14,"column":48}},"4":{"start":{"line":15,"column":48},"end":{"line":15,"column":59}},"5":{"start":{"line":16,"column":48},"end":{"line":16,"column":63}},"6":{"start":{"line":18,"column":19},"end":{"line":18,"column":32}},"7":{"start":{"line":21,"column":8},"end":{"line":51,"column":18}},"8":{"start":{"line":26,"column":20},"end":{"line":29,"column":54}},"9":{"start":{"line":32,"column":20},"end":{"line":32,"column":47}},"10":{"start":{"line":40,"column":20},"end":{"line":47,"column":21}},"11":{"start":{"line":41,"column":24},"end":{"line":41,"column":94}},"12":{"start":{"line":42,"column":24},"end":{"line":42,"column":95}},"13":{"start":{"line":43,"column":24},"end":{"line":43,"column":80}},"14":{"start":{"line":44,"column":24},"end":{"line":44,"column":63}},"15":{"start":{"line":45,"column":24},"end":{"line":45,"column":49}},"16":{"start":{"line":46,"column":24},"end":{"line":46,"column":35}},"17":{"start":{"line":50,"column":20},"end":{"line":50,"column":38}},"18":{"start":{"line":54,"column":8},"end":{"line":54,"column":26}},"19":{"start":{"line":55,"column":8},"end":{"line":55,"column":24}},"20":{"start":{"line":56,"column":8},"end":{"line":56,"column":29}},"21":{"start":{"line":59,"column":25},"end":{"line":72,"column":5}},"22":{"start":{"line":60,"column":21},"end":{"line":60,"column":40}},"23":{"start":{"line":61,"column":8},"end":{"line":69,"column":9}},"24":{"start":{"line":62,"column":12},"end":{"line":62,"column":35}},"25":{"start":{"line":63,"column":12},"end":{"line":63,"column":36}},"26":{"start":{"line":66,"column":12},"end":{"line":66,"column":31}},"27":{"start":{"line":67,"column":12},"end":{"line":67,"column":35}},"28":{"start":{"line":68,"column":12},"end":{"line":68,"column":36}},"29":{"start":{"line":71,"column":8},"end":{"line":71,"column":32}},"30":{"start":{"line":74,"column":8},"end":{"line":74,"column":31}},"31":{"start":{"line":75,"column":8},"end":{"line":75,"column":25}},"32":{"start":{"line":78,"column":4},"end":{"line":110,"column":6}},"33":{"start":{"line":79,"column":59},"end":{"line":79,"column":84}},"34":{"start":{"line":88,"column":114},"end":{"line":88,"column":148}},"35":{"start":{"line":94,"column":32},"end":{"line":94,"column":64}},"36":{"start":{"line":101,"column":62},"end":{"line":101,"column":87}}},"fnMap":{"0":{"name":"(anonymous_0)","decl":{"start":{"line":11,"column":27},"end":{"line":11,"column":28}},"loc":{"start":{"line":11,"column":33},"end":{"line":111,"column":1}},"line":11},"1":{"name":"onSubmitLoginForm","decl":{"start":{"line":20,"column":13},"end":{"line":20,"column":30}},"loc":{"start":{"line":20,"column":32},"end":{"line":52,"column":5}},"line":20},"2":{"name":"(anonymous_2)","decl":{"start":{"line":25,"column":22},"end":{"line":25,"column":23}},"loc":{"start":{"line":25,"column":34},"end":{"line":30,"column":17}},"line":25},"3":{"name":"(anonymous_3)","decl":{"start":{"line":31,"column":23},"end":{"line":31,"column":24}},"loc":{"start":{"line":31,"column":32},"end":{"line":33,"column":17}},"line":31},"4":{"name":"(anonymous_4)","decl":{"start":{"line":39,"column":22},"end":{"line":39,"column":23}},"loc":{"start":{"line":39,"column":34},"end":{"line":48,"column":17}},"line":39},"5":{"name":"(anonymous_5)","decl":{"start":{"line":49,"column":23},"end":{"line":49,"column":24}},"loc":{"start":{"line":49,"column":32},"end":{"line":51,"column":17}},"line":49},"6":{"name":"resetLoginForm","decl":{"start":{"line":53,"column":13},"end":{"line":53,"column":27}},"loc":{"start":{"line":53,"column":29},"end":{"line":57,"column":5}},"line":53},"7":{"name":"(anonymous_7)","decl":{"start":{"line":59,"column":25},"end":{"line":59,"column":26}},"loc":{"start":{"line":59,"column":36},"end":{"line":72,"column":5}},"line":59},"8":{"name":"unAuthUser","decl":{"start":{"line":73,"column":19},"end":{"line":73,"column":29}},"loc":{"start":{"line":73,"column":31},"end":{"line":76,"column":5}},"line":73},"9":{"name":"(anonymous_9)","decl":{"start":{"line":79,"column":54},"end":{"line":79,"column":55}},"loc":{"start":{"line":79,"column":58},"end":{"line":79,"column":85}},"line":79},"10":{"name":"(anonymous_10)","decl":{"start":{"line":88,"column":104},"end":{"line":88,"column":105}},"loc":{"start":{"line":88,"column":113},"end":{"line":88,"column":149}},"line":88},"11":{"name":"(anonymous_11)","decl":{"start":{"line":93,"column":68},"end":{"line":93,"column":69}},"loc":{"start":{"line":93,"column":79},"end":{"line":95,"column":29}},"line":93},"12":{"name":"(anonymous_12)","decl":{"start":{"line":101,"column":57},"end":{"line":101,"column":58}},"loc":{"start":{"line":101,"column":61},"end":{"line":101,"column":88}},"line":101}},"branchMap":{"0":{"loc":{"start":{"line":21,"column":8},"end":{"line":51,"column":18}},"type":"cond-expr","locations":[{"start":{"line":22,"column":12},"end":{"line":33,"column":18}},{"start":{"line":35,"column":12},"end":{"line":51,"column":18}}],"line":21},"1":{"loc":{"start":{"line":26,"column":20},"end":{"line":29,"column":54}},"type":"cond-expr","locations":[{"start":{"line":27,"column":24},"end":{"line":27,"column":45}},{"start":{"line":29,"column":24},"end":{"line":29,"column":54}}],"line":26},"2":{"loc":{"start":{"line":40,"column":20},"end":{"line":47,"column":21}},"type":"if","locations":[{"start":{"line":40,"column":20},"end":{"line":47,"column":21}},{"start":{},"end":{}}],"line":40},"3":{"loc":{"start":{"line":61,"column":8},"end":{"line":69,"column":9}},"type":"if","locations":[{"start":{"line":61,"column":8},"end":{"line":69,"column":9}},{"start":{"line":65,"column":12},"end":{"line":69,"column":9}}],"line":61},"4":{"loc":{"start":{"line":90,"column":21},"end":{"line":96,"column":37}},"type":"binary-expr","locations":[{"start":{"line":90,"column":21},"end":{"line":90,"column":42}},{"start":{"line":91,"column":24},"end":{"line":96,"column":37}}],"line":90}},"s":{"0":0,"1":0,"2":0,"3":0,"4":0,"5":0,"6":0,"7":0,"8":0,"9":0,"10":0,"11":0,"12":0,"13":0,"14":0,"15":0,"16":0,"17":0,"18":0,"19":0,"20":0,"21":0,"22":0,"23":0,"24":0,"25":0,"26":0,"27":0,"28":0,"29":0,"30":0,"31":0,"32":0,"33":0,"34":0,"35":0,"36":0},"f":{"0":0,"1":0,"2":0,"3":0,"4":0,"5":0,"6":0,"7":0,"8":0,"9":0,"10":0,"11":0,"12":0},"b":{"0":[0,0],"1":[0,0],"2":[0,0],"3":[0,0],"4":[0,0]}}
,"D:\\2022\\Web-Developing\\1FRONTEND\\Job\\store\\stroyroom_frontend_marketplace\\src\\components\\DeliveryMap\\DeliveryMap.jsx": {"path":"D:\\2022\\Web-Developing\\1FRONTEND\\Job\\store\\stroyroom_frontend_marketplace\\src\\components\\DeliveryMap\\DeliveryMap.jsx","statementMap":{"0":{"start":{"line":12,"column":0},"end":{"line":12,"column":92}},"1":{"start":{"line":13,"column":0},"end":{"line":13,"column":114}},"2":{"start":{"line":16,"column":20},"end":{"line":113,"column":1}},"3":{"start":{"line":17,"column":30},"end":{"line":17,"column":130}},"4":{"start":{"line":18,"column":46},"end":{"line":18,"column":60}},"5":{"start":{"line":19,"column":38},"end":{"line":19,"column":52}},"6":{"start":{"line":20,"column":4},"end":{"line":23,"column":22}},"7":{"start":{"line":21,"column":8},"end":{"line":21,"column":42}},"8":{"start":{"line":21,"column":36},"end":{"line":21,"column":42}},"9":{"start":{"line":26,"column":8},"end":{"line":26,"column":77}},"10":{"start":{"line":29,"column":7},"end":{"line":39,"column":14}},"11":{"start":{"line":31,"column":16},"end":{"line":31,"column":110}},"12":{"start":{"line":31,"column":47},"end":{"line":31,"column":108}},"13":{"start":{"line":32,"column":16},"end":{"line":32,"column":65}},"14":{"start":{"line":35,"column":17},"end":{"line":35,"column":35}},"15":{"start":{"line":38,"column":16},"end":{"line":38,"column":110}},"16":{"start":{"line":43,"column":8},"end":{"line":43,"column":33}},"17":{"start":{"line":44,"column":8},"end":{"line":44,"column":23}},"18":{"start":{"line":45,"column":8},"end":{"line":45,"column":85}},"19":{"start":{"line":48,"column":7},"end":{"line":60,"column":14}},"20":{"start":{"line":50,"column":16},"end":{"line":50,"column":45}},"21":{"start":{"line":51,"column":16},"end":{"line":51,"column":38}},"22":{"start":{"line":52,"column":16},"end":{"line":52,"column":110}},"23":{"start":{"line":52,"column":47},"end":{"line":52,"column":108}},"24":{"start":{"line":53,"column":16},"end":{"line":53,"column":65}},"25":{"start":{"line":56,"column":17},"end":{"line":56,"column":35}},"26":{"start":{"line":59,"column":16},"end":{"line":59,"column":118}},"27":{"start":{"line":62,"column":4},"end":{"line":75,"column":10}},"28":{"start":{"line":63,"column":25},"end":{"line":70,"column":14}},"29":{"start":{"line":71,"column":12},"end":{"line":71,"column":40}},"30":{"start":{"line":72,"column":12},"end":{"line":74,"column":15}},"31":{"start":{"line":73,"column":12},"end":{"line":73,"column":47}},"32":{"start":{"line":77,"column":4},"end":{"line":112,"column":6}},"33":{"start":{"line":86,"column":27},"end":{"line":86,"column":41}},"34":{"start":{"line":94,"column":38},"end":{"line":94,"column":57}}},"fnMap":{"0":{"name":"(anonymous_0)","decl":{"start":{"line":16,"column":20},"end":{"line":16,"column":21}},"loc":{"start":{"line":16,"column":31},"end":{"line":113,"column":1}},"line":16},"1":{"name":"(anonymous_1)","decl":{"start":{"line":20,"column":14},"end":{"line":20,"column":15}},"loc":{"start":{"line":20,"column":18},"end":{"line":23,"column":5}},"line":20},"2":{"name":"selectCoord","decl":{"start":{"line":25,"column":19},"end":{"line":25,"column":30}},"loc":{"start":{"line":25,"column":34},"end":{"line":40,"column":5}},"line":25},"3":{"name":"(anonymous_3)","decl":{"start":{"line":30,"column":18},"end":{"line":30,"column":19}},"loc":{"start":{"line":30,"column":30},"end":{"line":33,"column":13}},"line":30},"4":{"name":"(anonymous_4)","decl":{"start":{"line":31,"column":33},"end":{"line":31,"column":34}},"loc":{"start":{"line":31,"column":47},"end":{"line":31,"column":108}},"line":31},"5":{"name":"(anonymous_5)","decl":{"start":{"line":34,"column":21},"end":{"line":34,"column":22}},"loc":{"start":{"line":34,"column":25},"end":{"line":39,"column":13}},"line":34},"6":{"name":"searchCoord","decl":{"start":{"line":42,"column":19},"end":{"line":42,"column":30}},"loc":{"start":{"line":42,"column":34},"end":{"line":61,"column":5}},"line":42},"7":{"name":"(anonymous_7)","decl":{"start":{"line":49,"column":18},"end":{"line":49,"column":19}},"loc":{"start":{"line":49,"column":30},"end":{"line":54,"column":13}},"line":49},"8":{"name":"(anonymous_8)","decl":{"start":{"line":52,"column":33},"end":{"line":52,"column":34}},"loc":{"start":{"line":52,"column":47},"end":{"line":52,"column":108}},"line":52},"9":{"name":"(anonymous_9)","decl":{"start":{"line":55,"column":21},"end":{"line":55,"column":22}},"loc":{"start":{"line":55,"column":25},"end":{"line":60,"column":13}},"line":55},"10":{"name":"(anonymous_10)","decl":{"start":{"line":62,"column":14},"end":{"line":62,"column":15}},"loc":{"start":{"line":62,"column":20},"end":{"line":75,"column":5}},"line":62},"11":{"name":"(anonymous_11)","decl":{"start":{"line":72,"column":34},"end":{"line":72,"column":35}},"loc":{"start":{"line":72,"column":45},"end":{"line":74,"column":13}},"line":72},"12":{"name":"(anonymous_12)","decl":{"start":{"line":86,"column":21},"end":{"line":86,"column":22}},"loc":{"start":{"line":86,"column":26},"end":{"line":86,"column":42}},"line":86},"13":{"name":"(anonymous_13)","decl":{"start":{"line":94,"column":32},"end":{"line":94,"column":33}},"loc":{"start":{"line":94,"column":38},"end":{"line":94,"column":57}},"line":94}},"branchMap":{"0":{"loc":{"start":{"line":21,"column":8},"end":{"line":21,"column":42}},"type":"if","locations":[{"start":{"line":21,"column":8},"end":{"line":21,"column":42}},{"start":{},"end":{}}],"line":21},"1":{"loc":{"start":{"line":91,"column":13},"end":{"line":96,"column":25}},"type":"binary-expr","locations":[{"start":{"line":91,"column":13},"end":{"line":91,"column":22}},{"start":{"line":91,"column":26},"end":{"line":91,"column":48}},{"start":{"line":92,"column":16},"end":{"line":96,"column":24}}],"line":91},"2":{"loc":{"start":{"line":97,"column":13},"end":{"line":100,"column":23}},"type":"binary-expr","locations":[{"start":{"line":97,"column":13},"end":{"line":97,"column":35}},{"start":{"line":98,"column":14},"end":{"line":100,"column":23}}],"line":97}},"s":{"0":0,"1":0,"2":0,"3":0,"4":0,"5":0,"6":0,"7":0,"8":0,"9":0,"10":0,"11":0,"12":0,"13":0,"14":0,"15":0,"16":0,"17":0,"18":0,"19":0,"20":0,"21":0,"22":0,"23":0,"24":0,"25":0,"26":0,"27":0,"28":0,"29":0,"30":0,"31":0,"32":0,"33":0,"34":0},"f":{"0":0,"1":0,"2":0,"3":0,"4":0,"5":0,"6":0,"7":0,"8":0,"9":0,"10":0,"11":0,"12":0,"13":0},"b":{"0":[0,0],"1":[0,0,0],"2":[0,0]}}
,"D:\\2022\\Web-Developing\\1FRONTEND\\Job\\store\\stroyroom_frontend_marketplace\\src\\components\\ItemProperty\\ItemProperty.jsx": {"path":"D:\\2022\\Web-Developing\\1FRONTEND\\Job\\store\\stroyroom_frontend_marketplace\\src\\components\\ItemProperty\\ItemProperty.jsx","statementMap":{"0":{"start":{"line":7,"column":21},"end":{"line":43,"column":1}},"1":{"start":{"line":8,"column":21},"end":{"line":8,"column":32}},"2":{"start":{"line":9,"column":42},"end":{"line":9,"column":54}},"3":{"start":{"line":10,"column":36},"end":{"line":10,"column":50}},"4":{"start":{"line":13,"column":4},"end":{"line":15,"column":23}},"5":{"start":{"line":14,"column":8},"end":{"line":14,"column":17}},"6":{"start":{"line":20,"column":8},"end":{"line":28,"column":14}},"7":{"start":{"line":23,"column":16},"end":{"line":23,"column":46}},"8":{"start":{"line":24,"column":16},"end":{"line":24,"column":41}},"9":{"start":{"line":27,"column":16},"end":{"line":27,"column":35}},"10":{"start":{"line":30,"column":4},"end":{"line":42,"column":6}},"11":{"start":{"line":36,"column":12},"end":{"line":38,"column":18}}},"fnMap":{"0":{"name":"(anonymous_0)","decl":{"start":{"line":7,"column":21},"end":{"line":7,"column":22}},"loc":{"start":{"line":7,"column":37},"end":{"line":43,"column":1}},"line":7},"1":{"name":"(anonymous_1)","decl":{"start":{"line":13,"column":14},"end":{"line":13,"column":15}},"loc":{"start":{"line":13,"column":18},"end":{"line":15,"column":5}},"line":13},"2":{"name":"getData","decl":{"start":{"line":18,"column":19},"end":{"line":18,"column":26}},"loc":{"start":{"line":18,"column":28},"end":{"line":29,"column":5}},"line":18},"3":{"name":"(anonymous_3)","decl":{"start":{"line":22,"column":18},"end":{"line":22,"column":19}},"loc":{"start":{"line":22,"column":30},"end":{"line":25,"column":13}},"line":22},"4":{"name":"(anonymous_4)","decl":{"start":{"line":26,"column":21},"end":{"line":26,"column":22}},"loc":{"start":{"line":26,"column":25},"end":{"line":28,"column":13}},"line":26},"5":{"name":"(anonymous_5)","decl":{"start":{"line":35,"column":26},"end":{"line":35,"column":27}},"loc":{"start":{"line":36,"column":12},"end":{"line":38,"column":18}},"line":36}},"branchMap":{"0":{"loc":{"start":{"line":32,"column":4},"end":{"line":40,"column":11}},"type":"binary-expr","locations":[{"start":{"line":32,"column":4},"end":{"line":32,"column":14}},{"start":{"line":33,"column":4},"end":{"line":40,"column":11}}],"line":32}},"s":{"0":0,"1":0,"2":0,"3":0,"4":0,"5":0,"6":0,"7":0,"8":0,"9":0,"10":0,"11":0},"f":{"0":0,"1":0,"2":0,"3":0,"4":0,"5":0},"b":{"0":[0,0]}}
,"D:\\2022\\Web-Developing\\1FRONTEND\\Job\\store\\stroyroom_frontend_marketplace\\src\\components\\OrderMap\\OrderMap.jsx": {"path":"D:\\2022\\Web-Developing\\1FRONTEND\\Job\\store\\stroyroom_frontend_marketplace\\src\\components\\OrderMap\\OrderMap.jsx","statementMap":{"0":{"start":{"line":6,"column":17},"end":{"line":53,"column":1}},"1":{"start":{"line":7,"column":4},"end":{"line":52,"column":6}}},"fnMap":{"0":{"name":"(anonymous_0)","decl":{"start":{"line":6,"column":17},"end":{"line":6,"column":18}},"loc":{"start":{"line":6,"column":28},"end":{"line":53,"column":1}},"line":6}},"branchMap":{"0":{"loc":{"start":{"line":14,"column":21},"end":{"line":40,"column":30}},"type":"binary-expr","locations":[{"start":{"line":14,"column":21},"end":{"line":14,"column":36}},{"start":{"line":15,"column":24},"end":{"line":40,"column":30}}],"line":14}},"s":{"0":0,"1":0},"f":{"0":0},"b":{"0":[0,0]}}
,"D:\\2022\\Web-Developing\\1FRONTEND\\Job\\store\\stroyroom_frontend_marketplace\\src\\components\\Sidebar\\Sidebar.jsx": {"path":"D:\\2022\\Web-Developing\\1FRONTEND\\Job\\store\\stroyroom_frontend_marketplace\\src\\components\\Sidebar\\Sidebar.jsx","statementMap":{"0":{"start":{"line":11,"column":16},"end":{"line":48,"column":2}},"1":{"start":{"line":12,"column":19},"end":{"line":12,"column":32}},"2":{"start":{"line":13,"column":48},"end":{"line":13,"column":60}},"3":{"start":{"line":15,"column":4},"end":{"line":28,"column":11}},"4":{"start":{"line":16,"column":8},"end":{"line":25,"column":14}},"5":{"start":{"line":18,"column":33},"end":{"line":23,"column":18}},"6":{"start":{"line":19,"column":20},"end":{"line":22,"column":21}},"7":{"start":{"line":24,"column":16},"end":{"line":24,"column":45}},"8":{"start":{"line":26,"column":8},"end":{"line":27,"column":10}},"9":{"start":{"line":32,"column":4},"end":{"line":47,"column":6}},"10":{"start":{"line":39,"column":20},"end":{"line":39,"column":67}},"11":{"start":{"line":40,"column":21},"end":{"line":40,"column":50}}},"fnMap":{"0":{"name":"(anonymous_0)","decl":{"start":{"line":11,"column":25},"end":{"line":11,"column":26}},"loc":{"start":{"line":11,"column":31},"end":{"line":48,"column":1}},"line":11},"1":{"name":"(anonymous_1)","decl":{"start":{"line":15,"column":14},"end":{"line":15,"column":15}},"loc":{"start":{"line":15,"column":20},"end":{"line":28,"column":5}},"line":15},"2":{"name":"(anonymous_2)","decl":{"start":{"line":17,"column":18},"end":{"line":17,"column":19}},"loc":{"start":{"line":17,"column":30},"end":{"line":25,"column":13}},"line":17},"3":{"name":"(anonymous_3)","decl":{"start":{"line":18,"column":51},"end":{"line":18,"column":52}},"loc":{"start":{"line":19,"column":20},"end":{"line":22,"column":21}},"line":19},"4":{"name":"(anonymous_4)","decl":{"start":{"line":26,"column":15},"end":{"line":26,"column":16}},"loc":{"start":{"line":26,"column":21},"end":{"line":27,"column":9}},"line":26},"5":{"name":"(anonymous_5)","decl":{"start":{"line":38,"column":27},"end":{"line":38,"column":28}},"loc":{"start":{"line":38,"column":41},"end":{"line":41,"column":18}},"line":38}},"branchMap":{"0":{"loc":{"start":{"line":33,"column":24},"end":{"line":33,"column":107}},"type":"cond-expr","locations":[{"start":{"line":33,"column":48},"end":{"line":33,"column":75}},{"start":{"line":33,"column":78},"end":{"line":33,"column":107}}],"line":33}},"s":{"0":0,"1":0,"2":0,"3":0,"4":0,"5":0,"6":0,"7":0,"8":0,"9":0,"10":0,"11":0},"f":{"0":0,"1":0,"2":0,"3":0,"4":0,"5":0},"b":{"0":[0,0]}}
,"D:\\2022\\Web-Developing\\1FRONTEND\\Job\\store\\stroyroom_frontend_marketplace\\src\\components\\SuccessOrder\\SuccessOrder.jsx": {"path":"D:\\2022\\Web-Developing\\1FRONTEND\\Job\\store\\stroyroom_frontend_marketplace\\src\\components\\SuccessOrder\\SuccessOrder.jsx","statementMap":{"0":{"start":{"line":7,"column":21},"end":{"line":27,"column":1}},"1":{"start":{"line":8,"column":21},"end":{"line":8,"column":34}},"2":{"start":{"line":10,"column":4},"end":{"line":26,"column":6}},"3":{"start":{"line":19,"column":74},"end":{"line":19,"column":110}},"4":{"start":{"line":19,"column":194},"end":{"line":19,"column":230}},"5":{"start":{"line":23,"column":26},"end":{"line":23,"column":39}}},"fnMap":{"0":{"name":"(anonymous_0)","decl":{"start":{"line":7,"column":21},"end":{"line":7,"column":22}},"loc":{"start":{"line":7,"column":32},"end":{"line":27,"column":1}},"line":7},"1":{"name":"(anonymous_1)","decl":{"start":{"line":19,"column":69},"end":{"line":19,"column":70}},"loc":{"start":{"line":19,"column":73},"end":{"line":19,"column":111}},"line":19},"2":{"name":"(anonymous_2)","decl":{"start":{"line":19,"column":189},"end":{"line":19,"column":190}},"loc":{"start":{"line":19,"column":193},"end":{"line":19,"column":231}},"line":19},"3":{"name":"(anonymous_3)","decl":{"start":{"line":23,"column":21},"end":{"line":23,"column":22}},"loc":{"start":{"line":23,"column":25},"end":{"line":23,"column":40}},"line":23}},"branchMap":{},"s":{"0":0,"1":0,"2":0,"3":0,"4":0,"5":0},"f":{"0":0,"1":0,"2":0,"3":0},"b":{}}
,"D:\\2022\\Web-Developing\\1FRONTEND\\Job\\store\\stroyroom_frontend_marketplace\\src\\hooks\\useDebounce.jsx": {"path":"D:\\2022\\Web-Developing\\1FRONTEND\\Job\\store\\stroyroom_frontend_marketplace\\src\\hooks\\useDebounce.jsx","statementMap":{"0":{"start":{"line":4,"column":48},"end":{"line":4,"column":63}},"1":{"start":{"line":6,"column":4},"end":{"line":16,"column":6}},"2":{"start":{"line":8,"column":28},"end":{"line":10,"column":21}},"3":{"start":{"line":9,"column":16},"end":{"line":9,"column":41}},"4":{"start":{"line":11,"column":12},"end":{"line":13,"column":14}},"5":{"start":{"line":12,"column":16},"end":{"line":12,"column":38}},"6":{"start":{"line":17,"column":4},"end":{"line":17,"column":26}}},"fnMap":{"0":{"name":"useDebounce","decl":{"start":{"line":3,"column":24},"end":{"line":3,"column":35}},"loc":{"start":{"line":3,"column":50},"end":{"line":18,"column":1}},"line":3},"1":{"name":"(anonymous_1)","decl":{"start":{"line":7,"column":8},"end":{"line":7,"column":9}},"loc":{"start":{"line":7,"column":14},"end":{"line":14,"column":9}},"line":7},"2":{"name":"(anonymous_2)","decl":{"start":{"line":8,"column":39},"end":{"line":8,"column":40}},"loc":{"start":{"line":8,"column":45},"end":{"line":10,"column":13}},"line":8},"3":{"name":"(anonymous_3)","decl":{"start":{"line":11,"column":19},"end":{"line":11,"column":20}},"loc":{"start":{"line":11,"column":25},"end":{"line":13,"column":13}},"line":11}},"branchMap":{},"s":{"0":0,"1":0,"2":0,"3":0,"4":0,"5":0,"6":0},"f":{"0":0,"1":0,"2":0,"3":0},"b":{}}
,"D:\\2022\\Web-Developing\\1FRONTEND\\Job\\store\\stroyroom_frontend_marketplace\\src\\plugins\\axios\\api.js": {"path":"D:\\2022\\Web-Developing\\1FRONTEND\\Job\\store\\stroyroom_frontend_marketplace\\src\\plugins\\axios\\api.js","statementMap":{"0":{"start":{"line":5,"column":13},"end":{"line":11,"column":2}},"1":{"start":{"line":12,"column":0},"end":{"line":16,"column":3}},"2":{"start":{"line":13,"column":4},"end":{"line":15,"column":5}},"3":{"start":{"line":14,"column":7},"end":{"line":14,"column":31}}},"fnMap":{"0":{"name":"(anonymous_0)","decl":{"start":{"line":12,"column":41},"end":{"line":12,"column":42}},"loc":{"start":{"line":12,"column":52},"end":{"line":16,"column":1}},"line":12}},"branchMap":{"0":{"loc":{"start":{"line":8,"column":25},"end":{"line":8,"column":87}},"type":"cond-expr","locations":[{"start":{"line":8,"column":48},"end":{"line":8,"column":80}},{"start":{"line":8,"column":83},"end":{"line":8,"column":87}}],"line":8},"1":{"loc":{"start":{"line":13,"column":4},"end":{"line":15,"column":5}},"type":"if","locations":[{"start":{"line":13,"column":4},"end":{"line":15,"column":5}},{"start":{},"end":{}}],"line":13},"2":{"loc":{"start":{"line":13,"column":8},"end":{"line":13,"column":55}},"type":"binary-expr","locations":[{"start":{"line":13,"column":8},"end":{"line":13,"column":22}},{"start":{"line":13,"column":26},"end":{"line":13,"column":55}}],"line":13}},"s":{"0":0,"1":0,"2":0,"3":0},"f":{"0":0},"b":{"0":[0,0],"1":[0,0],"2":[0,0]}}
,"D:\\2022\\Web-Developing\\1FRONTEND\\Job\\store\\stroyroom_frontend_marketplace\\src\\store\\cart.js": {"path":"D:\\2022\\Web-Developing\\1FRONTEND\\Job\\store\\stroyroom_frontend_marketplace\\src\\store\\cart.js","statementMap":{"0":{"start":{"line":5,"column":11},"end":{"line":5,"column":13}},"1":{"start":{"line":6,"column":18},"end":{"line":6,"column":19}},"2":{"start":{"line":8,"column":8},"end":{"line":8,"column":32}},"3":{"start":{"line":9,"column":8},"end":{"line":9,"column":26}},"4":{"start":{"line":12,"column":8},"end":{"line":12,"column":79}},"5":{"start":{"line":15,"column":0},"end":{"line":15,"column":13}},"6":{"start":{"line":18,"column":8},"end":{"line":21,"column":14}},"7":{"start":{"line":20,"column":16},"end":{"line":20,"column":62}}},"fnMap":{"0":{"name":"(anonymous_0)","decl":{"start":{"line":7,"column":4},"end":{"line":7,"column":5}},"loc":{"start":{"line":7,"column":18},"end":{"line":10,"column":5}},"line":7},"1":{"name":"(anonymous_1)","decl":{"start":{"line":11,"column":4},"end":{"line":11,"column":5}},"loc":{"start":{"line":11,"column":19},"end":{"line":13,"column":5}},"line":11},"2":{"name":"(anonymous_2)","decl":{"start":{"line":14,"column":4},"end":{"line":14,"column":5}},"loc":{"start":{"line":14,"column":24},"end":{"line":16,"column":5}},"line":14},"3":{"name":"(anonymous_3)","decl":{"start":{"line":17,"column":4},"end":{"line":17,"column":5}},"loc":{"start":{"line":17,"column":17},"end":{"line":22,"column":5}},"line":17},"4":{"name":"(anonymous_4)","decl":{"start":{"line":19,"column":18},"end":{"line":19,"column":19}},"loc":{"start":{"line":19,"column":30},"end":{"line":21,"column":13}},"line":19}},"branchMap":{"0":{"loc":{"start":{"line":12,"column":8},"end":{"line":12,"column":79}},"type":"cond-expr","locations":[{"start":{"line":12,"column":35},"end":{"line":12,"column":56}},{"start":{"line":12,"column":59},"end":{"line":12,"column":79}}],"line":12}},"s":{"0":0,"1":0,"2":0,"3":0,"4":0,"5":0,"6":0,"7":0},"f":{"0":0,"1":0,"2":0,"3":0,"4":0},"b":{"0":[0,0]}}
,"D:\\2022\\Web-Developing\\1FRONTEND\\Job\\store\\stroyroom_frontend_marketplace\\src\\store\\mapbox.js": {"path":"D:\\2022\\Web-Developing\\1FRONTEND\\Job\\store\\stroyroom_frontend_marketplace\\src\\store\\mapbox.js","statementMap":{"0":{"start":{"line":4,"column":19},"end":{"line":4,"column":109}},"1":{"start":{"line":5,"column":18},"end":{"line":5,"column":19}},"2":{"start":{"line":7,"column":8},"end":{"line":7,"column":32}}},"fnMap":{"0":{"name":"(anonymous_0)","decl":{"start":{"line":6,"column":4},"end":{"line":6,"column":5}},"loc":{"start":{"line":6,"column":18},"end":{"line":8,"column":5}},"line":6}},"branchMap":{},"s":{"0":0,"1":0,"2":0},"f":{"0":0},"b":{}}
,"D:\\2022\\Web-Developing\\1FRONTEND\\Job\\store\\stroyroom_frontend_marketplace\\src\\store\\sidebar.js": {"path":"D:\\2022\\Web-Developing\\1FRONTEND\\Job\\store\\stroyroom_frontend_marketplace\\src\\store\\sidebar.js","statementMap":{"0":{"start":{"line":4,"column":20},"end":{"line":4,"column":25}},"1":{"start":{"line":5,"column":18},"end":{"line":5,"column":19}},"2":{"start":{"line":7,"column":8},"end":{"line":7,"column":32}},"3":{"start":{"line":10,"column":8},"end":{"line":10,"column":48}},"4":{"start":{"line":11,"column":8},"end":{"line":11,"column":143}}},"fnMap":{"0":{"name":"(anonymous_0)","decl":{"start":{"line":6,"column":4},"end":{"line":6,"column":5}},"loc":{"start":{"line":6,"column":18},"end":{"line":8,"column":5}},"line":6},"1":{"name":"(anonymous_1)","decl":{"start":{"line":9,"column":4},"end":{"line":9,"column":5}},"loc":{"start":{"line":9,"column":25},"end":{"line":12,"column":5}},"line":9}},"branchMap":{"0":{"loc":{"start":{"line":11,"column":8},"end":{"line":11,"column":143}},"type":"cond-expr","locations":[{"start":{"line":11,"column":30},"end":{"line":11,"column":86}},{"start":{"line":11,"column":89},"end":{"line":11,"column":143}}],"line":11}},"s":{"0":0,"1":0,"2":0,"3":0,"4":0},"f":{"0":0,"1":0},"b":{"0":[0,0]}}
,"D:\\2022\\Web-Developing\\1FRONTEND\\Job\\store\\stroyroom_frontend_marketplace\\src\\store\\user.js": {"path":"D:\\2022\\Web-Developing\\1FRONTEND\\Job\\store\\stroyroom_frontend_marketplace\\src\\store\\user.js","statementMap":{"0":{"start":{"line":10,"column":16},"end":{"line":10,"column":21}},"1":{"start":{"line":11,"column":15},"end":{"line":11,"column":38}},"2":{"start":{"line":12,"column":15},"end":{"line":12,"column":38}},"3":{"start":{"line":13,"column":13},"end":{"line":13,"column":34}},"4":{"start":{"line":15,"column":8},"end":{"line":15,"column":32}},"5":{"start":{"line":16,"column":8},"end":{"line":16,"column":74}},"6":{"start":{"line":17,"column":8},"end":{"line":22,"column":9}},"7":{"start":{"line":18,"column":12},"end":{"line":21,"column":18}},"8":{"start":{"line":20,"column":20},"end":{"line":20,"column":100}},"9":{"start":{"line":27,"column":8},"end":{"line":27,"column":28}},"10":{"start":{"line":30,"column":8},"end":{"line":30,"column":37}},"11":{"start":{"line":31,"column":8},"end":{"line":31,"column":40}},"12":{"start":{"line":32,"column":8},"end":{"line":32,"column":38}},"13":{"start":{"line":33,"column":8},"end":{"line":33,"column":36}},"14":{"start":{"line":36,"column":8},"end":{"line":36,"column":35}},"15":{"start":{"line":37,"column":8},"end":{"line":37,"column":30}},"16":{"start":{"line":38,"column":8},"end":{"line":38,"column":35}},"17":{"start":{"line":41,"column":8},"end":{"line":41,"column":77}}},"fnMap":{"0":{"name":"(anonymous_0)","decl":{"start":{"line":14,"column":4},"end":{"line":14,"column":5}},"loc":{"start":{"line":14,"column":18},"end":{"line":25,"column":5}},"line":14},"1":{"name":"(anonymous_1)","decl":{"start":{"line":19,"column":22},"end":{"line":19,"column":23}},"loc":{"start":{"line":19,"column":34},"end":{"line":21,"column":17}},"line":19},"2":{"name":"(anonymous_2)","decl":{"start":{"line":26,"column":4},"end":{"line":26,"column":5}},"loc":{"start":{"line":26,"column":24},"end":{"line":28,"column":5}},"line":26},"3":{"name":"(anonymous_3)","decl":{"start":{"line":29,"column":4},"end":{"line":29,"column":5}},"loc":{"start":{"line":29,"column":22},"end":{"line":34,"column":5}},"line":29},"4":{"name":"(anonymous_4)","decl":{"start":{"line":35,"column":4},"end":{"line":35,"column":5}},"loc":{"start":{"line":35,"column":24},"end":{"line":39,"column":5}},"line":35},"5":{"name":"(anonymous_5)","decl":{"start":{"line":40,"column":4},"end":{"line":40,"column":5}},"loc":{"start":{"line":40,"column":22},"end":{"line":42,"column":5}},"line":40}},"branchMap":{"0":{"loc":{"start":{"line":16,"column":8},"end":{"line":16,"column":74}},"type":"cond-expr","locations":[{"start":{"line":16,"column":34},"end":{"line":16,"column":52}},{"start":{"line":16,"column":55},"end":{"line":16,"column":74}}],"line":16},"1":{"loc":{"start":{"line":17,"column":8},"end":{"line":22,"column":9}},"type":"if","locations":[{"start":{"line":17,"column":8},"end":{"line":22,"column":9}},{"start":{},"end":{}}],"line":17}},"s":{"0":0,"1":0,"2":0,"3":0,"4":0,"5":0,"6":0,"7":0,"8":0,"9":0,"10":0,"11":0,"12":0,"13":0,"14":0,"15":0,"16":0,"17":0},"f":{"0":0,"1":0,"2":0,"3":0,"4":0,"5":0},"b":{"0":[0,0],"1":[0,0]}}
,"D:\\2022\\Web-Developing\\1FRONTEND\\Job\\store\\stroyroom_frontend_marketplace\\src\\views\\MainPage.jsx": {"path":"D:\\2022\\Web-Developing\\1FRONTEND\\Job\\store\\stroyroom_frontend_marketplace\\src\\views\\MainPage.jsx","statementMap":{"0":{"start":{"line":8,"column":17},"end":{"line":70,"column":1}},"1":{"start":{"line":9,"column":19},"end":{"line":9,"column":32}},"2":{"start":{"line":10,"column":48},"end":{"line":10,"column":60}},"3":{"start":{"line":11,"column":4},"end":{"line":16,"column":9}},"4":{"start":{"line":12,"column":8},"end":{"line":15,"column":14}},"5":{"start":{"line":14,"column":16},"end":{"line":14,"column":48}},"6":{"start":{"line":20,"column":4},"end":{"line":69,"column":6}},"7":{"start":{"line":57,"column":36},"end":{"line":62,"column":43}},"8":{"start":{"line":57,"column":71},"end":{"line":57,"column":103}}},"fnMap":{"0":{"name":"(anonymous_0)","decl":{"start":{"line":8,"column":17},"end":{"line":8,"column":18}},"loc":{"start":{"line":8,"column":23},"end":{"line":70,"column":1}},"line":8},"1":{"name":"(anonymous_1)","decl":{"start":{"line":11,"column":14},"end":{"line":11,"column":15}},"loc":{"start":{"line":11,"column":18},"end":{"line":16,"column":5}},"line":11},"2":{"name":"(anonymous_2)","decl":{"start":{"line":13,"column":18},"end":{"line":13,"column":19}},"loc":{"start":{"line":13,"column":30},"end":{"line":15,"column":13}},"line":13},"3":{"name":"(anonymous_3)","decl":{"start":{"line":56,"column":52},"end":{"line":56,"column":53}},"loc":{"start":{"line":57,"column":36},"end":{"line":62,"column":43}},"line":57},"4":{"name":"(anonymous_4)","decl":{"start":{"line":57,"column":66},"end":{"line":57,"column":67}},"loc":{"start":{"line":57,"column":70},"end":{"line":57,"column":104}},"line":57}},"branchMap":{},"s":{"0":0,"1":0,"2":0,"3":0,"4":0,"5":0,"6":0,"7":0,"8":0},"f":{"0":0,"1":0,"2":0,"3":0,"4":0},"b":{}}
,"D:\\2022\\Web-Developing\\1FRONTEND\\Job\\store\\stroyroom_frontend_marketplace\\src\\views\\CartPage\\CartPage.jsx": {"path":"D:\\2022\\Web-Developing\\1FRONTEND\\Job\\store\\stroyroom_frontend_marketplace\\src\\views\\CartPage\\CartPage.jsx","statementMap":{"0":{"start":{"line":30,"column":17},"end":{"line":500,"column":1}},"1":{"start":{"line":31,"column":22},"end":{"line":31,"column":46}},"2":{"start":{"line":32,"column":38},"end":{"line":32,"column":50}},"3":{"start":{"line":33,"column":42},"end":{"line":33,"column":56}},"4":{"start":{"line":34,"column":35},"end":{"line":34,"column":49}},"5":{"start":{"line":35,"column":46},"end":{"line":35,"column":60}},"6":{"start":{"line":36,"column":44},"end":{"line":36,"column":56}},"7":{"start":{"line":37,"column":41},"end":{"line":37,"column":53}},"8":{"start":{"line":38,"column":43},"end":{"line":38,"column":55}},"9":{"start":{"line":39,"column":43},"end":{"line":39,"column":57}},"10":{"start":{"line":40,"column":42},"end":{"line":40,"column":57}},"11":{"start":{"line":41,"column":38},"end":{"line":41,"column":58}},"12":{"start":{"line":42,"column":37},"end":{"line":42,"column":51}},"13":{"start":{"line":43,"column":38},"end":{"line":43,"column":53}},"14":{"start":{"line":44,"column":44},"end":{"line":44,"column":56}},"15":{"start":{"line":45,"column":40},"end":{"line":45,"column":52}},"16":{"start":{"line":46,"column":40},"end":{"line":46,"column":52}},"17":{"start":{"line":47,"column":52},"end":{"line":47,"column":64}},"18":{"start":{"line":48,"column":38},"end":{"line":48,"column":50}},"19":{"start":{"line":49,"column":52},"end":{"line":49,"column":67}},"20":{"start":{"line":50,"column":44},"end":{"line":50,"column":59}},"21":{"start":{"line":51,"column":42},"end":{"line":51,"column":56}},"22":{"start":{"line":52,"column":42},"end":{"line":52,"column":57}},"23":{"start":{"line":53,"column":35},"end":{"line":53,"column":45}},"24":{"start":{"line":54,"column":42},"end":{"line":54,"column":62}},"25":{"start":{"line":56,"column":21},"end":{"line":56,"column":34}},"26":{"start":{"line":57,"column":4},"end":{"line":61,"column":19}},"27":{"start":{"line":58,"column":8},"end":{"line":60,"column":9}},"28":{"start":{"line":59,"column":12},"end":{"line":59,"column":25}},"29":{"start":{"line":64,"column":30},"end":{"line":67,"column":5}},"30":{"start":{"line":65,"column":8},"end":{"line":65,"column":35}},"31":{"start":{"line":66,"column":8},"end":{"line":66,"column":29}},"32":{"start":{"line":68,"column":30},"end":{"line":70,"column":5}},"33":{"start":{"line":69,"column":8},"end":{"line":69,"column":30}},"34":{"start":{"line":72,"column":29},"end":{"line":72,"column":54}},"35":{"start":{"line":72,"column":35},"end":{"line":72,"column":54}},"36":{"start":{"line":73,"column":29},"end":{"line":102,"column":5}},"37":{"start":{"line":74,"column":8},"end":{"line":88,"column":9}},"38":{"start":{"line":75,"column":12},"end":{"line":87,"column":34}},"39":{"start":{"line":79,"column":24},"end":{"line":79,"column":55}},"40":{"start":{"line":80,"column":24},"end":{"line":80,"column":56}},"41":{"start":{"line":83,"column":24},"end":{"line":83,"column":48}},"42":{"start":{"line":84,"column":24},"end":{"line":84,"column":42}},"43":{"start":{"line":89,"column":8},"end":{"line":101,"column":9}},"44":{"start":{"line":90,"column":12},"end":{"line":100,"column":18}},"45":{"start":{"line":92,"column":20},"end":{"line":92,"column":72}},"46":{"start":{"line":93,"column":20},"end":{"line":93,"column":42}},"47":{"start":{"line":94,"column":20},"end":{"line":94,"column":72}},"48":{"start":{"line":95,"column":20},"end":{"line":95,"column":49}},"49":{"start":{"line":96,"column":20},"end":{"line":96,"column":58}},"50":{"start":{"line":99,"column":20},"end":{"line":99,"column":46}},"51":{"start":{"line":104,"column":31},"end":{"line":104,"column":58}},"52":{"start":{"line":104,"column":37},"end":{"line":104,"column":58}},"53":{"start":{"line":105,"column":30},"end":{"line":105,"column":60}},"54":{"start":{"line":105,"column":38},"end":{"line":105,"column":58}},"55":{"start":{"line":110,"column":8},"end":{"line":110,"column":36}},"56":{"start":{"line":114,"column":4},"end":{"line":130,"column":9}},"57":{"start":{"line":115,"column":8},"end":{"line":119,"column":14}},"58":{"start":{"line":117,"column":16},"end":{"line":117,"column":51}},"59":{"start":{"line":118,"column":16},"end":{"line":118,"column":53}},"60":{"start":{"line":120,"column":8},"end":{"line":129,"column":14}},"61":{"start":{"line":122,"column":16},"end":{"line":122,"column":47}},"62":{"start":{"line":123,"column":16},"end":{"line":125,"column":17}},"63":{"start":{"line":124,"column":20},"end":{"line":124,"column":57}},"64":{"start":{"line":128,"column":16},"end":{"line":128,"column":35}},"65":{"start":{"line":132,"column":11},"end":{"line":137,"column":10}},"66":{"start":{"line":134,"column":17},"end":{"line":134,"column":73}},"67":{"start":{"line":142,"column":8},"end":{"line":142,"column":28}},"68":{"start":{"line":145,"column":8},"end":{"line":154,"column":14}},"69":{"start":{"line":147,"column":16},"end":{"line":151,"column":17}},"70":{"start":{"line":148,"column":20},"end":{"line":148,"column":47}},"71":{"start":{"line":149,"column":20},"end":{"line":149,"column":83}},"72":{"start":{"line":149,"column":52},"end":{"line":149,"column":80}},"73":{"start":{"line":150,"column":20},"end":{"line":150,"column":41}},"74":{"start":{"line":153,"column":16},"end":{"line":153,"column":67}},"75":{"start":{"line":158,"column":8},"end":{"line":167,"column":14}},"76":{"start":{"line":160,"column":16},"end":{"line":163,"column":17}},"77":{"start":{"line":161,"column":20},"end":{"line":161,"column":77}},"78":{"start":{"line":161,"column":64},"end":{"line":161,"column":75}},"79":{"start":{"line":162,"column":20},"end":{"line":162,"column":38}},"80":{"start":{"line":170,"column":8},"end":{"line":170,"column":26}},"81":{"start":{"line":171,"column":8},"end":{"line":186,"column":14}},"82":{"start":{"line":178,"column":16},"end":{"line":182,"column":17}},"83":{"start":{"line":179,"column":20},"end":{"line":179,"column":49}},"84":{"start":{"line":180,"column":20},"end":{"line":180,"column":38}},"85":{"start":{"line":181,"column":20},"end":{"line":181,"column":55}},"86":{"start":{"line":185,"column":16},"end":{"line":185,"column":34}},"87":{"start":{"line":189,"column":8},"end":{"line":203,"column":14}},"88":{"start":{"line":194,"column":16},"end":{"line":202,"column":17}},"89":{"start":{"line":195,"column":20},"end":{"line":201,"column":19}},"90":{"start":{"line":196,"column":28},"end":{"line":200,"column":29}},"91":{"start":{"line":197,"column":32},"end":{"line":197,"column":75}},"92":{"start":{"line":199,"column":32},"end":{"line":199,"column":43}},"93":{"start":{"line":206,"column":8},"end":{"line":206,"column":31}},"94":{"start":{"line":206,"column":25},"end":{"line":206,"column":31}},"95":{"start":{"line":207,"column":8},"end":{"line":221,"column":14}},"96":{"start":{"line":212,"column":16},"end":{"line":220,"column":17}},"97":{"start":{"line":213,"column":20},"end":{"line":219,"column":23}},"98":{"start":{"line":214,"column":24},"end":{"line":218,"column":25}},"99":{"start":{"line":215,"column":28},"end":{"line":215,"column":71}},"100":{"start":{"line":217,"column":28},"end":{"line":217,"column":39}},"101":{"start":{"line":224,"column":8},"end":{"line":224,"column":23}},"102":{"start":{"line":227,"column":8},"end":{"line":240,"column":9}},"103":{"start":{"line":228,"column":12},"end":{"line":234,"column":15}},"104":{"start":{"line":229,"column":16},"end":{"line":233,"column":17}},"105":{"start":{"line":230,"column":20},"end":{"line":230,"column":45}},"106":{"start":{"line":232,"column":20},"end":{"line":232,"column":31}},"107":{"start":{"line":236,"column":12},"end":{"line":239,"column":14}},"108":{"start":{"line":243,"column":8},"end":{"line":260,"column":14}},"109":{"start":{"line":245,"column":15},"end":{"line":259,"column":16}},"110":{"start":{"line":256,"column":19},"end":{"line":256,"column":94}},"111":{"start":{"line":256,"column":70},"end":{"line":256,"column":92}},"112":{"start":{"line":278,"column":4},"end":{"line":499,"column":6}},"113":{"start":{"line":287,"column":32},"end":{"line":319,"column":49}},"114":{"start":{"line":298,"column":75},"end":{"line":298,"column":122}},"115":{"start":{"line":304,"column":52},"end":{"line":304,"column":86}},"116":{"start":{"line":308,"column":52},"end":{"line":308,"column":88}},"117":{"start":{"line":315,"column":75},"end":{"line":315,"column":122}},"118":{"start":{"line":317,"column":60},"end":{"line":317,"column":93}},"119":{"start":{"line":334,"column":24},"end":{"line":334,"column":39}},"120":{"start":{"line":351,"column":16},"end":{"line":354,"column":33}},"121":{"start":{"line":353,"column":61},"end":{"line":353,"column":80}},"122":{"start":{"line":394,"column":50},"end":{"line":394,"column":72}},"123":{"start":{"line":403,"column":44},"end":{"line":412,"column":46}},"124":{"start":{"line":407,"column":52},"end":{"line":407,"column":72}},"125":{"start":{"line":408,"column":52},"end":{"line":408,"column":112}},"126":{"start":{"line":418,"column":48},"end":{"line":428,"column":65}},"127":{"start":{"line":447,"column":64},"end":{"line":447,"column":82}},"128":{"start":{"line":462,"column":48},"end":{"line":462,"column":78}},"129":{"start":{"line":471,"column":52},"end":{"line":471,"column":88}}},"fnMap":{"0":{"name":"(anonymous_0)","decl":{"start":{"line":30,"column":17},"end":{"line":30,"column":18}},"loc":{"start":{"line":30,"column":23},"end":{"line":500,"column":1}},"line":30},"1":{"name":"(anonymous_1)","decl":{"start":{"line":57,"column":14},"end":{"line":57,"column":15}},"loc":{"start":{"line":57,"column":18},"end":{"line":61,"column":5}},"line":57},"2":{"name":"(anonymous_2)","decl":{"start":{"line":64,"column":30},"end":{"line":64,"column":31}},"loc":{"start":{"line":64,"column":47},"end":{"line":67,"column":5}},"line":64},"3":{"name":"(anonymous_3)","decl":{"start":{"line":68,"column":30},"end":{"line":68,"column":31}},"loc":{"start":{"line":68,"column":36},"end":{"line":70,"column":5}},"line":68},"4":{"name":"(anonymous_4)","decl":{"start":{"line":72,"column":29},"end":{"line":72,"column":30}},"loc":{"start":{"line":72,"column":35},"end":{"line":72,"column":54}},"line":72},"5":{"name":"(anonymous_5)","decl":{"start":{"line":73,"column":29},"end":{"line":73,"column":30}},"loc":{"start":{"line":73,"column":35},"end":{"line":102,"column":5}},"line":73},"6":{"name":"(anonymous_6)","decl":{"start":{"line":78,"column":26},"end":{"line":78,"column":27}},"loc":{"start":{"line":78,"column":40},"end":{"line":81,"column":21}},"line":78},"7":{"name":"(anonymous_7)","decl":{"start":{"line":82,"column":29},"end":{"line":82,"column":30}},"loc":{"start":{"line":82,"column":35},"end":{"line":85,"column":21}},"line":82},"8":{"name":"(anonymous_8)","decl":{"start":{"line":91,"column":22},"end":{"line":91,"column":23}},"loc":{"start":{"line":91,"column":36},"end":{"line":97,"column":17}},"line":91},"9":{"name":"(anonymous_9)","decl":{"start":{"line":98,"column":25},"end":{"line":98,"column":26}},"loc":{"start":{"line":98,"column":31},"end":{"line":100,"column":17}},"line":98},"10":{"name":"(anonymous_10)","decl":{"start":{"line":104,"column":31},"end":{"line":104,"column":32}},"loc":{"start":{"line":104,"column":37},"end":{"line":104,"column":58}},"line":104},"11":{"name":"(anonymous_11)","decl":{"start":{"line":105,"column":30},"end":{"line":105,"column":31}},"loc":{"start":{"line":105,"column":36},"end":{"line":105,"column":60}},"line":105},"12":{"name":"handlePickupClose","decl":{"start":{"line":109,"column":13},"end":{"line":109,"column":30}},"loc":{"start":{"line":109,"column":32},"end":{"line":111,"column":5}},"line":109},"13":{"name":"(anonymous_13)","decl":{"start":{"line":114,"column":14},"end":{"line":114,"column":15}},"loc":{"start":{"line":114,"column":18},"end":{"line":130,"column":5}},"line":114},"14":{"name":"(anonymous_14)","decl":{"start":{"line":116,"column":18},"end":{"line":116,"column":19}},"loc":{"start":{"line":116,"column":30},"end":{"line":119,"column":13}},"line":116},"15":{"name":"(anonymous_15)","decl":{"start":{"line":121,"column":18},"end":{"line":121,"column":19}},"loc":{"start":{"line":121,"column":30},"end":{"line":126,"column":13}},"line":121},"16":{"name":"(anonymous_16)","decl":{"start":{"line":127,"column":21},"end":{"line":127,"column":22}},"loc":{"start":{"line":127,"column":25},"end":{"line":129,"column":13}},"line":127},"17":{"name":"handleChanges","decl":{"start":{"line":131,"column":16},"end":{"line":131,"column":29}},"loc":{"start":{"line":131,"column":42},"end":{"line":139,"column":6}},"line":131},"18":{"name":"(anonymous_18)","decl":{"start":{"line":133,"column":29},"end":{"line":133,"column":30}},"loc":{"start":{"line":134,"column":17},"end":{"line":134,"column":73}},"line":134},"19":{"name":"takeAddressHandler","decl":{"start":{"line":141,"column":14},"end":{"line":141,"column":32}},"loc":{"start":{"line":141,"column":39},"end":{"line":143,"column":6}},"line":141},"20":{"name":"addNewAddress","decl":{"start":{"line":144,"column":14},"end":{"line":144,"column":27}},"loc":{"start":{"line":144,"column":29},"end":{"line":155,"column":6}},"line":144},"21":{"name":"(anonymous_21)","decl":{"start":{"line":146,"column":18},"end":{"line":146,"column":19}},"loc":{"start":{"line":146,"column":30},"end":{"line":152,"column":13}},"line":146},"22":{"name":"(anonymous_22)","decl":{"start":{"line":149,"column":38},"end":{"line":149,"column":39}},"loc":{"start":{"line":149,"column":52},"end":{"line":149,"column":80}},"line":149},"23":{"name":"(anonymous_23)","decl":{"start":{"line":152,"column":21},"end":{"line":152,"column":22}},"loc":{"start":{"line":152,"column":38},"end":{"line":154,"column":13}},"line":152},"24":{"name":"deleteItemFromCart","decl":{"start":{"line":156,"column":15},"end":{"line":156,"column":33}},"loc":{"start":{"line":156,"column":43},"end":{"line":168,"column":5}},"line":156},"25":{"name":"(anonymous_25)","decl":{"start":{"line":159,"column":18},"end":{"line":159,"column":19}},"loc":{"start":{"line":159,"column":30},"end":{"line":164,"column":13}},"line":159},"26":{"name":"(anonymous_26)","decl":{"start":{"line":161,"column":52},"end":{"line":161,"column":53}},"loc":{"start":{"line":161,"column":64},"end":{"line":161,"column":75}},"line":161},"27":{"name":"(anonymous_27)","decl":{"start":{"line":165,"column":21},"end":{"line":165,"column":22}},"loc":{"start":{"line":165,"column":25},"end":{"line":167,"column":13}},"line":165},"28":{"name":"createDeliveryOrder","decl":{"start":{"line":169,"column":19},"end":{"line":169,"column":38}},"loc":{"start":{"line":169,"column":41},"end":{"line":187,"column":5}},"line":169},"29":{"name":"(anonymous_29)","decl":{"start":{"line":177,"column":18},"end":{"line":177,"column":19}},"loc":{"start":{"line":177,"column":29},"end":{"line":183,"column":13}},"line":177},"30":{"name":"(anonymous_30)","decl":{"start":{"line":184,"column":21},"end":{"line":184,"column":22}},"loc":{"start":{"line":184,"column":25},"end":{"line":186,"column":13}},"line":184},"31":{"name":"incremetCount","decl":{"start":{"line":188,"column":13},"end":{"line":188,"column":26}},"loc":{"start":{"line":188,"column":36},"end":{"line":204,"column":5}},"line":188},"32":{"name":"(anonymous_32)","decl":{"start":{"line":193,"column":18},"end":{"line":193,"column":19}},"loc":{"start":{"line":193,"column":30},"end":{"line":203,"column":13}},"line":193},"33":{"name":"(anonymous_33)","decl":{"start":{"line":195,"column":49},"end":{"line":195,"column":50}},"loc":{"start":{"line":195,"column":57},"end":{"line":201,"column":17}},"line":195},"34":{"name":"decremetCount","decl":{"start":{"line":205,"column":13},"end":{"line":205,"column":26}},"loc":{"start":{"line":205,"column":36},"end":{"line":222,"column":5}},"line":205},"35":{"name":"(anonymous_35)","decl":{"start":{"line":211,"column":18},"end":{"line":211,"column":19}},"loc":{"start":{"line":211,"column":30},"end":{"line":221,"column":13}},"line":211},"36":{"name":"(anonymous_36)","decl":{"start":{"line":213,"column":49},"end":{"line":213,"column":50}},"loc":{"start":{"line":213,"column":57},"end":{"line":219,"column":21}},"line":213},"37":{"name":"setOrderId","decl":{"start":{"line":223,"column":9},"end":{"line":223,"column":19}},"loc":{"start":{"line":223,"column":23},"end":{"line":225,"column":5}},"line":223},"38":{"name":"sendChanges","decl":{"start":{"line":226,"column":13},"end":{"line":226,"column":24}},"loc":{"start":{"line":226,"column":30},"end":{"line":241,"column":5}},"line":226},"39":{"name":"(anonymous_39)","decl":{"start":{"line":228,"column":41},"end":{"line":228,"column":42}},"loc":{"start":{"line":228,"column":49},"end":{"line":234,"column":13}},"line":228},"40":{"name":"deleteAddress","decl":{"start":{"line":242,"column":13},"end":{"line":242,"column":26}},"loc":{"start":{"line":242,"column":32},"end":{"line":261,"column":5}},"line":242},"41":{"name":"(anonymous_41)","decl":{"start":{"line":244,"column":18},"end":{"line":244,"column":19}},"loc":{"start":{"line":244,"column":30},"end":{"line":260,"column":13}},"line":244},"42":{"name":"(anonymous_42)","decl":{"start":{"line":256,"column":57},"end":{"line":256,"column":58}},"loc":{"start":{"line":256,"column":70},"end":{"line":256,"column":92}},"line":256},"43":{"name":"(anonymous_43)","decl":{"start":{"line":286,"column":44},"end":{"line":286,"column":45}},"loc":{"start":{"line":287,"column":32},"end":{"line":319,"column":49}},"line":287},"44":{"name":"(anonymous_44)","decl":{"start":{"line":298,"column":70},"end":{"line":298,"column":71}},"loc":{"start":{"line":298,"column":74},"end":{"line":298,"column":123}},"line":298},"45":{"name":"(anonymous_45)","decl":{"start":{"line":303,"column":58},"end":{"line":303,"column":59}},"loc":{"start":{"line":303,"column":67},"end":{"line":306,"column":49}},"line":303},"46":{"name":"(anonymous_46)","decl":{"start":{"line":307,"column":56},"end":{"line":307,"column":57}},"loc":{"start":{"line":307,"column":61},"end":{"line":309,"column":49}},"line":307},"47":{"name":"(anonymous_47)","decl":{"start":{"line":315,"column":70},"end":{"line":315,"column":71}},"loc":{"start":{"line":315,"column":74},"end":{"line":315,"column":123}},"line":315},"48":{"name":"(anonymous_48)","decl":{"start":{"line":317,"column":55},"end":{"line":317,"column":56}},"loc":{"start":{"line":317,"column":59},"end":{"line":317,"column":94}},"line":317},"49":{"name":"(anonymous_49)","decl":{"start":{"line":333,"column":45},"end":{"line":333,"column":46}},"loc":{"start":{"line":333,"column":50},"end":{"line":334,"column":40}},"line":333},"50":{"name":"(anonymous_50)","decl":{"start":{"line":350,"column":31},"end":{"line":350,"column":32}},"loc":{"start":{"line":351,"column":16},"end":{"line":354,"column":33}},"line":351},"51":{"name":"(anonymous_51)","decl":{"start":{"line":353,"column":56},"end":{"line":353,"column":57}},"loc":{"start":{"line":353,"column":60},"end":{"line":353,"column":81}},"line":353},"52":{"name":"(anonymous_52)","decl":{"start":{"line":394,"column":44},"end":{"line":394,"column":45}},"loc":{"start":{"line":394,"column":49},"end":{"line":394,"column":73}},"line":394},"53":{"name":"(anonymous_53)","decl":{"start":{"line":402,"column":58},"end":{"line":402,"column":59}},"loc":{"start":{"line":403,"column":44},"end":{"line":412,"column":46}},"line":403},"54":{"name":"(anonymous_54)","decl":{"start":{"line":406,"column":58},"end":{"line":406,"column":59}},"loc":{"start":{"line":406,"column":64},"end":{"line":409,"column":49}},"line":406},"55":{"name":"(anonymous_55)","decl":{"start":{"line":417,"column":66},"end":{"line":417,"column":67}},"loc":{"start":{"line":418,"column":48},"end":{"line":428,"column":65}},"line":418},"56":{"name":"(anonymous_56)","decl":{"start":{"line":447,"column":54},"end":{"line":447,"column":55}},"loc":{"start":{"line":447,"column":64},"end":{"line":447,"column":82}},"line":447},"57":{"name":"(anonymous_57)","decl":{"start":{"line":461,"column":77},"end":{"line":461,"column":78}},"loc":{"start":{"line":461,"column":84},"end":{"line":463,"column":45}},"line":461},"58":{"name":"(anonymous_58)","decl":{"start":{"line":470,"column":58},"end":{"line":470,"column":59}},"loc":{"start":{"line":470,"column":69},"end":{"line":472,"column":49}},"line":470}},"branchMap":{"0":{"loc":{"start":{"line":58,"column":8},"end":{"line":60,"column":9}},"type":"if","locations":[{"start":{"line":58,"column":8},"end":{"line":60,"column":9}},{"start":{},"end":{}}],"line":58},"1":{"loc":{"start":{"line":58,"column":12},"end":{"line":58,"column":58}},"type":"binary-expr","locations":[{"start":{"line":58,"column":12},"end":{"line":58,"column":35}},{"start":{"line":58,"column":39},"end":{"line":58,"column":58}}],"line":58},"2":{"loc":{"start":{"line":74,"column":8},"end":{"line":88,"column":9}},"type":"if","locations":[{"start":{"line":74,"column":8},"end":{"line":88,"column":9}},{"start":{},"end":{}}],"line":74},"3":{"loc":{"start":{"line":75,"column":12},"end":{"line":87,"column":34}},"type":"cond-expr","locations":[{"start":{"line":77,"column":16},"end":{"line":85,"column":22}},{"start":{"line":87,"column":16},"end":{"line":87,"column":34}}],"line":75},"4":{"loc":{"start":{"line":89,"column":8},"end":{"line":101,"column":9}},"type":"if","locations":[{"start":{"line":89,"column":8},"end":{"line":101,"column":9}},{"start":{},"end":{}}],"line":89},"5":{"loc":{"start":{"line":123,"column":16},"end":{"line":125,"column":17}},"type":"if","locations":[{"start":{"line":123,"column":16},"end":{"line":125,"column":17}},{"start":{},"end":{}}],"line":123},"6":{"loc":{"start":{"line":134,"column":17},"end":{"line":134,"column":73}},"type":"cond-expr","locations":[{"start":{"line":134,"column":34},"end":{"line":134,"column":66}},{"start":{"line":134,"column":69},"end":{"line":134,"column":73}}],"line":134},"7":{"loc":{"start":{"line":147,"column":16},"end":{"line":151,"column":17}},"type":"if","locations":[{"start":{"line":147,"column":16},"end":{"line":151,"column":17}},{"start":{},"end":{}}],"line":147},"8":{"loc":{"start":{"line":160,"column":16},"end":{"line":163,"column":17}},"type":"if","locations":[{"start":{"line":160,"column":16},"end":{"line":163,"column":17}},{"start":{},"end":{}}],"line":160},"9":{"loc":{"start":{"line":178,"column":16},"end":{"line":182,"column":17}},"type":"if","locations":[{"start":{"line":178,"column":16},"end":{"line":182,"column":17}},{"start":{},"end":{}}],"line":178},"10":{"loc":{"start":{"line":194,"column":16},"end":{"line":202,"column":17}},"type":"if","locations":[{"start":{"line":194,"column":16},"end":{"line":202,"column":17}},{"start":{},"end":{}}],"line":194},"11":{"loc":{"start":{"line":196,"column":28},"end":{"line":200,"column":29}},"type":"if","locations":[{"start":{"line":196,"column":28},"end":{"line":200,"column":29}},{"start":{"line":198,"column":35},"end":{"line":200,"column":29}}],"line":196},"12":{"loc":{"start":{"line":206,"column":8},"end":{"line":206,"column":31}},"type":"if","locations":[{"start":{"line":206,"column":8},"end":{"line":206,"column":31}},{"start":{},"end":{}}],"line":206},"13":{"loc":{"start":{"line":212,"column":16},"end":{"line":220,"column":17}},"type":"if","locations":[{"start":{"line":212,"column":16},"end":{"line":220,"column":17}},{"start":{},"end":{}}],"line":212},"14":{"loc":{"start":{"line":214,"column":24},"end":{"line":218,"column":25}},"type":"if","locations":[{"start":{"line":214,"column":24},"end":{"line":218,"column":25}},{"start":{"line":216,"column":31},"end":{"line":218,"column":25}}],"line":214},"15":{"loc":{"start":{"line":227,"column":8},"end":{"line":240,"column":9}},"type":"if","locations":[{"start":{"line":227,"column":8},"end":{"line":240,"column":9}},{"start":{"line":235,"column":14},"end":{"line":240,"column":9}}],"line":227},"16":{"loc":{"start":{"line":229,"column":16},"end":{"line":233,"column":17}},"type":"if","locations":[{"start":{"line":229,"column":16},"end":{"line":233,"column":17}},{"start":{"line":231,"column":23},"end":{"line":233,"column":17}}],"line":229},"17":{"loc":{"start":{"line":245,"column":15},"end":{"line":259,"column":16}},"type":"if","locations":[{"start":{"line":245,"column":15},"end":{"line":259,"column":16}},{"start":{},"end":{}}],"line":245},"18":{"loc":{"start":{"line":280,"column":13},"end":{"line":495,"column":22}},"type":"binary-expr","locations":[{"start":{"line":280,"column":13},"end":{"line":280,"column":32}},{"start":{"line":281,"column":16},"end":{"line":495,"column":22}}],"line":280},"19":{"loc":{"start":{"line":325,"column":21},"end":{"line":326,"column":99}},"type":"binary-expr","locations":[{"start":{"line":325,"column":21},"end":{"line":325,"column":33}},{"start":{"line":326,"column":24},"end":{"line":326,"column":99}}],"line":325},"20":{"loc":{"start":{"line":347,"column":5},"end":{"line":359,"column":14}},"type":"binary-expr","locations":[{"start":{"line":347,"column":5},"end":{"line":347,"column":31}},{"start":{"line":348,"column":8},"end":{"line":359,"column":14}}],"line":347},"21":{"loc":{"start":{"line":361,"column":123},"end":{"line":361,"column":185}},"type":"cond-expr","locations":[{"start":{"line":361,"column":150},"end":{"line":361,"column":163}},{"start":{"line":361,"column":166},"end":{"line":361,"column":185}}],"line":361},"22":{"loc":{"start":{"line":374,"column":17},"end":{"line":375,"column":198}},"type":"binary-expr","locations":[{"start":{"line":374,"column":17},"end":{"line":374,"column":34}},{"start":{"line":375,"column":16},"end":{"line":375,"column":198}}],"line":374},"23":{"loc":{"start":{"line":392,"column":21},"end":{"line":493,"column":32}},"type":"binary-expr","locations":[{"start":{"line":392,"column":21},"end":{"line":392,"column":36}},{"start":{"line":393,"column":24},"end":{"line":493,"column":32}}],"line":392},"24":{"loc":{"start":{"line":408,"column":65},"end":{"line":408,"column":111}},"type":"cond-expr","locations":[{"start":{"line":408,"column":96},"end":{"line":408,"column":106}},{"start":{"line":408,"column":109},"end":{"line":408,"column":111}}],"line":408},"25":{"loc":{"start":{"line":410,"column":57},"end":{"line":410,"column":91}},"type":"cond-expr","locations":[{"start":{"line":410,"column":79},"end":{"line":410,"column":83}},{"start":{"line":410,"column":86},"end":{"line":410,"column":91}}],"line":410},"26":{"loc":{"start":{"line":444,"column":53},"end":{"line":444,"column":154}},"type":"cond-expr","locations":[{"start":{"line":444,"column":97},"end":{"line":444,"column":107}},{"start":{"line":444,"column":110},"end":{"line":444,"column":154}}],"line":444},"27":{"loc":{"start":{"line":453,"column":60},"end":{"line":453,"column":103}},"type":"cond-expr","locations":[{"start":{"line":453,"column":91},"end":{"line":453,"column":95}},{"start":{"line":453,"column":98},"end":{"line":453,"column":103}}],"line":453},"28":{"loc":{"start":{"line":454,"column":64},"end":{"line":454,"column":140}},"type":"cond-expr","locations":[{"start":{"line":454,"column":128},"end":{"line":454,"column":132}},{"start":{"line":454,"column":135},"end":{"line":454,"column":140}}],"line":454},"29":{"loc":{"start":{"line":454,"column":64},"end":{"line":454,"column":125}},"type":"binary-expr","locations":[{"start":{"line":454,"column":64},"end":{"line":454,"column":92}},{"start":{"line":454,"column":96},"end":{"line":454,"column":125}}],"line":454}},"s":{"0":0,"1":0,"2":0,"3":0,"4":0,"5":0,"6":0,"7":0,"8":0,"9":0,"10":0,"11":0,"12":0,"13":0,"14":0,"15":0,"16":0,"17":0,"18":0,"19":0,"20":0,"21":0,"22":0,"23":0,"24":0,"25":0,"26":0,"27":0,"28":0,"29":0,"30":0,"31":0,"32":0,"33":0,"34":0,"35":0,"36":0,"37":0,"38":0,"39":0,"40":0,"41":0,"42":0,"43":0,"44":0,"45":0,"46":0,"47":0,"48":0,"49":0,"50":0,"51":0,"52":0,"53":0,"54":0,"55":0,"56":0,"57":0,"58":0,"59":0,"60":0,"61":0,"62":0,"63":0,"64":0,"65":0,"66":0,"67":0,"68":0,"69":0,"70":0,"71":0,"72":0,"73":0,"74":0,"75":0,"76":0,"77":0,"78":0,"79":0,"80":0,"81":0,"82":0,"83":0,"84":0,"85":0,"86":0,"87":0,"88":0,"89":0,"90":0,"91":0,"92":0,"93":0,"94":0,"95":0,"96":0,"97":0,"98":0,"99":0,"100":0,"101":0,"102":0,"103":0,"104":0,"105":0,"106":0,"107":0,"108":0,"109":0,"110":0,"111":0,"112":0,"113":0,"114":0,"115":0,"116":0,"117":0,"118":0,"119":0,"120":0,"121":0,"122":0,"123":0,"124":0,"125":0,"126":0,"127":0,"128":0,"129":0},"f":{"0":0,"1":0,"2":0,"3":0,"4":0,"5":0,"6":0,"7":0,"8":0,"9":0,"10":0,"11":0,"12":0,"13":0,"14":0,"15":0,"16":0,"17":0,"18":0,"19":0,"20":0,"21":0,"22":0,"23":0,"24":0,"25":0,"26":0,"27":0,"28":0,"29":0,"30":0,"31":0,"32":0,"33":0,"34":0,"35":0,"36":0,"37":0,"38":0,"39":0,"40":0,"41":0,"42":0,"43":0,"44":0,"45":0,"46":0,"47":0,"48":0,"49":0,"50":0,"51":0,"52":0,"53":0,"54":0,"55":0,"56":0,"57":0,"58":0},"b":{"0":[0,0],"1":[0,0],"2":[0,0],"3":[0,0],"4":[0,0],"5":[0,0],"6":[0,0],"7":[0,0],"8":[0,0],"9":[0,0],"10":[0,0],"11":[0,0],"12":[0,0],"13":[0,0],"14":[0,0],"15":[0,0],"16":[0,0],"17":[0,0],"18":[0,0],"19":[0,0],"20":[0,0],"21":[0,0],"22":[0,0],"23":[0,0],"24":[0,0],"25":[0,0],"26":[0,0],"27":[0,0],"28":[0,0],"29":[0,0]}}
,"D:\\2022\\Web-Developing\\1FRONTEND\\Job\\store\\stroyroom_frontend_marketplace\\src\\views\\CartPage\\PickupOrder.jsx": {"path":"D:\\2022\\Web-Developing\\1FRONTEND\\Job\\store\\stroyroom_frontend_marketplace\\src\\views\\CartPage\\PickupOrder.jsx","statementMap":{"0":{"start":{"line":15,"column":20},"end":{"line":364,"column":1}},"1":{"start":{"line":16,"column":4},"end":{"line":16,"column":23}},"2":{"start":{"line":17,"column":30},"end":{"line":17,"column":130}},"3":{"start":{"line":18,"column":46},"end":{"line":18,"column":60}},"4":{"start":{"line":19,"column":44},"end":{"line":19,"column":58}},"5":{"start":{"line":20,"column":38},"end":{"line":20,"column":53}},"6":{"start":{"line":21,"column":46},"end":{"line":21,"column":61}},"7":{"start":{"line":22,"column":56},"end":{"line":22,"column":71}},"8":{"start":{"line":23,"column":42},"end":{"line":23,"column":181}},"9":{"start":{"line":24,"column":40},"end":{"line":24,"column":69}},"10":{"start":{"line":25,"column":22},"end":{"line":25,"column":46}},"11":{"start":{"line":26,"column":46},"end":{"line":26,"column":58}},"12":{"start":{"line":27,"column":43},"end":{"line":27,"column":57}},"13":{"start":{"line":28,"column":44},"end":{"line":28,"column":56}},"14":{"start":{"line":29,"column":40},"end":{"line":29,"column":52}},"15":{"start":{"line":30,"column":40},"end":{"line":30,"column":52}},"16":{"start":{"line":31,"column":37},"end":{"line":31,"column":49}},"17":{"start":{"line":34,"column":29},"end":{"line":34,"column":63}},"18":{"start":{"line":34,"column":35},"end":{"line":34,"column":63}},"19":{"start":{"line":35,"column":28},"end":{"line":35,"column":59}},"20":{"start":{"line":35,"column":38},"end":{"line":35,"column":59}},"21":{"start":{"line":36,"column":30},"end":{"line":39,"column":5}},"22":{"start":{"line":37,"column":8},"end":{"line":37,"column":31}},"23":{"start":{"line":38,"column":8},"end":{"line":38,"column":24}},"24":{"start":{"line":40,"column":29},"end":{"line":40,"column":57}},"25":{"start":{"line":40,"column":35},"end":{"line":40,"column":57}},"26":{"start":{"line":42,"column":4},"end":{"line":46,"column":21}},"27":{"start":{"line":43,"column":8},"end":{"line":45,"column":9}},"28":{"start":{"line":44,"column":12},"end":{"line":44,"column":30}},"29":{"start":{"line":47,"column":4},"end":{"line":48,"column":18}},"30":{"start":{"line":50,"column":4},"end":{"line":60,"column":21}},"31":{"start":{"line":51,"column":8},"end":{"line":51,"column":41}},"32":{"start":{"line":51,"column":34},"end":{"line":51,"column":40}},"33":{"start":{"line":52,"column":8},"end":{"line":58,"column":14}},"34":{"start":{"line":54,"column":16},"end":{"line":54,"column":47}},"35":{"start":{"line":57,"column":16},"end":{"line":57,"column":43}},"36":{"start":{"line":59,"column":8},"end":{"line":59,"column":43}},"37":{"start":{"line":63,"column":8},"end":{"line":63,"column":29}},"38":{"start":{"line":66,"column":8},"end":{"line":66,"column":30}},"39":{"start":{"line":67,"column":7},"end":{"line":67,"column":32}},"40":{"start":{"line":70,"column":8},"end":{"line":70,"column":45}},"41":{"start":{"line":70,"column":38},"end":{"line":70,"column":44}},"42":{"start":{"line":71,"column":8},"end":{"line":71,"column":54}},"43":{"start":{"line":71,"column":34},"end":{"line":71,"column":53}},"44":{"start":{"line":73,"column":8},"end":{"line":75,"column":22}},"45":{"start":{"line":74,"column":12},"end":{"line":74,"column":34}},"46":{"start":{"line":79,"column":21},"end":{"line":79,"column":32}},"47":{"start":{"line":80,"column":8},"end":{"line":80,"column":33}},"48":{"start":{"line":81,"column":8},"end":{"line":93,"column":9}},"49":{"start":{"line":81,"column":21},"end":{"line":81,"column":22}},"50":{"start":{"line":82,"column":12},"end":{"line":85,"column":13}},"51":{"start":{"line":83,"column":16},"end":{"line":83,"column":53}},"52":{"start":{"line":84,"column":16},"end":{"line":84,"column":58}},"53":{"start":{"line":86,"column":12},"end":{"line":92,"column":13}},"54":{"start":{"line":86,"column":23},"end":{"line":86,"column":24}},"55":{"start":{"line":87,"column":16},"end":{"line":91,"column":17}},"56":{"start":{"line":88,"column":20},"end":{"line":88,"column":49}},"57":{"start":{"line":89,"column":20},"end":{"line":89,"column":57}},"58":{"start":{"line":90,"column":20},"end":{"line":90,"column":62}},"59":{"start":{"line":94,"column":8},"end":{"line":111,"column":14}},"60":{"start":{"line":97,"column":29},"end":{"line":97,"column":66}},"61":{"start":{"line":101,"column":16},"end":{"line":106,"column":19}},"62":{"start":{"line":101,"column":47},"end":{"line":106,"column":17}},"63":{"start":{"line":109,"column":16},"end":{"line":109,"column":35}},"64":{"start":{"line":110,"column":16},"end":{"line":110,"column":34}},"65":{"start":{"line":128,"column":8},"end":{"line":149,"column":14}},"66":{"start":{"line":131,"column":24},"end":{"line":138,"column":25}},"67":{"start":{"line":132,"column":28},"end":{"line":132,"column":71}},"68":{"start":{"line":135,"column":28},"end":{"line":135,"column":39}},"69":{"start":{"line":143,"column":16},"end":{"line":148,"column":19}},"70":{"start":{"line":143,"column":47},"end":{"line":148,"column":17}},"71":{"start":{"line":150,"column":8},"end":{"line":150,"column":26}},"72":{"start":{"line":156,"column":8},"end":{"line":159,"column":14}},"73":{"start":{"line":158,"column":16},"end":{"line":158,"column":44}},"74":{"start":{"line":161,"column":4},"end":{"line":165,"column":25}},"75":{"start":{"line":162,"column":8},"end":{"line":164,"column":9}},"76":{"start":{"line":163,"column":12},"end":{"line":163,"column":36}},"77":{"start":{"line":168,"column":8},"end":{"line":168,"column":26}},"78":{"start":{"line":169,"column":8},"end":{"line":206,"column":9}},"79":{"start":{"line":170,"column":12},"end":{"line":188,"column":18}},"80":{"start":{"line":180,"column":20},"end":{"line":184,"column":21}},"81":{"start":{"line":181,"column":24},"end":{"line":181,"column":58}},"82":{"start":{"line":182,"column":24},"end":{"line":182,"column":49}},"83":{"start":{"line":183,"column":24},"end":{"line":183,"column":65}},"84":{"start":{"line":187,"column":20},"end":{"line":187,"column":38}},"85":{"start":{"line":191,"column":12},"end":{"line":205,"column":18}},"86":{"start":{"line":200,"column":20},"end":{"line":204,"column":21}},"87":{"start":{"line":201,"column":24},"end":{"line":201,"column":58}},"88":{"start":{"line":202,"column":24},"end":{"line":202,"column":49}},"89":{"start":{"line":203,"column":24},"end":{"line":203,"column":65}},"90":{"start":{"line":208,"column":15},"end":{"line":218,"column":14}},"91":{"start":{"line":209,"column":16},"end":{"line":217,"column":25}},"92":{"start":{"line":215,"column":34},"end":{"line":215,"column":50}},"93":{"start":{"line":221,"column":4},"end":{"line":363,"column":6}},"94":{"start":{"line":224,"column":34},"end":{"line":224,"column":54}},"95":{"start":{"line":232,"column":24},"end":{"line":240,"column":26}},"96":{"start":{"line":236,"column":32},"end":{"line":236,"column":52}},"97":{"start":{"line":247,"column":32},"end":{"line":265,"column":49}},"98":{"start":{"line":260,"column":54},"end":{"line":260,"column":75}},"99":{"start":{"line":278,"column":28},"end":{"line":278,"column":58}},"100":{"start":{"line":285,"column":32},"end":{"line":285,"column":68}},"101":{"start":{"line":297,"column":38},"end":{"line":297,"column":63}},"102":{"start":{"line":347,"column":28},"end":{"line":355,"column":45}},"103":{"start":{"line":354,"column":54},"end":{"line":354,"column":73}}},"fnMap":{"0":{"name":"(anonymous_0)","decl":{"start":{"line":15,"column":20},"end":{"line":15,"column":21}},"loc":{"start":{"line":15,"column":31},"end":{"line":364,"column":1}},"line":15},"1":{"name":"(anonymous_1)","decl":{"start":{"line":34,"column":29},"end":{"line":34,"column":30}},"loc":{"start":{"line":34,"column":35},"end":{"line":34,"column":63}},"line":34},"2":{"name":"(anonymous_2)","decl":{"start":{"line":35,"column":28},"end":{"line":35,"column":29}},"loc":{"start":{"line":35,"column":38},"end":{"line":35,"column":59}},"line":35},"3":{"name":"(anonymous_3)","d
[...]
column":20},"end":{"line":52,"column":67}},"18":{"start":{"line":53,"column":20},"end":{"line":53,"column":43}},"19":{"start":{"line":55,"column":16},"end":{"line":55,"column":34}},"20":{"start":{"line":59,"column":4},"end":{"line":111,"column":6}},"21":{"start":{"line":68,"column":27},"end":{"line":68,"column":89}},"22":{"start":{"line":84,"column":28},"end":{"line":84,"column":55}},"23":{"start":{"line":91,"column":28},"end":{"line":91,"column":60}}},"fnMap":{"0":{"name":"(anonymous_0)","decl":{"start":{"line":10,"column":17},"end":{"line":10,"column":18}},"loc":{"start":{"line":10,"column":23},"end":{"line":112,"column":1}},"line":10},"1":{"name":"(anonymous_1)","decl":{"start":{"line":14,"column":15},"end":{"line":14,"column":16}},"loc":{"start":{"line":14,"column":19},"end":{"line":16,"column":6}},"line":14},"2":{"name":"getData","decl":{"start":{"line":18,"column":15},"end":{"line":18,"column":22}},"loc":{"start":{"line":18,"column":24},"end":{"line":28,"column":1}},"line":18},"3":{"name":"(anonymous_3)","decl":{"start":{"line":21,"column":14},"end":{"line":21,"column":15}},"loc":{"start":{"line":21,"column":26},"end":{"line":24,"column":9}},"line":21},"4":{"name":"(anonymous_4)","decl":{"start":{"line":25,"column":16},"end":{"line":25,"column":17}},"loc":{"start":{"line":25,"column":20},"end":{"line":27,"column":8}},"line":25},"5":{"name":"addToCart","decl":{"start":{"line":30,"column":13},"end":{"line":30,"column":22}},"loc":{"start":{"line":30,"column":31},"end":{"line":44,"column":5}},"line":30},"6":{"name":"(anonymous_6)","decl":{"start":{"line":35,"column":18},"end":{"line":35,"column":19}},"loc":{"start":{"line":35,"column":30},"end":{"line":43,"column":13}},"line":35},"7":{"name":"deleteFromCart","decl":{"start":{"line":45,"column":13},"end":{"line":45,"column":27}},"loc":{"start":{"line":45,"column":35},"end":{"line":57,"column":5}},"line":45},"8":{"name":"(anonymous_8)","decl":{"start":{"line":50,"column":18},"end":{"line":50,"column":19}},"loc":{"start":{"line":50,"column":30},"end":{"line":56,"column":13}},"line":50},"9":{"name":"(anonymous_9)","decl":{"start":{"line":67,"column":46},"end":{"line":67,"column":47}},"loc":{"start":{"line":68,"column":27},"end":{"line":68,"column":89}},"line":68},"10":{"name":"(anonymous_10)","decl":{"start":{"line":83,"column":41},"end":{"line":83,"column":42}},"loc":{"start":{"line":83,"column":47},"end":{"line":85,"column":25}},"line":83},"11":{"name":"(anonymous_11)","decl":{"start":{"line":90,"column":69},"end":{"line":90,"column":70}},"loc":{"start":{"line":90,"column":75},"end":{"line":92,"column":25}},"line":90}},"branchMap":{"0":{"loc":{"start":{"line":38,"column":16},"end":{"line":42,"column":17}},"type":"if","locations":[{"start":{"line":38,"column":16},"end":{"line":42,"column":17}},{"start":{},"end":{}}],"line":38},"1":{"loc":{"start":{"line":51,"column":16},"end":{"line":54,"column":17}},"type":"if","locations":[{"start":{"line":51,"column":16},"end":{"line":54,"column":17}},{"start":{},"end":{}}],"line":51},"2":{"loc":{"start":{"line":64,"column":13},"end":{"line":72,"column":21}},"type":"binary-expr","locations":[{"start":{"line":64,"column":13},"end":{"line":64,"column":23}},{"start":{"line":65,"column":15},"end":{"line":72,"column":21}}],"line":64},"3":{"loc":{"start":{"line":82,"column":21},"end":{"line":87,"column":33}},"type":"binary-expr","locations":[{"start":{"line":82,"column":21},"end":{"line":82,"column":51}},{"start":{"line":83,"column":24},"end":{"line":87,"column":33}}],"line":82},"4":{"loc":{"start":{"line":89,"column":21},"end":{"line":94,"column":33}},"type":"binary-expr","locations":[{"start":{"line":89,"column":21},"end":{"line":89,"column":51}},{"start":{"line":90,"column":24},"end":{"line":94,"column":33}}],"line":89}},"s":{"0":0,"1":0,"2":0,"3":0,"4":0,"5":0,"6":0,"7":0,"8":0,"9":0,"10":0,"11":0,"12":0,"13":0,"14":0,"15":0,"16":0,"17":0,"18":0,"19":0,"20":0,"21":0,"22":0,"23":0},"f":{"0":0,"1":0,"2":0,"3":0,"4":0,"5":0,"6":0,"7":0,"8":0,"9":0,"10":0,"11":0},"b":{"0":[0,0],"1":[0,0],"2":[0,0],"3":[0,0],"4":[0,0]}}
,"D:\\2022\\Web-Developing\\1FRONTEND\\Job\\store\\stroyroom_frontend_marketplace\\src\\views\\OrderItem\\OrderItem.jsx": {"path":"D:\\2022\\Web-Developing\\1FRONTEND\\Job\\store\\stroyroom_frontend_marketplace\\src\\views\\OrderItem\\OrderItem.jsx","statementMap":{"0":{"start":{"line":8,"column":18},"end":{"line":97,"column":1}},"1":{"start":{"line":9,"column":37},"end":{"line":9,"column":49}},"2":{"start":{"line":10,"column":47},"end":{"line":10,"column":59}},"3":{"start":{"line":11,"column":37},"end":{"line":11,"column":52}},"4":{"start":{"line":12,"column":34},"end":{"line":12,"column":49}},"5":{"start":{"line":13,"column":44},"end":{"line":13,"column":56}},"6":{"start":{"line":14,"column":22},"end":{"line":14,"column":33}},"7":{"start":{"line":16,"column":27},"end":{"line":16,"column":54}},"8":{"start":{"line":16,"column":35},"end":{"line":16,"column":52}},"9":{"start":{"line":17,"column":4},"end":{"line":31,"column":9}},"10":{"start":{"line":18,"column":8},"end":{"line":18,"column":26}},"11":{"start":{"line":19,"column":8},"end":{"line":25,"column":14}},"12":{"start":{"line":21,"column":16},"end":{"line":21,"column":43}},"13":{"start":{"line":24,"column":16},"end":{"line":24,"column":35}},"14":{"start":{"line":26,"column":8},"end":{"line":29,"column":14}},"15":{"start":{"line":28,"column":16},"end":{"line":28,"column":48}},"16":{"start":{"line":33,"column":8},"end":{"line":33,"column":35}},"17":{"start":{"line":34,"column":8},"end":{"line":34,"column":30}},"18":{"start":{"line":37,"column":4},"end":{"line":96,"column":6}},"19":{"start":{"line":64,"column":28},"end":{"line":86,"column":45}},"20":{"start":{"line":82,"column":44},"end":{"line":82,"column":60}}},"fnMap":{"0":{"name":"(anonymous_0)","decl":{"start":{"line":8,"column":18},"end":{"line":8,"column":19}},"loc":{"start":{"line":8,"column":24},"end":{"line":97,"column":1}},"line":8},"1":{"name":"(anonymous_1)","decl":{"start":{"line":16,"column":27},"end":{"line":16,"column":28}},"loc":{"start":{"line":16,"column":33},"end":{"line":16,"column":54}},"line":16},"2":{"name":"(anonymous_2)","decl":{"start":{"line":17,"column":14},"end":{"line":17,"column":15}},"loc":{"start":{"line":17,"column":18},"end":{"line":31,"column":5}},"line":17},"3":{"name":"(anonymous_3)","decl":{"start":{"line":20,"column":18},"end":{"line":20,"column":19}},"loc":{"start":{"line":20,"column":30},"end":{"line":22,"column":13}},"line":20},"4":{"name":"(anonymous_4)","decl":{"start":{"line":23,"column":21},"end":{"line":23,"column":22}},"loc":{"start":{"line":23,"column":25},"end":{"line":25,"column":13}},"line":23},"5":{"name":"(anonymous_5)","decl":{"start":{"line":27,"column":18},"end":{"line":27,"column":19}},"loc":{"start":{"line":27,"column":30},"end":{"line":29,"column":13}},"line":27},"6":{"name":"selectItem","decl":{"start":{"line":32,"column":19},"end":{"line":32,"column":29}},"loc":{"start":{"line":32,"column":35},"end":{"line":35,"column":5}},"line":32},"7":{"name":"(anonymous_7)","decl":{"start":{"line":63,"column":44},"end":{"line":63,"column":45}},"loc":{"start":{"line":64,"column":28},"end":{"line":86,"column":45}},"line":64},"8":{"name":"(anonymous_8)","decl":{"start":{"line":81,"column":57},"end":{"line":81,"column":58}},"loc":{"start":{"line":81,"column":63},"end":{"line":83,"column":41}},"line":81}},"branchMap":{"0":{"loc":{"start":{"line":39,"column":13},"end":{"line":58,"column":22}},"type":"binary-expr","locations":[{"start":{"line":39,"column":13},"end":{"line":39,"column":23}},{"start":{"line":40,"column":16},"end":{"line":58,"column":22}}],"line":39},"1":{"loc":{"start":{"line":54,"column":36},"end":{"line":54,"column":76}},"type":"binary-expr","locations":[{"start":{"line":54,"column":36},"end":{"line":54,"column":62}},{"start":{"line":54,"column":66},"end":{"line":54,"column":76}}],"line":54},"2":{"loc":{"start":{"line":54,"column":79},"end":{"line":54,"column":119}},"type":"binary-expr","locations":[{"start":{"line":54,"column":79},"end":{"line":54,"column":104}},{"start":{"line":54,"column":108},"end":{"line":54,"column":119}}],"line":54},"3":{"loc":{"start":{"line":60,"column":13},"end":{"line":90,"column":23}},"type":"binary-expr","locations":[{"start":{"line":60,"column":13},"end":{"line":60,"column":23}},{"start":{"line":61,"column":16},"end":{"line":90,"column":23}}],"line":60},"4":{"loc":{"start":{"line":74,"column":37},"end":{"line":75,"column":94}},"type":"binary-expr","locations":[{"start":{"line":74,"column":37},"end":{"line":74,"column":53}},{"start":{"line":75,"column":40},"end":{"line":75,"column":94}}],"line":74},"5":{"loc":{"start":{"line":80,"column":37},"end":{"line":83,"column":91}},"type":"binary-expr","locations":[{"start":{"line":80,"column":37},"end":{"line":80,"column":62}},{"start":{"line":81,"column":40},"end":{"line":83,"column":91}}],"line":80},"6":{"loc":{"start":{"line":92,"column":13},"end":{"line":93,"column":107}},"type":"binary-expr","locations":[{"start":{"line":92,"column":13},"end":{"line":92,"column":20}},{"start":{"line":93,"column":16},"end":{"line":93,"column":107}}],"line":92}},"s":{"0":0,"1":0,"2":0,"3":0,"4":0,"5":0,"6":0,"7":0,"8":0,"9":0,"10":0,"11":0,"12":0,"13":0,"14":0,"15":0,"16":0,"17":0,"18":0,"19":0,"20":0},"f":{"0":0,"1":0,"2":0,"3":0,"4":0,"5":0,"6":0,"7":0,"8":0},"b":{"0":[0,0],"1":[0,0],"2":[0,0],"3":[0,0],"4":[0,0],"5":[0,0],"6":[0,0]}}
,"D:\\2022\\Web-Developing\\1FRONTEND\\Job\\store\\stroyroom_frontend_marketplace\\src\\views\\OrderListPage\\OrderListPage.jsx": {"path":"D:\\2022\\Web-Developing\\1FRONTEND\\Job\\store\\stroyroom_frontend_marketplace\\src\\views\\OrderListPage\\OrderListPage.jsx","statementMap":{"0":{"start":{"line":9,"column":22},"end":{"line":76,"column":1}},"1":{"start":{"line":10,"column":36},"end":{"line":10,"column":48}},"2":{"start":{"line":11,"column":39},"end":{"line":11,"column":53}},"3":{"start":{"line":12,"column":35},"end":{"line":12,"column":49}},"4":{"start":{"line":13,"column":19},"end":{"line":13,"column":32}},"5":{"start":{"line":14,"column":4},"end":{"line":21,"column":11}},"6":{"start":{"line":15,"column":7},"end":{"line":20,"column":13}},"7":{"start":{"line":17,"column":15},"end":{"line":17,"column":49}},"8":{"start":{"line":18,"column":15},"end":{"line":18,"column":46}},"9":{"start":{"line":19,"column":15},"end":{"line":19,"column":51}},"10":{"start":{"line":23,"column":21},"end":{"line":23,"column":39}},"11":{"start":{"line":24,"column":4},"end":{"line":24,"column":27}},"12":{"start":{"line":25,"column":4},"end":{"line":31,"column":10}},"13":{"start":{"line":27,"column":12},"end":{"line":27,"column":46}},"14":{"start":{"line":28,"column":12},"end":{"line":28,"column":43}},"15":{"start":{"line":29,"column":12},"end":{"line":29,"column":66}},"16":{"start":{"line":30,"column":12},"end":{"line":30,"column":68}},"17":{"start":{"line":35,"column":4},"end":{"line":75,"column":6}},"18":{"start":{"line":43,"column":24},"end":{"line":62,"column":41}},"19":{"start":{"line":44,"column":28},"end":{"line":44,"column":58}},"20":{"start":{"line":50,"column":40},"end":{"line":50,"column":91}}},"fnMap":{"0":{"name":"(anonymous_0)","decl":{"start":{"line":9,"column":22},"end":{"line":9,"column":23}},"loc":{"start":{"line":9,"column":28},"end":{"line":76,"column":1}},"line":9},"1":{"name":"(anonymous_1)","decl":{"start":{"line":14,"column":14},"end":{"line":14,"column":15}},"loc":{"start":{"line":14,"column":20},"end":{"line":21,"column":5}},"line":14},"2":{"name":"(anonymous_2)","decl":{"start":{"line":16,"column":17},"end":{"line":16,"column":18}},"loc":{"start":{"line":16,"column":29},"end":{"line":20,"column":12}},"line":16},"3":{"name":"fetchData","decl":{"start":{"line":22,"column":9},"end":{"line":22,"column":18}},"loc":{"start":{"line":22,"column":21},"end":{"line":32,"column":1}},"line":22},"4":{"name":"(anonymous_4)","decl":{"start":{"line":26,"column":14},"end":{"line":26,"column":15}},"loc":{"start":{"line":26,"column":26},"end":{"line":31,"column":9}},"line":26},"5":{"name":"(anonymous_5)","decl":{"start":{"line":42,"column":36},"end":{"line":42,"column":37}},"loc":{"start":{"line":43,"column":24},"end":{"line":62,"column":41}},"line":43},"6":{"name":"(anonymous_6)","decl":{"start":{"line":43,"column":49},"end":{"line":43,"column":50}},"loc":{"start":{"line":43,"column":53},"end":{"line":45,"column":25}},"line":43},"7":{"name":"(anonymous_7)","decl":{"start":{"line":49,"column":54},"end":{"line":49,"column":55}},"loc":{"start":{"line":50,"column":40},"end":{"line":50,"column":91}},"line":50}},"branchMap":{"0":{"loc":{"start":{"line":56,"column":51},"end":{"line":56,"column":90}},"type":"cond-expr","locations":[{"start":{"line":56,"column":66},"end":{"line":56,"column":77}},{"start":{"line":56,"column":80},"end":{"line":56,"column":90}}],"line":56},"1":{"loc":{"start":{"line":68,"column":21},"end":{"line":69,"column":106}},"type":"binary-expr","locations":[{"start":{"line":68,"column":21},"end":{"line":68,"column":29}},{"start":{"line":69,"column":24},"end":{"line":69,"column":106}}],"line":68}},"s":{"0":0,"1":0,"2":0,"3":0,"4":0,"5":0,"6":0,"7":0,"8":0,"9":0,"10":0,"11":0,"12":0,"13":0,"14":0,"15":0,"16":0,"17":0,"18":0,"19":0,"20":0},"f":{"0":0,"1":0,"2":0,"3":0,"4":0,"5":0,"6":0,"7":0},"b":{"0":[0,0],"1":[0,0]}}
,"D:\\2022\\Web-Developing\\1FRONTEND\\Job\\store\\stroyroom_frontend_marketplace\\src\\views\\SearchPage\\SearchPage.jsx": {"path":"D:\\2022\\Web-Developing\\1FRONTEND\\Job\\store\\stroyroom_frontend_marketplace\\src\\views\\SearchPage\\SearchPage.jsx","statementMap":{"0":{"start":{"line":9,"column":19},"end":{"line":103,"column":1}},"1":{"start":{"line":10,"column":41},"end":{"line":13,"column":6}},"2":{"start":{"line":14,"column":19},"end":{"line":14,"column":32}},"3":{"start":{"line":15,"column":25},"end":{"line":15,"column":42}},"4":{"start":{"line":16,"column":4},"end":{"line":22,"column":32}},"5":{"start":{"line":17,"column":8},"end":{"line":17,"column":39}},"6":{"start":{"line":18,"column":8},"end":{"line":21,"column":14}},"7":{"start":{"line":20,"column":16},"end":{"line":20,"column":53}},"8":{"start":{"line":25,"column":8},"end":{"line":25,"column":31}},"9":{"start":{"line":28,"column":8},"end":{"line":43,"column":14}},"10":{"start":{"line":35,"column":16},"end":{"line":42,"column":17}},"11":{"start":{"line":36,"column":20},"end":{"line":40,"column":21}},"12":{"start":{"line":38,"column":28},"end":{"line":38,"column":81}},"13":{"start":{"line":41,"column":20},"end":{"line":41,"column":38}},"14":{"start":{"line":46,"column":8},"end":{"line":59,"column":14}},"15":{"start":{"line":51,"column":16},"end":{"line":57,"column":17}},"16":{"start":{"line":52,"column":20},"end":{"line":56,"column":21}},"17":{"start":{"line":54,"column":28},"end":{"line":54,"column":81}},"18":{"start":{"line":58,"column":16},"end":{"line":58,"column":34}},"19":{"start":{"line":63,"column":4},"end":{"line":102,"column":6}},"20":{"start":{"line":75,"column":28},"end":{"line":96,"column":35}},"21":{"start":{"line":76,"column":56},"end":{"line":76,"column":73}},"22":{"start":{"line":78,"column":62},"end":{"line":78,"column":79}},"23":{"start":{"line":83,"column":44},"end":{"line":83,"column":75}},"24":{"start":{"line":90,"column":44},"end":{"line":90,"column":70}}},"fnMap":{"0":{"name":"(anonymous_0)","decl":{"start":{"line":9,"column":19},"end":{"line":9,"column":20}},"loc":{"start":{"line":9,"column":25},"end":{"line":103,"column":1}},"line":9},"1":{"name":"(anonymous_1)","decl":{"start":{"line":16,"column":14},"end":{"line":16,"column":15}},"loc":{"start":{"line":16,"column":20},"end":{"line":22,"column":5}},"line":16},"2":{"name":"(anonymous_2)","decl":{"start":{"line":19,"column":18},"end":{"line":19,"column":19}},"loc":{"start":{"line":19,"column":30},"end":{"line":21,"column":13}},"line":19},"3":{"name":"goToItem","decl":{"start":{"line":24,"column":13},"end":{"line":24,"column":21}},"loc":{"start":{"line":24,"column":25},"end":{"line":26,"column":5}},"line":24},"4":{"name":"addToCart","decl":{"start":{"line":27,"column":13},"end":{"line":27,"column":22}},"loc":{"start":{"line":27,"column":31},"end":{"line":44,"column":5}},"line":27},"5":{"name":"(anonymous_5)","decl":{"start":{"line":32,"column":18},"end":{"line":32,"column":19}},"loc":{"start":{"line":32,"column":30},"end":{"line":43,"column":13}},"line":32},"6":{"name":"(anonymous_6)","decl":{"start":{"line":37,"column":40},"end":{"line":37,"column":41}},"loc":{"start":{"line":38,"column":28},"end":{"line":38,"column":81}},"line":38},"7":{"name":"deleteFromCart","decl":{"start":{"line":45,"column":13},"end":{"line":45,"column":27}},"loc":{"start":{"line":45,"column":35},"end":{"line":60,"column":5}},"line":45},"8":{"name":"(anonymous_8)","decl":{"start":{"line":50,"column":18},"end":{"line":50,"column":19}},"loc":{"start":{"line":50,"column":30},"end":{"line":59,"column":13}},"line":50},"9":{"name":"(anonymous_9)","decl":{"start":{"line":53,"column":40},"end":{"line":53,"column":41}},"loc":{"start":{"line":54,"column":28},"end":{"line":54,"column":81}},"line":54},"10":{"name":"(anonymous_10)","decl":{"start":{"line":74,"column":41},"end":{"line":74,"column":42}},"loc":{"start":{"line":75,"column":28},"end":{"line":96,"column":35}},"line":75},"11":{"name":"(anonymous_11)","decl":{"start":{"line":76,"column":51},"end":{"line":76,"column":52}},"loc":{"start":{"line":76,"column":55},"end":{"line":76,"column":74}},"line":76},"12":{"name":"(anonymous_12)","decl":{"start":{"line":78,"column":57},"end":{"line":78,"column":58}},"loc":{"start":{"line":78,"column":61},"end":{"line":78,"column":80}},"line":78},"13":{"name":"(anonymous_13)","decl":{"start":{"line":82,"column":57},"end":{"line":82,"column":58}},"loc":{"start":{"line":82,"column":63},"end":{"line":84,"column":41}},"line":82},"14":{"name":"(anonymous_14)","decl":{"start":{"line":89,"column":85},"end":{"line":89,"column":86}},"loc":{"start":{"line":89,"column":91},"end":{"line":91,"column":41}},"line":89}},"branchMap":{"0":{"loc":{"start":{"line":35,"column":16},"end":{"line":42,"column":17}},"type":"if","locations":[{"start":{"line":35,"column":16},"end":{"line":42,"column":17}},{"start":{},"end":{}}],"line":35},"1":{"loc":{"start":{"line":38,"column":28},"end":{"line":38,"column":81}},"type":"cond-expr","locations":[{"start":{"line":38,"column":45},"end":{"line":38,"column":74}},{"start":{"line":38,"column":77},"end":{"line":38,"column":81}}],"line":38},"2":{"loc":{"start":{"line":51,"column":16},"end":{"line":57,"column":17}},"type":"if","locations":[{"start":{"line":51,"column":16},"end":{"line":57,"column":17}},{"start":{},"end":{}}],"line":51},"3":{"loc":{"start":{"line":54,"column":28},"end":{"line":54,"column":81}},"type":"cond-expr","locations":[{"start":{"line":54,"column":45},"end":{"line":54,"column":74}},{"start":{"line":54,"column":77},"end":{"line":54,"column":81}}],"line":54},"4":{"loc":{"start":{"line":71,"column":25},"end":{"line":72,"column":93}},"type":"binary-expr","locations":[{"start":{"line":71,"column":25},"end":{"line":71,"column":49}},{"start":{"line":72,"column":28},"end":{"line":72,"column":93}}],"line":71},"5":{"loc":{"start":{"line":81,"column":37},"end":{"line":86,"column":49}},"type":"binary-expr","locations":[{"start":{"line":81,"column":37},"end":{"line":81,"column":61}},{"start":{"line":82,"column":40},"end":{"line":86,"column":49}}],"line":81},"6":{"loc":{"start":{"line":88,"column":37},"end":{"line":93,"column":49}},"type":"binary-expr","locations":[{"start":{"line":88,"column":37},"end":{"line":88,"column":61}},{"start":{"line":89,"column":40},"end":{"line":93,"column":49}}],"line":88}},"s":{"0":0,"1":0,"2":0,"3":0,"4":0,"5":0,"6":0,"7":0,"8":0,"9":0,"10":0,"11":0,"12":0,"13":0,"14":0,"15":0,"16":0,"17":0,"18":0,"19":0,"20":0,"21":0,"22":0,"23":0,"24":0},"f":{"0":0,"1":0,"2":0,"3":0,"4":0,"5":0,"6":0,"7":0,"8":0,"9":0,"10":0,"11":0,"12":0,"13":0,"14":0},"b":{"0":[0,0],"1":[0,0],"2":[0,0],"3":[0,0],"4":[0,0],"5":[0,0],"6":[0,0]}}
}
