TN:
SF:src\App.js
FN:16,(anonymous_0)
FNF:1
FNH:0
FNDA:0,(anonymous_0)
DA:16,0
DA:17,0
LF:2
LH:0
BRDA:18,0,0,0
BRDA:18,0,1,0
BRF:2
BRH:0
end_of_record
TN:
SF:src\index.js
FNF:0
FNH:0
DA:9,0
DA:19,0
LF:2
LH:0
BRF:0
BRH:0
end_of_record
TN:
SF:src\reportWebVitals.js
FN:1,(anonymous_0)
FN:3,(anonymous_1)
FNF:2
FNH:0
FNDA:0,(anonymous_0)
FNDA:0,(anonymous_1)
DA:1,0
DA:2,0
DA:3,0
DA:4,0
DA:5,0
DA:6,0
DA:7,0
DA:8,0
LF:8
LH:0
BRDA:2,0,0,0
BRDA:2,0,1,0
BRDA:2,1,0,0
BRDA:2,1,1,0
BRF:4
BRH:0
end_of_record
TN:
SF:src\components\Header.jsx
FN:26,(anonymous_0)
FN:32,(anonymous_1)
FN:34,(anonymous_2)
FN:42,goToSearch
FN:48,unAuthUser
FN:53,changeCity
FN:70,(anonymous_6)
FN:71,(anonymous_7)
FN:82,(anonymous_8)
FN:83,(anonymous_9)
FN:96,(anonymous_10)
FN:98,(anonymous_11)
FN:112,(anonymous_12)
FN:116,(anonymous_13)
FN:118,(anonymous_14)
FNF:15
FNH:0
FNDA:0,(anonymous_0)
FNDA:0,(anonymous_1)
FNDA:0,(anonymous_2)
FNDA:0,goToSearch
FNDA:0,unAuthUser
FNDA:0,changeCity
FNDA:0,(anonymous_6)
FNDA:0,(anonymous_7)
FNDA:0,(anonymous_8)
FNDA:0,(anonymous_9)
FNDA:0,(anonymous_10)
FNDA:0,(anonymous_11)
FNDA:0,(anonymous_12)
FNDA:0,(anonymous_13)
FNDA:0,(anonymous_14)
DA:26,0
DA:27,0
DA:28,0
DA:29,0
DA:30,0
DA:32,0
DA:33,0
DA:35,0
DA:43,0
DA:44,0
DA:45,0
DA:46,0
DA:49,0
DA:50,0
DA:51,0
DA:54,0
DA:55,0
DA:59,0
DA:71,0
DA:82,0
DA:83,0
DA:96,0
DA:98,0
DA:112,0
DA:116,0
DA:118,0
LF:26
LH:0
BRDA:44,0,0,0
BRDA:44,0,1,0
BRDA:45,1,0,0
BRDA:45,1,1,0
BRDA:45,2,0,0
BRDA:45,2,1,0
BRDA:45,3,0,0
BRDA:45,3,1,0
BRDA:87,4,0,0
BRDA:87,4,1,0
BRDA:111,5,0,0
BRDA:111,5,1,0
BRDA:111,6,0,0
BRDA:111,6,1,0
BRDA:114,7,0,0
BRDA:114,7,1,0
BRF:16
BRH:0
end_of_record
TN:
SF:src\components\AuthModal\AuthModal.jsx
FN:11,(anonymous_0)
FN:20,onSubmitLoginForm
FN:25,(anonymous_2)
FN:31,(anonymous_3)
FN:39,(anonymous_4)
FN:49,(anonymous_5)
FN:53,resetLoginForm
FN:59,(anonymous_7)
FN:73,unAuthUser
FN:79,(anonymous_9)
FN:88,(anonymous_10)
FN:93,(anonymous_11)
FN:101,(anonymous_12)
FNF:13
FNH:0
FNDA:0,(anonymous_0)
FNDA:0,onSubmitLoginForm
FNDA:0,(anonymous_2)
FNDA:0,(anonymous_3)
FNDA:0,(anonymous_4)
FNDA:0,(anonymous_5)
FNDA:0,resetLoginForm
FNDA:0,(anonymous_7)
FNDA:0,unAuthUser
FNDA:0,(anonymous_9)
FNDA:0,(anonymous_10)
FNDA:0,(anonymous_11)
FNDA:0,(anonymous_12)
DA:11,0
DA:12,0
DA:13,0
DA:14,0
DA:15,0
DA:16,0
DA:18,0
DA:21,0
DA:26,0
DA:32,0
DA:40,0
DA:41,0
DA:42,0
DA:43,0
DA:44,0
DA:45,0
DA:46,0
DA:50,0
DA:54,0
DA:55,0
DA:56,0
DA:59,0
DA:60,0
DA:61,0
DA:62,0
DA:63,0
DA:66,0
DA:67,0
DA:68,0
DA:71,0
DA:74,0
DA:75,0
DA:78,0
DA:79,0
DA:88,0
DA:94,0
DA:101,0
LF:37
LH:0
BRDA:21,0,0,0
BRDA:21,0,1,0
BRDA:26,1,0,0
BRDA:26,1,1,0
BRDA:40,2,0,0
BRDA:40,2,1,0
BRDA:61,3,0,0
BRDA:61,3,1,0
BRDA:90,4,0,0
BRDA:90,4,1,0
BRF:10
BRH:0
end_of_record
TN:
SF:src\components\DeliveryMap\DeliveryMap.jsx
FN:16,(anonymous_0)
FN:20,(anonymous_1)
FN:25,selectCoord
FN:30,(anonymous_3)
FN:31,(anonymous_4)
FN:34,(anonymous_5)
FN:42,searchCoord
FN:49,(anonymous_7)
FN:52,(anonymous_8)
FN:55,(anonymous_9)
FN:62,(anonymous_10)
FN:72,(anonymous_11)
FN:86,(anonymous_12)
FN:94,(anonymous_13)
FNF:14
FNH:0
FNDA:0,(anonymous_0)
FNDA:0,(anonymous_1)
FNDA:0,selectCoord
FNDA:0,(anonymous_3)
FNDA:0,(anonymous_4)
FNDA:0,(anonymous_5)
FNDA:0,searchCoord
FNDA:0,(anonymous_7)
FNDA:0,(anonymous_8)
FNDA:0,(anonymous_9)
FNDA:0,(anonymous_10)
FNDA:0,(anonymous_11)
FNDA:0,(anonymous_12)
FNDA:0,(anonymous_13)
DA:12,0
DA:13,0
DA:16,0
DA:17,0
DA:18,0
DA:19,0
DA:20,0
DA:21,0
DA:26,0
DA:29,0
DA:31,0
DA:32,0
DA:35,0
DA:38,0
DA:43,0
DA:44,0
DA:45,0
DA:48,0
DA:50,0
DA:51,0
DA:52,0
DA:53,0
DA:56,0
DA:59,0
DA:62,0
DA:63,0
DA:71,0
DA:72,0
DA:73,0
DA:77,0
DA:86,0
DA:94,0
LF:32
LH:0
BRDA:21,0,0,0
BRDA:21,0,1,0
BRDA:91,1,0,0
BRDA:91,1,1,0
BRDA:91,1,2,0
BRDA:97,2,0,0
BRDA:97,2,1,0
BRF:7
BRH:0
end_of_record
TN:
SF:src\components\ItemProperty\ItemProperty.jsx
FN:7,(anonymous_0)
FN:13,(anonymous_1)
FN:18,getData
FN:22,(anonymous_3)
FN:26,(anonymous_4)
FN:35,(anonymous_5)
FNF:6
FNH:0
FNDA:0,(anonymous_0)
FNDA:0,(anonymous_1)
FNDA:0,getData
FNDA:0,(anonymous_3)
FNDA:0,(anonymous_4)
FNDA:0,(anonymous_5)
DA:7,0
DA:8,0
DA:9,0
DA:10,0
DA:13,0
DA:14,0
DA:20,0
DA:23,0
DA:24,0
DA:27,0
DA:30,0
DA:36,0
LF:12
LH:0
BRDA:32,0,0,0
BRDA:32,0,1,0
BRF:2
BRH:0
end_of_record
TN:
SF:src\components\OrderMap\OrderMap.jsx
FN:6,(anonymous_0)
FNF:1
FNH:0
FNDA:0,(anonymous_0)
DA:6,0
DA:7,0
LF:2
LH:0
BRDA:14,0,0,0
BRDA:14,0,1,0
BRF:2
BRH:0
end_of_record
TN:
SF:src\components\Sidebar\Sidebar.jsx
FN:11,(anonymous_0)
FN:15,(anonymous_1)
FN:17,(anonymous_2)
FN:18,(anonymous_3)
FN:26,(anonymous_4)
FN:38,(anonymous_5)
FNF:6
FNH:0
FNDA:0,(anonymous_0)
FNDA:0,(anonymous_1)
FNDA:0,(anonymous_2)
FNDA:0,(anonymous_3)
FNDA:0,(anonymous_4)
FNDA:0,(anonymous_5)
DA:11,0
DA:12,0
DA:13,0
DA:15,0
DA:16,0
DA:18,0
DA:19,0
DA:24,0
DA:26,0
DA:32,0
DA:39,0
DA:40,0
LF:12
LH:0
BRDA:33,0,0,0
BRDA:33,0,1,0
BRF:2
BRH:0
end_of_record
TN:
SF:src\components\SuccessOrder\SuccessOrder.jsx
FN:7,(anonymous_0)
FN:19,(anonymous_1)
FN:19,(anonymous_2)
FN:23,(anonymous_3)
FNF:4
FNH:0
FNDA:0,(anonymous_0)
FNDA:0,(anonymous_1)
FNDA:0,(anonymous_2)
FNDA:0,(anonymous_3)
DA:7,0
DA:8,0
DA:10,0
DA:19,0
DA:23,0
LF:5
LH:0
BRF:0
BRH:0
end_of_record
TN:
SF:src\hooks\useDebounce.jsx
FN:3,useDebounce
FN:7,(anonymous_1)
FN:8,(anonymous_2)
FN:11,(anonymous_3)
FNF:4
FNH:0
FNDA:0,useDebounce
FNDA:0,(anonymous_1)
FNDA:0,(anonymous_2)
FNDA:0,(anonymous_3)
DA:4,0
DA:6,0
DA:8,0
DA:9,0
DA:11,0
DA:12,0
DA:17,0
LF:7
LH:0
BRF:0
BRH:0
end_of_record
TN:
SF:src\plugins\axios\api.js
FN:12,(anonymous_0)
FNF:1
FNH:0
FNDA:0,(anonymous_0)
DA:5,0
DA:12,0
DA:13,0
DA:14,0
LF:4
LH:0
BRDA:8,0,0,0
BRDA:8,0,1,0
BRDA:13,1,0,0
BRDA:13,1,1,0
BRDA:13,2,0,0
BRDA:13,2,1,0
BRF:6
BRH:0
end_of_record
TN:
SF:src\store\cart.js
FN:7,(anonymous_0)
FN:11,(anonymous_1)
FN:14,(anonymous_2)
FN:17,(anonymous_3)
FN:19,(anonymous_4)
FNF:5
FNH:0
FNDA:0,(anonymous_0)
FNDA:0,(anonymous_1)
FNDA:0,(anonymous_2)
FNDA:0,(anonymous_3)
FNDA:0,(anonymous_4)
DA:5,0
DA:6,0
DA:8,0
DA:9,0
DA:12,0
DA:15,0
DA:18,0
DA:20,0
LF:8
LH:0
BRDA:12,0,0,0
BRDA:12,0,1,0
BRF:2
BRH:0
end_of_record
TN:
SF:src\store\mapbox.js
FN:6,(anonymous_0)
FNF:1
FNH:0
FNDA:0,(anonymous_0)
DA:4,0
DA:5,0
DA:7,0
LF:3
LH:0
BRF:0
BRH:0
end_of_record
TN:
SF:src\store\sidebar.js
FN:6,(anonymous_0)
FN:9,(anonymous_1)
FNF:2
FNH:0
FNDA:0,(anonymous_0)
FNDA:0,(anonymous_1)
DA:4,0
DA:5,0
DA:7,0
DA:10,0
DA:11,0
LF:5
LH:0
BRDA:11,0,0,0
BRDA:11,0,1,0
BRF:2
BRH:0
end_of_record
TN:
SF:src\store\user.js
FN:14,(anonymous_0)
FN:19,(anonymous_1)
FN:26,(anonymous_2)
FN:29,(anonymous_3)
FN:35,(anonymous_4)
FN:40,(anonymous_5)
FNF:6
FNH:0
FNDA:0,(anonymous_0)
FNDA:0,(anonymous_1)
FNDA:0,(anonymous_2)
FNDA:0,(anonymous_3)
FNDA:0,(anonymous_4)
FNDA:0,(anonymous_5)
DA:10,0
DA:11,0
DA:12,0
DA:13,0
DA:15,0
DA:16,0
DA:17,0
DA:18,0
DA:20,0
DA:27,0
DA:30,0
DA:31,0
DA:32,0
DA:33,0
DA:36,0
DA:37,0
DA:38,0
DA:41,0
LF:18
LH:0
BRDA:16,0,0,0
BRDA:16,0,1,0
BRDA:17,1,0,0
BRDA:17,1,1,0
BRF:4
BRH:0
end_of_record
TN:
SF:src\views\MainPage.jsx
FN:8,(anonymous_0)
FN:11,(anonymous_1)
FN:13,(anonymous_2)
FN:56,(anonymous_3)
FN:57,(anonymous_4)
FNF:5
FNH:0
FNDA:0,(anonymous_0)
FNDA:0,(anonymous_1)
FNDA:0,(anonymous_2)
FNDA:0,(anonymous_3)
FNDA:0,(anonymous_4)
DA:8,0
DA:9,0
DA:10,0
DA:11,0
DA:12,0
DA:14,0
DA:20,0
DA:57,0
LF:8
LH:0
BRF:0
BRH:0
end_of_record
TN:
SF:src\views\CartPage\CartPage.jsx
FN:30,(anonymous_0)
FN:57,(anonymous_1)
FN:64,(anonymous_2)
FN:68,(anonymous_3)
FN:72,(anonymous_4)
FN:73,(anonymous_5)
FN:78,(anonymous_6)
FN:82,(anonymous_7)
FN:91,(anonymous_8)
FN:98,(anonymous_9)
FN:104,(anonymous_10)
FN:105,(anonymous_11)
FN:109,handlePickupClose
FN:114,(anonymous_13)
FN:116,(anonymous_14)
FN:121,(anonymous_15)
FN:127,(anonymous_16)
FN:131,handleChanges
FN:133,(anonymous_18)
FN:141,takeAddressHandler
FN:144,addNewAddress
FN:146,(anonymous_21)
FN:149,(anonymous_22)
FN:152,(anonymous_23)
FN:156,deleteItemFromCart
FN:159,(anonymous_25)
FN:161,(anonymous_26)
FN:165,(anonymous_27)
FN:169,createDeliveryOrder
FN:177,(anonymous_29)
FN:184,(anonymous_30)
FN:188,incremetCount
FN:193,(anonymous_32)
FN:195,(anonymous_33)
FN:205,decremetCount
FN:211,(anonymous_35)
FN:213,(anonymous_36)
FN:223,setOrderId
FN:226,sendChanges
FN:228,(anonymous_39)
FN:242,deleteAddress
FN:244,(anonymous_41)
FN:256,(anonymous_42)
FN:286,(anonymous_43)
FN:298,(anonymous_44)
FN:303,(anonymous_45)
FN:307,(anonymous_46)
FN:315,(anonymous_47)
FN:317,(anonymous_48)
FN:333,(anonymous_49)
FN:350,(anonymous_50)
FN:353,(anonymous_51)
FN:394,(anonymous_52)
FN:402,(anonymous_53)
FN:406,(anonymous_54)
FN:417,(anonymous_55)
FN:447,(anonymous_56)
FN:461,(anonymous_57)
FN:470,(anonymous_58)
FNF:59
FNH:0
FNDA:0,(anonymous_0)
FNDA:0,(anonymous_1)
FNDA:0,(anonymous_2)
FNDA:0,(anonymous_3)
FNDA:0,(anonymous_4)
FNDA:0,(anonymous_5)
FNDA:0,(anonymous_6)
FNDA:0,(anonymous_7)
FNDA:0,(anonymous_8)
FNDA:0,(anonymous_9)
FNDA:0,(anonymous_10)
FNDA:0,(anonymous_11)
FNDA:0,handlePickupClose
FNDA:0,(anonymous_13)
FNDA:0,(anonymous_14)
FNDA:0,(anonymous_15)
FNDA:0,(anonymous_16)
FNDA:0,handleChanges
FNDA:0,(anonymous_18)
FNDA:0,takeAddressHandler
FNDA:0,addNewAddress
FNDA:0,(anonymous_21)
FNDA:0,(anonymous_22)
FNDA:0,(anonymous_23)
FNDA:0,deleteItemFromCart
FNDA:0,(anonymous_25)
FNDA:0,(anonymous_26)
FNDA:0,(anonymous_27)
FNDA:0,createDeliveryOrder
FNDA:0,(anonymous_29)
FNDA:0,(anonymous_30)
FNDA:0,incremetCount
FNDA:0,(anonymous_32)
FNDA:0,(anonymous_33)
FNDA:0,decremetCount
FNDA:0,(anonymous_35)
FNDA:0,(anonymous_36)
FNDA:0,setOrderId
FNDA:0,sendChanges
FNDA:0,(anonymous_39)
FNDA:0,deleteAddress
FNDA:0,(anonymous_41)
FNDA:0,(anonymous_42)
FNDA:0,(anonymous_43)
FNDA:0,(anonymous_44)
FNDA:0,(anonymous_45)
FNDA:0,(anonymous_46)
FNDA:0,(anonymous_47)
FNDA:0,(anonymous_48)
FNDA:0,(anonymous_49)
FNDA:0,(anonymous_50)
FNDA:0,(anonymous_51)
FNDA:0,(anonymous_52)
FNDA:0,(anonymous_53)
FNDA:0,(anonymous_54)
FNDA:0,(anonymous_55)
FNDA:0,(anonymous_56)
FNDA:0,(anonymous_57)
FNDA:0,(anonymous_58)
DA:30,0
DA:31,0
DA:32,0
DA:33,0
DA:34,0
DA:35,0
DA:36,0
DA:37,0
DA:38,0
DA:39,0
DA:40,0
DA:41,0
DA:42,0
DA:43,0
DA:44,0
DA:45,0
DA:46,0
DA:47,0
DA:48,0
DA:49,0
DA:50,0
DA:51,0
DA:52,0
DA:53,0
DA:54,0
DA:56,0
DA:57,0
DA:58,0
DA:59,0
DA:64,0
DA:65,0
DA:66,0
DA:68,0
DA:69,0
DA:72,0
DA:73,0
DA:74,0
DA:75,0
DA:79,0
DA:80,0
DA:83,0
DA:84,0
DA:89,0
DA:90,0
DA:92,0
DA:93,0
DA:94,0
DA:95,0
DA:96,0
DA:99,0
DA:104,0
DA:105,0
DA:110,0
DA:114,0
DA:115,0
DA:117,0
DA:118,0
DA:120,0
DA:122,0
DA:123,0
DA:124,0
DA:128,0
DA:132,0
DA:134,0
DA:142,0
DA:145,0
DA:147,0
DA:148,0
DA:149,0
DA:150,0
DA:153,0
DA:158,0
DA:160,0
DA:161,0
DA:162,0
DA:170,0
DA:171,0
DA:178,0
DA:179,0
DA:180,0
DA:181,0
DA:185,0
DA:189,0
DA:194,0
DA:195,0
DA:196,0
DA:197,0
DA:199,0
DA:206,0
DA:207,0
DA:212,0
DA:213,0
DA:214,0
DA:215,0
DA:217,0
DA:224,0
DA:227,0
DA:228,0
DA:229,0
DA:230,0
DA:232,0
DA:236,0
DA:243,0
DA:245,0
DA:256,0
DA:278,0
DA:287,0
DA:298,0
DA:304,0
DA:308,0
DA:315,0
DA:317,0
DA:334,0
DA:351,0
DA:353,0
DA:394,0
DA:403,0
DA:407,0
DA:408,0
DA:418,0
DA:447,0
DA:462,0
DA:471,0
LF:123
LH:0
BRDA:58,0,0,0
BRDA:58,0,1,0
BRDA:58,1,0,0
BRDA:58,1,1,0
BRDA:74,2,0,0
BRDA:74,2,1,0
BRDA:75,3,0,0
BRDA:75,3,1,0
BRDA:89,4,0,0
BRDA:89,4,1,0
BRDA:123,5,0,0
BRDA:123,5,1,0
BRDA:134,6,0,0
BRDA:134,6,1,0
BRDA:147,7,0,0
BRDA:147,7,1,0
BRDA:160,8,0,0
BRDA:160,8,1,0
BRDA:178,9,0,0
BRDA:178,9,1,0
BRDA:194,10,0,0
BRDA:194,10,1,0
BRDA:196,11,0,0
BRDA:196,11,1,0
BRDA:206,12,0,0
BRDA:206,12,1,0
BRDA:212,13,0,0
BRDA:212,13,1,0
BRDA:214,14,0,0
BRDA:214,14,1,0
BRDA:227,15,0,0
BRDA:227,15,1,0
BRDA:229,16,0,0
BRDA:229,16,1,0
BRDA:245,17,0,0
BRDA:245,17,1,0
BRDA:280,18,0,0
BRDA:280,18,1,0
BRDA:325,19,0,0
BRDA:325,19,1,0
BRDA:347,20,0,0
BRDA:347,20,1,0
BRDA:361,21,0,0
BRDA:361,21,1,0
BRDA:374,22,0,0
BRDA:374,22,1,0
BRDA:392,23,0,0
BRDA:392,23,1,0
BRDA:408,24,0,0
BRDA:408,24,1,0
BRDA:410,25,0,0
BRDA:410,25,1,0
BRDA:444,26,0,0
BRDA:444,26,1,0
BRDA:453,27,0,0
BRDA:453,27,1,0
BRDA:454,28,0,0
BRDA:454,28,1,0
BRDA:454,29,0,0
BRDA:454,29,1,0
BRF:60
BRH:0
end_of_record
TN:
SF:src\views\CartPage\PickupOrder.jsx
FN:15,(anonymous_0)
FN:34,(anonymous_1)
FN:35,(anonymous_2)
FN:36,(anonymous_3)
FN:40,(anonymous_4)
FN:42,(anonymous_5)
FN:47,(anonymous_6)
FN:50,(anonymous_7)
FN:53,(anonymous_8)
FN:56,(anonymous_9)
FN:62,selectShop
FN:65,openMoreItems
FN:69,addMoreToCart
FN:71,(anonymous_13)
FN:73,(anonymous_14)
FN:78,requesAddToCartMore
FN:96,(anonymous_16)
FN:100,(anonymous_17)
FN:101,(anonymous_18)
FN:108,(anonymous_19)
FN:127,requesAddToCart
FN:130,(anonymous_21)
FN:142,(anonymous_22)
FN:143,(anonymous_23)
FN:155,getMorePosInShop
FN:157,(anonymous_25)
FN:161,(anonymous_26)
FN:167,createPickupOrder
FN:179,(anonymous_28)
FN:186,(anonymous_29)
FN:199,(anonymous_30)
FN:208,(anonymous_31)
FN:215,(anonymous_32)
FN:224,(anonymous_33)
FN:231,(anonymous_34)
FN:235,(anonymous_35)
FN:246,(anonymous_36)
FN:259,(anonymous_37)
FN:277,(anonymous_38)
FN:284,(anonymous_39)
FN:297,(anonymous_40)
FN:346,(anonymous_41)
FN:354,(anonymous_42)
FNF:43
FNH:0
FNDA:0,(anonymous_0)
FNDA:0,(anonymous_1)
FNDA:0,(anonymous_2)
FNDA:0,(anonymous_3)
FNDA:0,(anonymous_4)
FNDA:0,(anonymous_5)
FNDA:0,(anonymous_6)
FNDA:0,(anonymous_7)
FNDA:0,(anonymous_8)
FNDA:0,(anonymous_9)
FNDA:0,selectShop
FNDA:0,openMoreItems
FNDA:0,addMoreToCart
FNDA:0,(anonymous_13)
FNDA:0,(anonymous_14)
FNDA:0,requesAddToCartMore
FNDA:0,(anonymous_16)
FNDA:0,(anonymous_17)
FNDA:0,(anonymous_18)
FNDA:0,(anonymous_19)
FNDA:0,requesAddToCart
FNDA:0,(anonymous_21)
FNDA:0,(anonymous_22)
FNDA:0,(anonymous_23)
FNDA:0,getMorePosInShop
FNDA:0,(anonymous_25)
FNDA:0,(anonymous_26)
FNDA:0,createPickupOrder
FNDA:0,(anonymous_28)
FNDA:0,(anonymous_29)
FNDA:0,(anonymous_30)
FNDA:0,(anonymous_31)
FNDA:0,(anonymous_32)
FNDA:0,(anonymous_33)
FNDA:0,(anonymous_34)
FNDA:0,(anonymous_35)
FNDA:0,(anonymous_36)
FNDA:0,(anonymous_37)
FNDA:0,(anonymous_38)
FNDA:0,(anonymous_39)
FNDA:0,(anonymous_40)
FNDA:0,(anonymous_41)
FNDA:0,(anonymous_42)
DA:15,0
DA:16,0
DA:17,0
DA:18,0
DA:19,0
DA:20,0
DA:21,0
DA:22,0
DA:23,0
DA:24,0
DA:25,0
DA:26,0
DA:27,0
DA:28,0
DA:29,0
DA:30,0
DA:31,0
DA:34,0
DA:35,0
DA:36,0
DA:37,0
DA:38,0
DA:40,0
DA:42,0
DA:43,0
DA:44,0
DA:47,0
DA:50,0
DA:51,0
DA:52,0
DA:54,0
DA:57,0
DA:59,0
DA:63,0
DA:66,0
DA:67,0
DA:70,0
DA:71,0
DA:73,0
DA:74,0
DA:79,0
DA:80,0
DA:81,0
DA:82,0
DA:83,0
DA:84,0
DA:86,0
DA:87,0
DA:88,0
DA:89,0
DA:90,0
DA:94,0
DA:97,0
DA:101,0
DA:109,0
DA:110,0
DA:128,0
DA:131,0
DA:132,0
DA:135,0
DA:143,0
DA:150,0
DA:156,0
DA:158,0
DA:161,0
DA:162,0
DA:163,0
DA:168,0
DA:169,0
DA:170,0
DA:180,0
DA:181,0
DA:182,0
DA:183,0
DA:187,0
DA:191,0
DA:200,0
DA:201,0
DA:202,0
DA:203,0
DA:208,0
DA:209,0
DA:215,0
DA:221,0
DA:224,0
DA:232,0
DA:236,0
DA:247,0
DA:260,0
DA:278,0
DA:285,0
DA:297,0
DA:347,0
DA:354,0
LF:94
LH:0
BRDA:43,0,0,0
BRDA:43,0,1,0
BRDA:51,1,0,0
BRDA:51,1,1,0
BRDA:70,2,0,0
BRDA:70,2,1,0
BRDA:82,3,0,0
BRDA:82,3,1,0
BRDA:87,4,0,0
BRDA:87,4,1,0
BRDA:131,5,0,0
BRDA:131,5,1,0
BRDA:162,6,0,0
BRDA:162,6,1,0
BRDA:169,7,0,0
BRDA:169,7,1,0
BRDA:180,8,0,0
BRDA:180,8,1,0
BRDA:200,9,0,0
BRDA:200,9,1,0
BRDA:213,10,0,0
BRDA:213,10,1,0
BRDA:223,11,0,0
BRDA:223,11,1,0
BRDA:238,12,0,0
BRDA:238,12,1,0
BRDA:257,13,0,0
BRDA:257,13,1,0
BRDA:302,14,0,0
BRDA:302,14,1,0
BRDA:307,15,0,0
BRDA:307,15,1,0
BRDA:318,16,0,0
BRDA:318,16,1,0
BRF:34
BRH:0
end_of_record
TN:
SF:src\views\CategoryPage\CategoryPage.jsx
FN:10,(anonymous_0)
FN:17,(anonymous_1)
FN:19,(anonymous_2)
FN:24,addToCart
FN:29,(anonymous_4)
FN:32,(anonymous_5)
FN:40,deleteFromCart
FN:45,(anonymous_7)
FN:48,(anonymous_8)
FN:65,(anonymous_9)
FN:67,(anonymous_10)
FN:73,(anonymous_11)
FN:77,(anonymous_12)
FN:84,(anonymous_13)
FNF:14
FNH:0
FNDA:0,(anonymous_0)
FNDA:0,(anonymous_1)
FNDA:0,(anonymous_2)
FNDA:0,addToCart
FNDA:0,(anonymous_4)
FNDA:0,(anonymous_5)
FNDA:0,deleteFromCart
FNDA:0,(anonymous_7)
FNDA:0,(anonymous_8)
FNDA:0,(anonymous_9)
FNDA:0,(anonymous_10)
FNDA:0,(anonymous_11)
FNDA:0,(anonymous_12)
FNDA:0,(anonymous_13)
DA:10,0
DA:11,0
DA:12,0
DA:13,0
DA:14,0
DA:17,0
DA:18,0
DA:20,0
DA:25,0
DA:30,0
DA:31,0
DA:33,0
DA:36,0
DA:41,0
DA:46,0
DA:47,0
DA:49,0
DA:53,0
DA:57,0
DA:66,0
DA:67,0
DA:73,0
DA:78,0
DA:85,0
LF:24
LH:0
BRDA:30,0,0,0
BRDA:30,0,1,0
BRDA:33,1,0,0
BRDA:33,1,1,0
BRDA:46,2,0,0
BRDA:46,2,1,0
BRDA:49,3,0,0
BRDA:49,3,1,0
BRDA:76,4,0,0
BRDA:76,4,1,0
BRDA:83,5,0,0
BRDA:83,5,1,0
BRF:12
BRH:0
end_of_record
TN:
SF:src\views\ItemPage\ItemPage.jsx
FN:10,(anonymous_0)
FN:14,(anonymous_1)
FN:18,getData
FN:21,(anonymous_3)
FN:25,(anonymous_4)
FN:30,addToCart
FN:35,(anonymous_6)
FN:45,deleteFromCart
FN:50,(anonymous_8)
FN:67,(anonymous_9)
FN:83,(anonymous_10)
FN:90,(anonymous_11)
FNF:12
FNH:0
FNDA:0,(anonymous_0)
FNDA:0,(anonymous_1)
FNDA:0,getData
FNDA:0,(anonymous_3)
FNDA:0,(anonymous_4)
FNDA:0,addToCart
FNDA:0,(anonymous_6)
FNDA:0,deleteFromCart
FNDA:0,(anonymous_8)
FNDA:0,(anonymous_9)
FNDA:0,(anonymous_10)
FNDA:0,(anonymous_11)
DA:10,0
DA:11,0
DA:12,0
DA:13,0
DA:14,0
DA:15,0
DA:19,0
DA:22,0
DA:23,0
DA:26,0
DA:31,0
DA:38,0
DA:39,0
DA:40,0
DA:41,0
DA:46,0
DA:51,0
DA:52,0
DA:53,0
DA:55,0
DA:59,0
DA:68,0
DA:84,0
DA:91,0
LF:24
LH:0
BRDA:38,0,0,0
BRDA:38,0,1,0
BRDA:51,1,0,0
BRDA:51,1,1,0
BRDA:64,2,0,0
BRDA:64,2,1,0
BRDA:82,3,0,0
BRDA:82,3,1,0
BRDA:89,4,0,0
BRDA:89,4,1,0
BRF:10
BRH:0
end_of_record
TN:
SF:src\views\OrderItem\OrderItem.jsx
FN:8,(anonymous_0)
FN:16,(anonymous_1)
FN:17,(anonymous_2)
FN:20,(anonymous_3)
FN:23,(anonymous_4)
FN:27,(anonymous_5)
FN:32,selectItem
FN:63,(anonymous_7)
FN:81,(anonymous_8)
FNF:9
FNH:0
FNDA:0,(anonymous_0)
FNDA:0,(anonymous_1)
FNDA:0,(anonymous_2)
FNDA:0,(anonymous_3)
FNDA:0,(anonymous_4)
FNDA:0,(anonymous_5)
FNDA:0,selectItem
FNDA:0,(anonymous_7)
FNDA:0,(anonymous_8)
DA:8,0
DA:9,0
DA:10,0
DA:11,0
DA:12,0
DA:13,0
DA:14,0
DA:16,0
DA:17,0
DA:18,0
DA:19,0
DA:21,0
DA:24,0
DA:26,0
DA:28,0
DA:33,0
DA:34,0
DA:37,0
DA:64,0
DA:82,0
LF:20
LH:0
BRDA:39,0,0,0
BRDA:39,0,1,0
BRDA:54,1,0,0
BRDA:54,1,1,0
BRDA:54,2,0,0
BRDA:54,2,1,0
BRDA:60,3,0,0
BRDA:60,3,1,0
BRDA:74,4,0,0
BRDA:74,4,1,0
BRDA:80,5,0,0
BRDA:80,5,1,0
BRDA:92,6,0,0
BRDA:92,6,1,0
BRF:14
BRH:0
end_of_record
TN:
SF:src\views\OrderListPage\OrderListPage.jsx
FN:9,(anonymous_0)
FN:14,(anonymous_1)
FN:16,(anonymous_2)
FN:22,fetchData
FN:26,(anonymous_4)
FN:42,(anonymous_5)
FN:43,(anonymous_6)
FN:49,(anonymous_7)
FNF:8
FNH:0
FNDA:0,(anonymous_0)
FNDA:0,(anonymous_1)
FNDA:0,(anonymous_2)
FNDA:0,fetchData
FNDA:0,(anonymous_4)
FNDA:0,(anonymous_5)
FNDA:0,(anonymous_6)
FNDA:0,(anonymous_7)
DA:9,0
DA:10,0
DA:11,0
DA:12,0
DA:13,0
DA:14,0
DA:15,0
DA:17,0
DA:18,0
DA:19,0
DA:23,0
DA:24,0
DA:25,0
DA:27,0
DA:28,0
DA:29,0
DA:30,0
DA:35,0
DA:43,0
DA:44,0
DA:50,0
LF:21
LH:0
BRDA:56,0,0,0
BRDA:56,0,1,0
BRDA:68,1,0,0
BRDA:68,1,1,0
BRF:4
BRH:0
end_of_record
TN:
SF:src\views\SearchPage\SearchPage.jsx
FN:9,(anonymous_0)
FN:16,(anonymous_1)
FN:19,(anonymous_2)
FN:24,goToItem
FN:27,addToCart
FN:32,(anonymous_5)
FN:37,(anonymous_6)
FN:45,deleteFromCart
FN:50,(anonymous_8)
FN:53,(anonymous_9)
FN:74,(anonymous_10)
FN:76,(anonymous_11)
FN:78,(anonymous_12)
FN:82,(anonymous_13)
FN:89,(anonymous_14)
FNF:15
FNH:0
FNDA:0,(anonymous_0)
FNDA:0,(anonymous_1)
FNDA:0,(anonymous_2)
FNDA:0,goToItem
FNDA:0,addToCart
FNDA:0,(anonymous_5)
FNDA:0,(anonymous_6)
FNDA:0,deleteFromCart
FNDA:0,(anonymous_8)
FNDA:0,(anonymous_9)
FNDA:0,(anonymous_10)
FNDA:0,(anonymous_11)
FNDA:0,(anonymous_12)
FNDA:0,(anonymous_13)
FNDA:0,(anonymous_14)
DA:9,0
DA:10,0
DA:14,0
DA:15,0
DA:16,0
DA:17,0
DA:18,0
DA:20,0
DA:25,0
DA:28,0
DA:35,0
DA:36,0
DA:38,0
DA:41,0
DA:46,0
DA:51,0
DA:52,0
DA:54,0
DA:58,0
DA:63,0
DA:75,0
DA:76,0
DA:78,0
DA:83,0
DA:90,0
LF:25
LH:0
BRDA:35,0,0,0
BRDA:35,0,1,0
BRDA:38,1,0,0
BRDA:38,1,1,0
BRDA:51,2,0,0
BRDA:51,2,1,0
BRDA:54,3,0,0
BRDA:54,3,1,0
BRDA:71,4,0,0
BRDA:71,4,1,0
BRDA:81,5,0,0
BRDA:81,5,1,0
BRDA:88,6,0,0
BRDA:88,6,1,0
BRF:14
BRH:0
end_of_record
